<?xml version="1.0" encoding="UTF-8"?>
<testsuites name="DragAndDrop application" time="490.355" tests="33" failures="1" skips="0" errors="0">
   <testsuite name="DragAndDrop application" tests="33" failures="1" errors="0" time="490.355" skips="0" timestamp="2021-09-10 15:45:15" hostname="loantran - localhost" id="Test Suites/Simulators/DragAndDrop application">
      <properties>
         <property name="deviceName" value="iPad (8th generation)"/>
         <property name="devicePlatform" value=""/>
         <property name="logFolder" value="/Users/loantran/Documents/mobile-samples-iOS/Reports/20210910_154512/Simulators/DragAndDrop application/20210910_154512"/>
         <property name="logFiles" value="/Users/loantran/Documents/mobile-samples-iOS/Reports/20210910_154512/Simulators/DragAndDrop application/20210910_154512/execution0.log, /Users/loantran/Documents/mobile-samples-iOS/Reports/20210910_154512/Simulators/DragAndDrop application/20210910_154512/appium.log, /Users/loantran/Documents/mobile-samples-iOS/Reports/20210910_154512/Simulators/DragAndDrop application/20210910_154512/appium-proxy-server.log"/>
         <property name="attachments" value="Screenshots/Katalon/katalon753.png, Screenshots/Katalon/katalon753.png, /Users/loantran/Documents/mobile-samples-iOS/Reports/20210910_154512/Simulators/DragAndDrop application/20210910_154512/1631263597895.png, /Users/loantran/Documents/mobile-samples-iOS/Reports/20210910_154512/Simulators/DragAndDrop application/20210910_154512/1631263598128.png, /Users/loantran/Documents/mobile-samples-iOS/Reports/20210910_154512/Simulators/DragAndDrop application/20210910_154512/1631263632323.png, /Users/loantran/Documents/mobile-samples-iOS/Reports/20210910_154512/Simulators/DragAndDrop application/20210910_154512/1631263632638.png, /Users/loantran/Documents/mobile-samples-iOS/Reports/20210910_154512/Simulators/DragAndDrop application/20210910_154512/1631263691617.png, /Users/loantran/Documents/mobile-samples-iOS/Reports/20210910_154512/Simulators/DragAndDrop application/20210910_154512/1631263691845.png, /Users/loantran/Documents/mobile-samples-iOS/Reports/20210910_154512/Simulators/DragAndDrop application/20210910_154512/1631263738253.png, /Users/loantran/Documents/mobile-samples-iOS/Reports/20210910_154512/Simulators/DragAndDrop application/20210910_154512/1631263788460.png, /Users/loantran/Documents/mobile-samples-iOS/Reports/20210910_154512/Simulators/DragAndDrop application/20210910_154512/1631263788685.png, /Users/loantran/Documents/mobile-samples-iOS/Reports/20210910_154512/Simulators/DragAndDrop application/20210910_154512/1631263796187.png, /Users/loantran/Documents/mobile-samples-iOS/Reports/20210910_154512/Simulators/DragAndDrop application/20210910_154512/1631263796439.png, /Users/loantran/Documents/mobile-samples-iOS/Reports/20210910_154512/Simulators/DragAndDrop application/20210910_154512/1631263896368.png, /Users/loantran/Documents/mobile-samples-iOS/Reports/20210910_154512/Simulators/DragAndDrop application/20210910_154512/1631263896613.png, /Users/loantran/Documents/mobile-samples-iOS/Reports/20210910_154512/Simulators/DragAndDrop application/20210910_154512/1631263925805.png, /Users/loantran/Documents/mobile-samples-iOS/Reports/20210910_154512/Simulators/DragAndDrop application/20210910_154512/1631263926124.png, /Users/loantran/Documents/mobile-samples-iOS/Reports/20210910_154512/Simulators/DragAndDrop application/20210910_154512/1631263996312.png, /Users/loantran/Documents/mobile-samples-iOS/Reports/20210910_154512/Simulators/DragAndDrop application/20210910_154512/1631263996558.png, /Users/loantran/Documents/mobile-samples-iOS/Reports/20210910_154512/Simulators/DragAndDrop application/20210910_154512/1631263998357.png"/>
         <property name="hostName" value="loantran - localhost"/>
         <property name="os" value="Mac OS X 64bit"/>
         <property name="appiumServerStatus" value="{&quot;value&quot;:{&quot;build&quot;:{&quot;version&quot;:&quot;1.21.0&quot;}},&quot;sessionId&quot;:null,&quot;status&quot;:0}"/>
         <property name="katalonVersion" value="7.9.1.208"/>
         <property name="deviceOS" value="iOS"/>
         <property name="appiumVersion" value="1.21.0"/>
         <property name="deviceModel" value="Not available for Simulator"/>
         <property name="hostAddress" value="127.0.0.1"/>
         <property name="deviceManufacturer" value="Apple"/>
         <property name="deviceId" value="null"/>
         <property name="deviceName" value="iPad (8th generation)"/>
         <property name="deviceOSVersion" value="14.5"/>
      </properties>
      <testcase name="Test Cases/All test cases/Start Exsting Application" time="22.797" classname="Test Cases/All test cases/Start Exsting Application" status="PASSED">
         <system-out><![CDATA[2021-09-10 15:45:38 - [TEST_CASE][PASSED] - Test Cases/All test cases/Start Exsting Application: Test Cases/All test cases/Start Exsting Application

2021-09-10 15:45:38 - [TEST_STEP][PASSED] - pressHome(): Home button is pressed

2021-09-10 15:45:38 - [MESSAGE][PASSED] - Home button is pressed

2021-09-10 15:45:38 - [TEST_STEP][PASSED] - startExistingApplication(dragAndDropAppsBundleId): Starting app with application ID: 'com.alfianlosari.DragAndDrop'

2021-09-10 15:45:54 - [MESSAGE][PASSED] - Starting app with application ID: 'com.alfianlosari.DragAndDrop'

2021-09-10 15:45:54 - [TEST_STEP][PASSED] - verifyElementExist(findTestObject("DragAndDropApps/Clear text/XCUIElementTypeStaticText - Add"), 0): Element 'Object Repository/DragAndDropApps/Clear text/XCUIElementTypeStaticText - Add' is exist

2021-09-10 15:45:54 - [MESSAGE][WARNING] - Timeout '0' is invalid. Using default page load timeout: '30'

2021-09-10 15:45:55 - [MESSAGE][PASSED] - Element 'Object Repository/DragAndDropApps/Clear text/XCUIElementTypeStaticText - Add' is exist

2021-09-10 15:45:55 - [TEST_STEP][PASSED] - Start tear down : tearDownTestCase: Method 'tearDownTestCase' complete successfully

2021-09-10 15:45:55 - [TEST_STEP][PASSED] - driver = getDriver(): null

2021-09-10 15:45:55 - [TEST_STEP][PASSED] - driver.resetApp(): null

2021-09-10 15:46:00 - [MESSAGE][PASSED] - Method 'tearDownTestCase' complete successfully]]></system-out>
         <system-err><![CDATA[]]></system-err>
      </testcase>
      <testcase name="Test Cases/All test cases/Tap at position" time="11.684" classname="Test Cases/All test cases/Tap at position" status="PASSED">
         <system-out><![CDATA[2021-09-10 15:46:00 - [TEST_CASE][PASSED] - Test Cases/All test cases/Tap at position: Test Cases/All test cases/Tap at position

2021-09-10 15:46:01 - [TEST_STEP][PASSED] - elem = findTestObject("DragAndDropApps/Clear text/XCUIElementTypeStaticText - Add"): null

2021-09-10 15:46:01 - [TEST_STEP][PASSED] - x = getElementLeftPosition(elem, 5) + 3: Object 'Object Repository/DragAndDropApps/Clear text/XCUIElementTypeStaticText - Add' has left position '114'

2021-09-10 15:46:02 - [MESSAGE][PASSED] - Object 'Object Repository/DragAndDropApps/Clear text/XCUIElementTypeStaticText - Add' has left position '114'

2021-09-10 15:46:02 - [TEST_STEP][PASSED] - y = getElementTopPosition(elem, 5) - 3: Object 'Object Repository/DragAndDropApps/Clear text/XCUIElementTypeStaticText - Add' has top position '156'

2021-09-10 15:46:03 - [MESSAGE][PASSED] - Object 'Object Repository/DragAndDropApps/Clear text/XCUIElementTypeStaticText - Add' has top position '156'

2021-09-10 15:46:03 - [TEST_STEP][PASSED] - tapAtPosition(x, y): Tapped at [117, 153]

2021-09-10 15:46:04 - [MESSAGE][PASSED] - Tapped at [117, 153]

2021-09-10 15:46:04 - [TEST_STEP][PASSED] - lblAddItem = findTestObject("DragAndDropApps/Tap/XCUIElementTypeStaticText - Add Item"): null

2021-09-10 15:46:04 - [TEST_STEP][PASSED] - verifyElementExist(lblAddItem, 0): Element 'Object Repository/DragAndDropApps/Tap/XCUIElementTypeStaticText - Add Item' is exist

2021-09-10 15:46:04 - [MESSAGE][WARNING] - Timeout '0' is invalid. Using default page load timeout: '30'

2021-09-10 15:46:07 - [MESSAGE][PASSED] - Element 'Object Repository/DragAndDropApps/Tap/XCUIElementTypeStaticText - Add Item' is exist

2021-09-10 15:46:07 - [TEST_STEP][PASSED] - Start tear down : tearDownTestCase: Method 'tearDownTestCase' complete successfully

2021-09-10 15:46:07 - [TEST_STEP][PASSED] - driver = getDriver(): null

2021-09-10 15:46:07 - [TEST_STEP][PASSED] - driver.resetApp(): null

2021-09-10 15:46:12 - [MESSAGE][PASSED] - Method 'tearDownTestCase' complete successfully]]></system-out>
         <system-err><![CDATA[]]></system-err>
      </testcase>
      <testcase name="Test Cases/All test cases/Get device OS" time="5.474" classname="Test Cases/All test cases/Get device OS" status="PASSED">
         <system-out><![CDATA[2021-09-10 15:46:12 - [TEST_CASE][PASSED] - Test Cases/All test cases/Get device OS: Test Cases/All test cases/Get device OS

2021-09-10 15:46:12 - [TEST_STEP][PASSED] - deviceOS = getDeviceOS(): Device OS name is: 'iOS'

2021-09-10 15:46:12 - [MESSAGE][PASSED] - Device OS name is: 'iOS'

2021-09-10 15:46:12 - [TEST_STEP][PASSED] - verifyMatch(deviceOS, "iOS", false): Actual text 'iOS' and expected text 'iOS' are matched 

2021-09-10 15:46:12 - [MESSAGE][PASSED] - Actual text 'iOS' and expected text 'iOS' are matched 

2021-09-10 15:46:12 - [TEST_STEP][PASSED] - Start tear down : tearDownTestCase: Method 'tearDownTestCase' complete successfully

2021-09-10 15:46:12 - [TEST_STEP][PASSED] - driver = getDriver(): null

2021-09-10 15:46:12 - [TEST_STEP][PASSED] - driver.resetApp(): null

2021-09-10 15:46:18 - [MESSAGE][PASSED] - Method 'tearDownTestCase' complete successfully]]></system-out>
         <system-err><![CDATA[]]></system-err>
      </testcase>
      <testcase name="Test Cases/All test cases/Get device height" time="5.611" classname="Test Cases/All test cases/Get device height" status="PASSED">
         <system-out><![CDATA[2021-09-10 15:46:18 - [TEST_CASE][PASSED] - Test Cases/All test cases/Get device height: Test Cases/All test cases/Get device height

2021-09-10 15:46:18 - [TEST_STEP][PASSED] - deviceHeight = getDeviceHeight(): Current device physical height is 1080

2021-09-10 15:46:18 - [MESSAGE][PASSED] - Current device physical height is 1080

2021-09-10 15:46:18 - [TEST_STEP][PASSED] - verifyMatch(deviceHeight, dragAndDropAppsDeviceHeight, false): Actual text '1080' and expected text '1080' are matched 

2021-09-10 15:46:18 - [MESSAGE][PASSED] - Actual text '1080' and expected text '1080' are matched 

2021-09-10 15:46:18 - [TEST_STEP][PASSED] - Start tear down : tearDownTestCase: Method 'tearDownTestCase' complete successfully

2021-09-10 15:46:18 - [TEST_STEP][PASSED] - driver = getDriver(): null

2021-09-10 15:46:18 - [TEST_STEP][PASSED] - driver.resetApp(): null

2021-09-10 15:46:23 - [MESSAGE][PASSED] - Method 'tearDownTestCase' complete successfully]]></system-out>
         <system-err><![CDATA[]]></system-err>
      </testcase>
      <testcase name="Test Cases/All test cases/Get current orientation" time="5.396" classname="Test Cases/All test cases/Get current orientation" status="PASSED">
         <system-out><![CDATA[2021-09-10 15:46:23 - [TEST_CASE][PASSED] - Test Cases/All test cases/Get current orientation: Test Cases/All test cases/Get current orientation

2021-09-10 15:46:24 - [TEST_STEP][PASSED] - orientation = getCurrentOrientation(): Current screen orientation of the device is 'portrait'

2021-09-10 15:46:24 - [MESSAGE][PASSED] - Current screen orientation of the device is 'portrait'

2021-09-10 15:46:24 - [TEST_STEP][PASSED] - verifyMatch(orientation, "portrait", false): Actual text 'portrait' and expected text 'portrait' are matched 

2021-09-10 15:46:24 - [MESSAGE][PASSED] - Actual text 'portrait' and expected text 'portrait' are matched 

2021-09-10 15:46:24 - [TEST_STEP][PASSED] - Start tear down : tearDownTestCase: Method 'tearDownTestCase' complete successfully

2021-09-10 15:46:24 - [TEST_STEP][PASSED] - driver = getDriver(): null

2021-09-10 15:46:24 - [TEST_STEP][PASSED] - driver.resetApp(): null

2021-09-10 15:46:29 - [MESSAGE][PASSED] - Method 'tearDownTestCase' complete successfully]]></system-out>
         <system-err><![CDATA[]]></system-err>
      </testcase>
      <testcase name="Test Cases/All test cases/Take screenshot" time="5.897" classname="Test Cases/All test cases/Take screenshot" status="PASSED">
         <system-out><![CDATA[2021-09-10 15:46:29 - [TEST_CASE][PASSED] - Test Cases/All test cases/Take screenshot: Test Cases/All test cases/Take screenshot

2021-09-10 15:46:29 - [TEST_STEP][PASSED] - uniqueString = toString().substring(0, 3): null

2021-09-10 15:46:29 - [TEST_STEP][PASSED] - expectedFilename = currentProjDir + "/Screenshots/Appiumdriver/driver" + uniqueString + ".png": null

2021-09-10 15:46:29 - [TEST_STEP][PASSED] - webdriver.screenshot.TakeScreenshot.takeScreenshot(expectedFilename, STOP_ON_FAILURE): webdriver.screenshot.TakeScreenshot.takeScreenshot is PASSED

2021-09-10 15:46:29 - [MESSAGE][PASSED] - webdriver.screenshot.TakeScreenshot.takeScreenshot is PASSED

2021-09-10 15:46:29 - [TEST_STEP][PASSED] - takeScreenshot("Screenshots/Katalon/katalon" + uniqueString + ".png"): Screenshot is taken

2021-09-10 15:46:29 - [MESSAGE][PASSED] - Screenshot is taken
[[ATTACHMENT|Screenshots/Katalon/katalon753.png]]

2021-09-10 15:46:29 - [MESSAGE][PASSED] - Screenshot is taken
[[ATTACHMENT|Screenshots/Katalon/katalon753.png]]

2021-09-10 15:46:29 - [TEST_STEP][PASSED] - actualFilename = currentProjDir + "/Screenshots/Katalon/katalon" + uniqueString + ".png": null

2021-09-10 15:46:29 - [TEST_STEP][PASSED] - katalon.verifyImage.ImageComparison.areMatched(expectedFilename, actualFilename, CONTINUE_ON_FAILURE): katalon.verifyImage.ImageComparison.areMatched is PASSED

2021-09-10 15:46:29 - [MESSAGE][INFO] - Verify the image at location: /Users/loantran/Documents/mobile-samples-iOS/Screenshots/Appiumdriver/driver753.png is matched to the other image at: /Users/loantran/Documents/mobile-samples-iOS/Screenshots/Katalon/katalon753.png

2021-09-10 15:46:30 - [MESSAGE][PASSED] - katalon.verifyImage.ImageComparison.areMatched is PASSED

2021-09-10 15:46:30 - [TEST_STEP][PASSED] - Start tear down : tearDownTestCase: Method 'tearDownTestCase' complete successfully

2021-09-10 15:46:30 - [TEST_STEP][PASSED] - driver = getDriver(): null

2021-09-10 15:46:30 - [TEST_STEP][PASSED] - driver.resetApp(): null

2021-09-10 15:46:35 - [MESSAGE][PASSED] - Method 'tearDownTestCase' complete successfully]]></system-out>
         <system-err><![CDATA[]]></system-err>
      </testcase>
      <testcase name="Test Cases/All test cases/Verify element attribute" time="8.301" classname="Test Cases/All test cases/Verify element attribute" status="PASSED">
         <system-out><![CDATA[2021-09-10 15:46:35 - [TEST_CASE][PASSED] - Test Cases/All test cases/Verify element attribute: Test Cases/All test cases/Verify element attribute

2021-09-10 15:46:35 - [TEST_STEP][PASSED] - btnAdd = findTestObject("DragAndDropApps/Clear text/XCUIElementTypeStaticText - Add"): null

2021-09-10 15:46:35 - [TEST_STEP][PASSED] - try: Object 'Object Repository/DragAndDropApps/Clear text/XCUIElementTypeStaticText - Add' has attribute 'name' with value 'Add'

2021-09-10 15:46:35 - [TEST_STEP][PASSED] - verifyElementAttributeValue(btnAdd, "name", "Add", 0): Object 'Object Repository/DragAndDropApps/Clear text/XCUIElementTypeStaticText - Add' has attribute 'name' with value 'Add'

2021-09-10 15:46:35 - [MESSAGE][WARNING] - Timeout '0' is invalid. Using default page load timeout: '30'

2021-09-10 15:46:36 - [MESSAGE][PASSED] - Object 'Object Repository/DragAndDropApps/Clear text/XCUIElementTypeStaticText - Add' has attribute 'name' with value 'Add'

2021-09-10 15:46:36 - [TEST_STEP][FAILED] - try: Unable to verify if object 'Object Repository/DragAndDropApps/Clear text/XCUIElementTypeStaticText - Add' has attribute 'name' with value 'add' (Root cause: com.kms.katalon.core.exception.StepFailedException: Object 'Object Repository/DragAndDropApps/Clear text/XCUIElementTypeStaticText - Add' has attribute 'name' with actual value 'Add' instead of expected value 'add'
	at com.kms.katalon.core.keyword.internal.KeywordMain.stepFailed(KeywordMain.groovy:50)
	at com.kms.katalon.core.mobile.keyword.internal.MobileKeywordMain.stepFailed(MobileKeywordMain.groovy:40)
	at com.kms.katalon.core.mobile.keyword.builtin.VerifyElementAttributeValueKeyword$_verifyElementAttributeValue_closure1.doCall(VerifyElementAttributeValueKeyword.groovy:90)
	at com.kms.katalon.core.mobile.keyword.builtin.VerifyElementAttributeValueKeyword$_verifyElementAttributeValue_closure1.call(VerifyElementAttributeValueKeyword.groovy)
	at com.kms.katalon.core.mobile.keyword.internal.MobileKeywordMain.runKeyword(MobileKeywordMain.groovy:21)
	at com.kms.katalon.core.mobile.keyword.builtin.VerifyElementAttributeValueKeyword.verifyElementAttributeValue(VerifyElementAttributeValueKeyword.groovy:97)
	at com.kms.katalon.core.mobile.keyword.builtin.VerifyElementAttributeValueKeyword.execute(VerifyElementAttributeValueKeyword.groovy:67)
	at com.kms.katalon.core.keyword.internal.KeywordExecutor.executeKeywordForPlatform(KeywordExecutor.groovy:73)
	at com.kms.katalon.core.mobile.keyword.MobileBuiltInKeywords.verifyElementAttributeValue(MobileBuiltInKeywords.groovy:2044)
	at com.kms.katalon.core.mobile.keyword.MobileBuiltInKeywords$verifyElementAttributeValue$10.call(Unknown Source)
	at Verify element attribute.run(Verify element attribute:33)
	at com.kms.katalon.core.main.ScriptEngine.run(ScriptEngine.java:194)
	at com.kms.katalon.core.main.ScriptEngine.runScriptAsRawText(ScriptEngine.java:119)
	at com.kms.katalon.core.main.TestCaseExecutor.runScript(TestCaseExecutor.java:398)
	at com.kms.katalon.core.main.TestCaseExecutor.doExecute(TestCaseExecutor.java:389)
	at com.kms.katalon.core.main.TestCaseExecutor.processExecutionPhase(TestCaseExecutor.java:368)
	at com.kms.katalon.core.main.TestCaseExecutor.accessMainPhase(TestCaseExecutor.java:360)
	at com.kms.katalon.core.main.TestCaseExecutor.execute(TestCaseExecutor.java:255)
	at com.kms.katalon.core.main.TestSuiteExecutor.accessTestCaseMainPhase(TestSuiteExecutor.java:203)
	at com.kms.katalon.core.main.TestSuiteExecutor.accessTestSuiteMainPhase(TestSuiteExecutor.java:152)
	at com.kms.katalon.core.main.TestSuiteExecutor.execute(TestSuiteExecutor.java:95)
	at com.kms.katalon.core.main.TestCaseMain.startTestSuite(TestCaseMain.java:157)
	at com.kms.katalon.core.main.TestCaseMain$startTestSuite$0.call(Unknown Source)
	at TempTestSuite1631263512261.run(TempTestSuite1631263512261.groovy:39)
)

2021-09-10 15:46:36 - [TEST_STEP][FAILED] - verifyElementAttributeValue(btnAdd, "name", "add", 0): Unable to verify if object 'Object Repository/DragAndDropApps/Clear text/XCUIElementTypeStaticText - Add' has attribute 'name' with value 'add' (Root cause: com.kms.katalon.core.exception.StepFailedException: Object 'Object Repository/DragAndDropApps/Clear text/XCUIElementTypeStaticText - Add' has attribute 'name' with actual value 'Add' instead of expected value 'add'
	at com.kms.katalon.core.keyword.internal.KeywordMain.stepFailed(KeywordMain.groovy:50)
	at com.kms.katalon.core.mobile.keyword.internal.MobileKeywordMain.stepFailed(MobileKeywordMain.groovy:40)
	at com.kms.katalon.core.mobile.keyword.builtin.VerifyElementAttributeValueKeyword$_verifyElementAttributeValue_closure1.doCall(VerifyElementAttributeValueKeyword.groovy:90)
	at com.kms.katalon.core.mobile.keyword.builtin.VerifyElementAttributeValueKeyword$_verifyElementAttributeValue_closure1.call(VerifyElementAttributeValueKeyword.groovy)
	at com.kms.katalon.core.mobile.keyword.internal.MobileKeywordMain.runKeyword(MobileKeywordMain.groovy:21)
	at com.kms.katalon.core.mobile.keyword.builtin.VerifyElementAttributeValueKeyword.verifyElementAttributeValue(VerifyElementAttributeValueKeyword.groovy:97)
	at com.kms.katalon.core.mobile.keyword.builtin.VerifyElementAttributeValueKeyword.execute(VerifyElementAttributeValueKeyword.groovy:67)
	at com.kms.katalon.core.keyword.internal.KeywordExecutor.executeKeywordForPlatform(KeywordExecutor.groovy:73)
	at com.kms.katalon.core.mobile.keyword.MobileBuiltInKeywords.verifyElementAttributeValue(MobileBuiltInKeywords.groovy:2044)
	at com.kms.katalon.core.mobile.keyword.MobileBuiltInKeywords$verifyElementAttributeValue$10.call(Unknown Source)
	at Verify element attribute.run(Verify element attribute:33)
	at com.kms.katalon.core.main.ScriptEngine.run(ScriptEngine.java:194)
	at com.kms.katalon.core.main.ScriptEngine.runScriptAsRawText(ScriptEngine.java:119)
	at com.kms.katalon.core.main.TestCaseExecutor.runScript(TestCaseExecutor.java:398)
	at com.kms.katalon.core.main.TestCaseExecutor.doExecute(TestCaseExecutor.java:389)
	at com.kms.katalon.core.main.TestCaseExecutor.processExecutionPhase(TestCaseExecutor.java:368)
	at com.kms.katalon.core.main.TestCaseExecutor.accessMainPhase(TestCaseExecutor.java:360)
	at com.kms.katalon.core.main.TestCaseExecutor.execute(TestCaseExecutor.java:255)
	at com.kms.katalon.core.main.TestSuiteExecutor.accessTestCaseMainPhase(TestSuiteExecutor.java:203)
	at com.kms.katalon.core.main.TestSuiteExecutor.accessTestSuiteMainPhase(TestSuiteExecutor.java:152)
	at com.kms.katalon.core.main.TestSuiteExecutor.execute(TestSuiteExecutor.java:95)
	at com.kms.katalon.core.main.TestCaseMain.startTestSuite(TestCaseMain.java:157)
	at com.kms.katalon.core.main.TestCaseMain$startTestSuite$0.call(Unknown Source)
	at TempTestSuite1631263512261.run(TempTestSuite1631263512261.groovy:39)
)

2021-09-10 15:46:36 - [MESSAGE][WARNING] - Timeout '0' is invalid. Using default page load timeout: '30'

2021-09-10 15:46:38 - [MESSAGE][FAILED] - Object 'Object Repository/DragAndDropApps/Clear text/XCUIElementTypeStaticText - Add' has attribute 'name' with actual value 'Add' instead of expected value 'add'
[[ATTACHMENT|/Users/loantran/Documents/mobile-samples-iOS/Reports/20210910_154512/Simulators/DragAndDrop application/20210910_154512/1631263597895.png]]

2021-09-10 15:46:38 - [MESSAGE][FAILED] - Unable to verify if object 'Object Repository/DragAndDropApps/Clear text/XCUIElementTypeStaticText - Add' has attribute 'name' with value 'add' (Root cause: com.kms.katalon.core.exception.StepFailedException: Object 'Object Repository/DragAndDropApps/Clear text/XCUIElementTypeStaticText - Add' has attribute 'name' with actual value 'Add' instead of expected value 'add'
	at com.kms.katalon.core.keyword.internal.KeywordMain.stepFailed(KeywordMain.groovy:50)
	at com.kms.katalon.core.mobile.keyword.internal.MobileKeywordMain.stepFailed(MobileKeywordMain.groovy:40)
	at com.kms.katalon.core.mobile.keyword.builtin.VerifyElementAttributeValueKeyword$_verifyElementAttributeValue_closure1.doCall(VerifyElementAttributeValueKeyword.groovy:90)
	at com.kms.katalon.core.mobile.keyword.builtin.VerifyElementAttributeValueKeyword$_verifyElementAttributeValue_closure1.call(VerifyElementAttributeValueKeyword.groovy)
	at com.kms.katalon.core.mobile.keyword.internal.MobileKeywordMain.runKeyword(MobileKeywordMain.groovy:21)
	at com.kms.katalon.core.mobile.keyword.builtin.VerifyElementAttributeValueKeyword.verifyElementAttributeValue(VerifyElementAttributeValueKeyword.groovy:97)
	at com.kms.katalon.core.mobile.keyword.builtin.VerifyElementAttributeValueKeyword.execute(VerifyElementAttributeValueKeyword.groovy:67)
	at com.kms.katalon.core.keyword.internal.KeywordExecutor.executeKeywordForPlatform(KeywordExecutor.groovy:73)
	at com.kms.katalon.core.mobile.keyword.MobileBuiltInKeywords.verifyElementAttributeValue(MobileBuiltInKeywords.groovy:2044)
	at com.kms.katalon.core.mobile.keyword.MobileBuiltInKeywords$verifyElementAttributeValue$10.call(Unknown Source)
	at Verify element attribute.run(Verify element attribute:33)
	at com.kms.katalon.core.main.ScriptEngine.run(ScriptEngine.java:194)
	at com.kms.katalon.core.main.ScriptEngine.runScriptAsRawText(ScriptEngine.java:119)
	at com.kms.katalon.core.main.TestCaseExecutor.runScript(TestCaseExecutor.java:398)
	at com.kms.katalon.core.main.TestCaseExecutor.doExecute(TestCaseExecutor.java:389)
	at com.kms.katalon.core.main.TestCaseExecutor.processExecutionPhase(TestCaseExecutor.java:368)
	at com.kms.katalon.core.main.TestCaseExecutor.accessMainPhase(TestCaseExecutor.java:360)
	at com.kms.katalon.core.main.TestCaseExecutor.execute(TestCaseExecutor.java:255)
	at com.kms.katalon.core.main.TestSuiteExecutor.accessTestCaseMainPhase(TestSuiteExecutor.java:203)
	at com.kms.katalon.core.main.TestSuiteExecutor.accessTestSuiteMainPhase(TestSuiteExecutor.java:152)
	at com.kms.katalon.core.main.TestSuiteExecutor.execute(TestSuiteExecutor.java:95)
	at com.kms.katalon.core.main.TestCaseMain.startTestSuite(TestCaseMain.java:157)
	at com.kms.katalon.core.main.TestCaseMain$startTestSuite$0.call(Unknown Source)
	at TempTestSuite1631263512261.run(TempTestSuite1631263512261.groovy:39)
)
[[ATTACHMENT|/Users/loantran/Documents/mobile-samples-iOS/Reports/20210910_154512/Simulators/DragAndDrop application/20210910_154512/1631263598128.png]]

2021-09-10 15:46:38 - [TEST_STEP][PASSED] - catch (Exception e): null

2021-09-10 15:46:38 - [TEST_STEP][PASSED] - assert true: null

2021-09-10 15:46:38 - [TEST_STEP][PASSED] - Start tear down : tearDownTestCase: Method 'tearDownTestCase' complete successfully

2021-09-10 15:46:38 - [TEST_STEP][PASSED] - driver = getDriver(): null

2021-09-10 15:46:38 - [TEST_STEP][PASSED] - driver.resetApp(): null

2021-09-10 15:46:43 - [MESSAGE][PASSED] - Method 'tearDownTestCase' complete successfully]]></system-out>
         <system-err><![CDATA[]]></system-err>
      </testcase>
      <testcase name="Test Cases/All test cases/Run iOS app in background and wait" time="13.54" classname="Test Cases/All test cases/Run iOS app in background and wait" status="PASSED">
         <system-out><![CDATA[2021-09-10 15:46:43 - [TEST_CASE][PASSED] - Test Cases/All test cases/Run iOS app in background and wait: Test Cases/All test cases/Run iOS app in background and wait

2021-09-10 15:46:43 - [TEST_STEP][PASSED] - runIOSAppInBackgroundAndWait(7): Run iOS app passed

2021-09-10 15:46:52 - [MESSAGE][PASSED] - Run iOS app passed

2021-09-10 15:46:52 - [TEST_STEP][PASSED] - Start tear down : tearDownTestCase: Method 'tearDownTestCase' complete successfully

2021-09-10 15:46:52 - [TEST_STEP][PASSED] - driver = getDriver(): null

2021-09-10 15:46:52 - [TEST_STEP][PASSED] - driver.resetApp(): null

2021-09-10 15:46:56 - [MESSAGE][PASSED] - Method 'tearDownTestCase' complete successfully]]></system-out>
         <system-err><![CDATA[]]></system-err>
      </testcase>
      <testcase name="Test Cases/All test cases/Get element left position" time="6.57" classname="Test Cases/All test cases/Get element left position" status="PASSED">
         <system-out><![CDATA[2021-09-10 15:46:56 - [TEST_CASE][PASSED] - Test Cases/All test cases/Get element left position: Test Cases/All test cases/Get element left position

2021-09-10 15:46:57 - [TEST_STEP][PASSED] - elemLeftPos = getElementLeftPosition(findTestObject("DragAndDropApps/Drad and drop/XCUIElementTypeStaticText - Database Migration"), 5): Object 'Object Repository/DragAndDropApps/Drad and drop/XCUIElementTypeStaticText - Database Migration' has left position '32'

2021-09-10 15:46:58 - [MESSAGE][PASSED] - Object 'Object Repository/DragAndDropApps/Drad and drop/XCUIElementTypeStaticText - Database Migration' has left position '32'

2021-09-10 15:46:58 - [TEST_STEP][PASSED] - verifyMatch(elemLeftPos, "32", false): Actual text '32' and expected text '32' are matched 

2021-09-10 15:46:58 - [MESSAGE][PASSED] - Actual text '32' and expected text '32' are matched 

2021-09-10 15:46:58 - [TEST_STEP][PASSED] - Start tear down : tearDownTestCase: Method 'tearDownTestCase' complete successfully

2021-09-10 15:46:58 - [TEST_STEP][PASSED] - driver = getDriver(): null

2021-09-10 15:46:58 - [TEST_STEP][PASSED] - driver.resetApp(): null

2021-09-10 15:47:03 - [MESSAGE][PASSED] - Method 'tearDownTestCase' complete successfully]]></system-out>
         <system-err><![CDATA[]]></system-err>
      </testcase>
      <testcase name="Test Cases/All test cases/Switch to portrait" time="7.154" classname="Test Cases/All test cases/Switch to portrait" status="PASSED">
         <system-out><![CDATA[2021-09-10 15:47:03 - [TEST_CASE][PASSED] - Test Cases/All test cases/Switch to portrait: Test Cases/All test cases/Switch to portrait

2021-09-10 15:47:03 - [TEST_STEP][PASSED] - switchToLandscape(): Switching the device to landscape mode successfully

2021-09-10 15:47:04 - [MESSAGE][PASSED] - Switching the device to landscape mode successfully

2021-09-10 15:47:04 - [TEST_STEP][PASSED] - switchToPortrait(): Switching the device to portrait mode successfully

2021-09-10 15:47:05 - [MESSAGE][PASSED] - Switching the device to portrait mode successfully

2021-09-10 15:47:05 - [TEST_STEP][PASSED] - verifyIsPortrait(STOP_ON_FAILURE): Device is in portrait mode

2021-09-10 15:47:05 - [MESSAGE][PASSED] - Device is in portrait mode

2021-09-10 15:47:05 - [TEST_STEP][PASSED] - Start tear down : tearDownTestCase: Method 'tearDownTestCase' complete successfully

2021-09-10 15:47:05 - [TEST_STEP][PASSED] - driver = getDriver(): null

2021-09-10 15:47:05 - [TEST_STEP][PASSED] - driver.resetApp(): null

2021-09-10 15:47:10 - [MESSAGE][PASSED] - Method 'tearDownTestCase' complete successfully]]></system-out>
         <system-err><![CDATA[]]></system-err>
      </testcase>
      <testcase name="Test Cases/All test cases/Verify is portrait" time="8.004" classname="Test Cases/All test cases/Verify is portrait" status="PASSED">
         <system-out><![CDATA[2021-09-10 15:47:10 - [TEST_CASE][PASSED] - Test Cases/All test cases/Verify is portrait: Test Cases/All test cases/Verify is portrait

2021-09-10 15:47:11 - [TEST_STEP][PASSED] - try: null

2021-09-10 15:47:11 - [TEST_STEP][PASSED] - verifyIsPortrait(STOP_ON_FAILURE): Device is in portrait mode

2021-09-10 15:47:11 - [MESSAGE][PASSED] - Device is in portrait mode

2021-09-10 15:47:11 - [TEST_STEP][PASSED] - assert true: null

2021-09-10 15:47:11 - [TEST_STEP][PASSED] - switchToLandscape(): Switching the device to landscape mode successfully

2021-09-10 15:47:12 - [MESSAGE][PASSED] - Switching the device to landscape mode successfully

2021-09-10 15:47:12 - [TEST_STEP][FAILED] - try: Unable to verify if device is in portrait mode (Root cause: com.kms.katalon.core.exception.StepFailedException: Device is NOT in portrait mode
	at com.kms.katalon.core.keyword.internal.KeywordMain.stepFailed(KeywordMain.groovy:50)
	at com.kms.katalon.core.mobile.keyword.internal.MobileKeywordMain.stepFailed(MobileKeywordMain.groovy:40)
	at com.kms.katalon.core.mobile.keyword.builtin.VerifyIsPortraitKeyword$_verifyIsPortrait_closure1.doCall(VerifyIsPortraitKeyword.groovy:76)
	at com.kms.katalon.core.mobile.keyword.builtin.VerifyIsPortraitKeyword$_verifyIsPortrait_closure1.call(VerifyIsPortraitKeyword.groovy)
	at com.kms.katalon.core.mobile.keyword.internal.MobileKeywordMain.runKeyword(MobileKeywordMain.groovy:21)
	at com.kms.katalon.core.mobile.keyword.builtin.VerifyIsPortraitKeyword.verifyIsPortrait(VerifyIsPortraitKeyword.groovy:67)
	at com.kms.katalon.core.mobile.keyword.builtin.VerifyIsPortraitKeyword.execute(VerifyIsPortraitKeyword.groovy:62)
	at com.kms.katalon.core.keyword.internal.KeywordExecutor.executeKeywordForPlatform(KeywordExecutor.groovy:73)
	at com.kms.katalon.core.mobile.keyword.MobileBuiltInKeywords.verifyIsPortrait(MobileBuiltInKeywords.groovy:1686)
	at com.kms.katalon.core.mobile.keyword.MobileBuiltInKeywords$verifyIsPortrait$14.call(Unknown Source)
	at Verify is portrait.run(Verify is portrait:36)
	at com.kms.katalon.core.main.ScriptEngine.run(ScriptEngine.java:194)
	at com.kms.katalon.core.main.ScriptEngine.runScriptAsRawText(ScriptEngine.java:119)
	at com.kms.katalon.core.main.TestCaseExecutor.runScript(TestCaseExecutor.java:398)
	at com.kms.katalon.core.main.TestCaseExecutor.doExecute(TestCaseExecutor.java:389)
	at com.kms.katalon.core.main.TestCaseExecutor.processExecutionPhase(TestCaseExecutor.java:368)
	at com.kms.katalon.core.main.TestCaseExecutor.accessMainPhase(TestCaseExecutor.java:360)
	at com.kms.katalon.core.main.TestCaseExecutor.execute(TestCaseExecutor.java:255)
	at com.kms.katalon.core.main.TestSuiteExecutor.accessTestCaseMainPhase(TestSuiteExecutor.java:203)
	at com.kms.katalon.core.main.TestSuiteExecutor.accessTestSuiteMainPhase(TestSuiteExecutor.java:152)
	at com.kms.katalon.core.main.TestSuiteExecutor.execute(TestSuiteExecutor.java:95)
	at com.kms.katalon.core.main.TestCaseMain.startTestSuite(TestCaseMain.java:157)
	at com.kms.katalon.core.main.TestCaseMain$startTestSuite$0.call(Unknown Source)
	at TempTestSuite1631263512261.run(TempTestSuite1631263512261.groovy:39)
)

2021-09-10 15:47:12 - [TEST_STEP][FAILED] - verifyIsPortrait(STOP_ON_FAILURE): Unable to verify if device is in portrait mode (Root cause: com.kms.katalon.core.exception.StepFailedException: Device is NOT in portrait mode
	at com.kms.katalon.core.keyword.internal.KeywordMain.stepFailed(KeywordMain.groovy:50)
	at com.kms.katalon.core.mobile.keyword.internal.MobileKeywordMain.stepFailed(MobileKeywordMain.groovy:40)
	at com.kms.katalon.core.mobile.keyword.builtin.VerifyIsPortraitKeyword$_verifyIsPortrait_closure1.doCall(VerifyIsPortraitKeyword.groovy:76)
	at com.kms.katalon.core.mobile.keyword.builtin.VerifyIsPortraitKeyword$_verifyIsPortrait_closure1.call(VerifyIsPortraitKeyword.groovy)
	at com.kms.katalon.core.mobile.keyword.internal.MobileKeywordMain.runKeyword(MobileKeywordMain.groovy:21)
	at com.kms.katalon.core.mobile.keyword.builtin.VerifyIsPortraitKeyword.verifyIsPortrait(VerifyIsPortraitKeyword.groovy:67)
	at com.kms.katalon.core.mobile.keyword.builtin.VerifyIsPortraitKeyword.execute(VerifyIsPortraitKeyword.groovy:62)
	at com.kms.katalon.core.keyword.internal.KeywordExecutor.executeKeywordForPlatform(KeywordExecutor.groovy:73)
	at com.kms.katalon.core.mobile.keyword.MobileBuiltInKeywords.verifyIsPortrait(MobileBuiltInKeywords.groovy:1686)
	at com.kms.katalon.core.mobile.keyword.MobileBuiltInKeywords$verifyIsPortrait$14.call(Unknown Source)
	at Verify is portrait.run(Verify is portrait:36)
	at com.kms.katalon.core.main.ScriptEngine.run(ScriptEngine.java:194)
	at com.kms.katalon.core.main.ScriptEngine.runScriptAsRawText(ScriptEngine.java:119)
	at com.kms.katalon.core.main.TestCaseExecutor.runScript(TestCaseExecutor.java:398)
	at com.kms.katalon.core.main.TestCaseExecutor.doExecute(TestCaseExecutor.java:389)
	at com.kms.katalon.core.main.TestCaseExecutor.processExecutionPhase(TestCaseExecutor.java:368)
	at com.kms.katalon.core.main.TestCaseExecutor.accessMainPhase(TestCaseExecutor.java:360)
	at com.kms.katalon.core.main.TestCaseExecutor.execute(TestCaseExecutor.java:255)
	at com.kms.katalon.core.main.TestSuiteExecutor.accessTestCaseMainPhase(TestSuiteExecutor.java:203)
	at com.kms.katalon.core.main.TestSuiteExecutor.accessTestSuiteMainPhase(TestSuiteExecutor.java:152)
	at com.kms.katalon.core.main.TestSuiteExecutor.execute(TestSuiteExecutor.java:95)
	at com.kms.katalon.core.main.TestCaseMain.startTestSuite(TestCaseMain.java:157)
	at com.kms.katalon.core.main.TestCaseMain$startTestSuite$0.call(Unknown Source)
	at TempTestSuite1631263512261.run(TempTestSuite1631263512261.groovy:39)
)

2021-09-10 15:47:12 - [MESSAGE][FAILED] - Device is NOT in portrait mode
[[ATTACHMENT|/Users/loantran/Documents/mobile-samples-iOS/Reports/20210910_154512/Simulators/DragAndDrop application/20210910_154512/1631263632323.png]]

2021-09-10 15:47:12 - [MESSAGE][FAILED] - Unable to verify if device is in portrait mode (Root cause: com.kms.katalon.core.exception.StepFailedException: Device is NOT in portrait mode
	at com.kms.katalon.core.keyword.internal.KeywordMain.stepFailed(KeywordMain.groovy:50)
	at com.kms.katalon.core.mobile.keyword.internal.MobileKeywordMain.stepFailed(MobileKeywordMain.groovy:40)
	at com.kms.katalon.core.mobile.keyword.builtin.VerifyIsPortraitKeyword$_verifyIsPortrait_closure1.doCall(VerifyIsPortraitKeyword.groovy:76)
	at com.kms.katalon.core.mobile.keyword.builtin.VerifyIsPortraitKeyword$_verifyIsPortrait_closure1.call(VerifyIsPortraitKeyword.groovy)
	at com.kms.katalon.core.mobile.keyword.internal.MobileKeywordMain.runKeyword(MobileKeywordMain.groovy:21)
	at com.kms.katalon.core.mobile.keyword.builtin.VerifyIsPortraitKeyword.verifyIsPortrait(VerifyIsPortraitKeyword.groovy:67)
	at com.kms.katalon.core.mobile.keyword.builtin.VerifyIsPortraitKeyword.execute(VerifyIsPortraitKeyword.groovy:62)
	at com.kms.katalon.core.keyword.internal.KeywordExecutor.executeKeywordForPlatform(KeywordExecutor.groovy:73)
	at com.kms.katalon.core.mobile.keyword.MobileBuiltInKeywords.verifyIsPortrait(MobileBuiltInKeywords.groovy:1686)
	at com.kms.katalon.core.mobile.keyword.MobileBuiltInKeywords$verifyIsPortrait$14.call(Unknown Source)
	at Verify is portrait.run(Verify is portrait:36)
	at com.kms.katalon.core.main.ScriptEngine.run(ScriptEngine.java:194)
	at com.kms.katalon.core.main.ScriptEngine.runScriptAsRawText(ScriptEngine.java:119)
	at com.kms.katalon.core.main.TestCaseExecutor.runScript(TestCaseExecutor.java:398)
	at com.kms.katalon.core.main.TestCaseExecutor.doExecute(TestCaseExecutor.java:389)
	at com.kms.katalon.core.main.TestCaseExecutor.processExecutionPhase(TestCaseExecutor.java:368)
	at com.kms.katalon.core.main.TestCaseExecutor.accessMainPhase(TestCaseExecutor.java:360)
	at com.kms.katalon.core.main.TestCaseExecutor.execute(TestCaseExecutor.java:255)
	at com.kms.katalon.core.main.TestSuiteExecutor.accessTestCaseMainPhase(TestSuiteExecutor.java:203)
	at com.kms.katalon.core.main.TestSuiteExecutor.accessTestSuiteMainPhase(TestSuiteExecutor.java:152)
	at com.kms.katalon.core.main.TestSuiteExecutor.execute(TestSuiteExecutor.java:95)
	at com.kms.katalon.core.main.TestCaseMain.startTestSuite(TestCaseMain.java:157)
	at com.kms.katalon.core.main.TestCaseMain$startTestSuite$0.call(Unknown Source)
	at TempTestSuite1631263512261.run(TempTestSuite1631263512261.groovy:39)
)
[[ATTACHMENT|/Users/loantran/Documents/mobile-samples-iOS/Reports/20210910_154512/Simulators/DragAndDrop application/20210910_154512/1631263632638.png]]

2021-09-10 15:47:12 - [TEST_STEP][PASSED] - catch (Exception e): null

2021-09-10 15:47:12 - [TEST_STEP][PASSED] - assert true: null

2021-09-10 15:47:12 - [TEST_STEP][PASSED] - switchToPortrait(): Switching the device to portrait mode successfully

2021-09-10 15:47:13 - [MESSAGE][PASSED] - Switching the device to portrait mode successfully

2021-09-10 15:47:13 - [TEST_STEP][PASSED] - Start tear down : tearDownTestCase: Method 'tearDownTestCase' complete successfully

2021-09-10 15:47:13 - [TEST_STEP][PASSED] - driver = getDriver(): null

2021-09-10 15:47:13 - [TEST_STEP][PASSED] - driver.resetApp(): null

2021-09-10 15:47:18 - [MESSAGE][PASSED] - Method 'tearDownTestCase' complete successfully]]></system-out>
         <system-err><![CDATA[]]></system-err>
      </testcase>
      <testcase name="Test Cases/All test cases/Get attributes" time="6.441" classname="Test Cases/All test cases/Get attributes" status="PASSED">
         <system-out><![CDATA[2021-09-10 15:47:18 - [TEST_CASE][PASSED] - Test Cases/All test cases/Get attributes: Test Cases/All test cases/Get attributes

2021-09-10 15:47:18 - [TEST_STEP][PASSED] - label = getAttribute(findTestObject("DragAndDropApps/Drad and drop/XCUIElementTypeStaticText - first item by Xpath"), "label", 0): Element 'Object Repository/DragAndDropApps/Drad and drop/XCUIElementTypeStaticText - first item by Xpath' has attribute 'label' is 'Database Migration'

2021-09-10 15:47:18 - [MESSAGE][WARNING] - Timeout '0' is invalid. Using default page load timeout: '30'

2021-09-10 15:47:19 - [MESSAGE][PASSED] - Element 'Object Repository/DragAndDropApps/Drad and drop/XCUIElementTypeStaticText - first item by Xpath' has attribute 'label' is 'Database Migration'

2021-09-10 15:47:19 - [TEST_STEP][PASSED] - verifyMatch(label, "Database Migration", false): Actual text 'Database Migration' and expected text 'Database Migration' are matched 

2021-09-10 15:47:19 - [MESSAGE][PASSED] - Actual text 'Database Migration' and expected text 'Database Migration' are matched 

2021-09-10 15:47:19 - [TEST_STEP][PASSED] - Start tear down : tearDownTestCase: Method 'tearDownTestCase' complete successfully

2021-09-10 15:47:19 - [TEST_STEP][PASSED] - driver = getDriver(): null

2021-09-10 15:47:19 - [TEST_STEP][PASSED] - driver.resetApp(): null

2021-09-10 15:47:25 - [MESSAGE][PASSED] - Method 'tearDownTestCase' complete successfully]]></system-out>
         <system-err><![CDATA[]]></system-err>
      </testcase>
      <testcase name="Test Cases/All test cases/Press Home" time="38.889" classname="Test Cases/All test cases/Press Home" status="PASSED">
         <system-out><![CDATA[2021-09-10 15:47:25 - [TEST_CASE][PASSED] - Test Cases/All test cases/Press Home: Test Cases/All test cases/Press Home

2021-09-10 15:47:25 - [TEST_STEP][PASSED] - tap(findTestObject("DragAndDropApps/Clear text/XCUIElementTypeStaticText - Add"), 0): Tapped on element 'Object Repository/DragAndDropApps/Clear text/XCUIElementTypeStaticText - Add'

2021-09-10 15:47:25 - [MESSAGE][WARNING] - Timeout '0' is invalid. Using default page load timeout: '30'

2021-09-10 15:47:27 - [MESSAGE][PASSED] - Tapped on element 'Object Repository/DragAndDropApps/Clear text/XCUIElementTypeStaticText - Add'

2021-09-10 15:47:27 - [TEST_STEP][PASSED] - pressHome(): Home button is pressed

2021-09-10 15:47:27 - [MESSAGE][PASSED] - Home button is pressed

2021-09-10 15:47:27 - [TEST_STEP][PASSED] - lblAddItem = findTestObject("DragAndDropApps/Tap/XCUIElementTypeStaticText - Add Item"): null

2021-09-10 15:47:28 - [TEST_STEP][PASSED] - verifyElementNotExist(lblAddItem, 0): Element 'Object Repository/DragAndDropApps/Tap/XCUIElementTypeStaticText - Add Item' not found

2021-09-10 15:47:28 - [MESSAGE][WARNING] - Timeout '0' is invalid. Using default page load timeout: '30'

2021-09-10 15:47:58 - [MESSAGE][PASSED] - Element 'Object Repository/DragAndDropApps/Tap/XCUIElementTypeStaticText - Add Item' not found

2021-09-10 15:47:58 - [TEST_STEP][PASSED] - Start tear down : tearDownTestCase: Method 'tearDownTestCase' complete successfully

2021-09-10 15:47:58 - [TEST_STEP][PASSED] - driver = getDriver(): null

2021-09-10 15:47:58 - [TEST_STEP][PASSED] - driver.resetApp(): null

2021-09-10 15:48:03 - [MESSAGE][PASSED] - Method 'tearDownTestCase' complete successfully]]></system-out>
         <system-err><![CDATA[]]></system-err>
      </testcase>
      <testcase name="Test Cases/All test cases/Get device width" time="5.819" classname="Test Cases/All test cases/Get device width" status="PASSED">
         <system-out><![CDATA[2021-09-10 15:48:03 - [TEST_CASE][PASSED] - Test Cases/All test cases/Get device width: Test Cases/All test cases/Get device width

2021-09-10 15:48:04 - [TEST_STEP][PASSED] - deviceWidth = getDeviceWidth(): Current device physical width is 810

2021-09-10 15:48:04 - [MESSAGE][PASSED] - Current device physical width is 810

2021-09-10 15:48:04 - [TEST_STEP][PASSED] - verifyMatch(deviceWidth, dragAndDropAppsDeviceWidth, false): Actual text '810' and expected text '810' are matched 

2021-09-10 15:48:04 - [MESSAGE][PASSED] - Actual text '810' and expected text '810' are matched 

2021-09-10 15:48:04 - [TEST_STEP][PASSED] - Start tear down : tearDownTestCase: Method 'tearDownTestCase' complete successfully

2021-09-10 15:48:04 - [TEST_STEP][PASSED] - driver = getDriver(): null

2021-09-10 15:48:04 - [TEST_STEP][PASSED] - driver.resetApp(): null

2021-09-10 15:48:09 - [MESSAGE][PASSED] - Method 'tearDownTestCase' complete successfully]]></system-out>
         <system-err><![CDATA[]]></system-err>
      </testcase>
      <testcase name="Test Cases/All test cases/Verify element not exist" time="38.473" classname="Test Cases/All test cases/Verify element not exist" status="PASSED">
         <system-out><![CDATA[2021-09-10 15:48:09 - [TEST_CASE][PASSED] - Test Cases/All test cases/Verify element not exist: Test Cases/All test cases/Verify element not exist

2021-09-10 15:48:10 - [TEST_STEP][PASSED] - btnAdd = findTestObject("DragAndDropApps/Clear text/XCUIElementTypeStaticText - Add"): null

2021-09-10 15:48:10 - [TEST_STEP][FAILED] - try: Failed to check for element not exist (Root cause: com.kms.katalon.core.exception.StepFailedException: Element 'Object Repository/DragAndDropApps/Clear text/XCUIElementTypeStaticText - Add' is exist
	at com.kms.katalon.core.keyword.internal.KeywordMain.stepFailed(KeywordMain.groovy:50)
	at com.kms.katalon.core.mobile.keyword.internal.MobileKeywordMain.stepFailed(MobileKeywordMain.groovy:40)
	at com.kms.katalon.core.mobile.keyword.builtin.VerifyElementNotExistKeyword$_verifyElementNotExist_closure1.doCall(VerifyElementNotExistKeyword.groovy:74)
	at com.kms.katalon.core.mobile.keyword.builtin.VerifyElementNotExistKeyword$_verifyElementNotExist_closure1.call(VerifyElementNotExistKeyword.groovy)
	at com.kms.katalon.core.mobile.keyword.internal.MobileKeywordMain.runKeyword(MobileKeywordMain.groovy:21)
	at com.kms.katalon.core.mobile.keyword.builtin.VerifyElementNotExistKeyword.verifyElementNotExist(VerifyElementNotExistKeyword.groovy:80)
	at com.kms.katalon.core.mobile.keyword.builtin.VerifyElementNotExistKeyword.execute(VerifyElementNotExistKeyword.groovy:64)
	at com.kms.katalon.core.keyword.internal.KeywordExecutor.executeKeywordForPlatform(KeywordExecutor.groovy:73)
	at com.kms.katalon.core.mobile.keyword.MobileBuiltInKeywords.verifyElementNotExist(MobileBuiltInKeywords.groovy:1619)
	at com.kms.katalon.core.mobile.keyword.MobileBuiltInKeywords$verifyElementNotExist$17.call(Unknown Source)
	at Verify element not exist.run(Verify element not exist:25)
	at com.kms.katalon.core.main.ScriptEngine.run(ScriptEngine.java:194)
	at com.kms.katalon.core.main.ScriptEngine.runScriptAsRawText(ScriptEngine.java:119)
	at com.kms.katalon.core.main.TestCaseExecutor.runScript(TestCaseExecutor.java:398)
	at com.kms.katalon.core.main.TestCaseExecutor.doExecute(TestCaseExecutor.java:389)
	at com.kms.katalon.core.main.TestCaseExecutor.processExecutionPhase(TestCaseExecutor.java:368)
	at com.kms.katalon.core.main.TestCaseExecutor.accessMainPhase(TestCaseExecutor.java:360)
	at com.kms.katalon.core.main.TestCaseExecutor.execute(TestCaseExecutor.java:255)
	at com.kms.katalon.core.main.TestSuiteExecutor.accessTestCaseMainPhase(TestSuiteExecutor.java:203)
	at com.kms.katalon.core.main.TestSuiteExecutor.accessTestSuiteMainPhase(TestSuiteExecutor.java:152)
	at com.kms.katalon.core.main.TestSuiteExecutor.execute(TestSuiteExecutor.java:95)
	at com.kms.katalon.core.main.TestCaseMain.startTestSuite(TestCaseMain.java:157)
	at com.kms.katalon.core.main.TestCaseMain$startTestSuite$0.call(Unknown Source)
	at TempTestSuite1631263512261.run(TempTestSuite1631263512261.groovy:39)
)

2021-09-10 15:48:10 - [TEST_STEP][FAILED] - verifyElementNotExist(btnAdd, 0): Failed to check for element not exist (Root cause: com.kms.katalon.core.exception.StepFailedException: Element 'Object Repository/DragAndDropApps/Clear text/XCUIElementTypeStaticText - Add' is exist
	at com.kms.katalon.core.keyword.internal.KeywordMain.stepFailed(KeywordMain.groovy:50)
	at com.kms.katalon.core.mobile.keyword.internal.MobileKeywordMain.stepFailed(MobileKeywordMain.groovy:40)
	at com.kms.katalon.core.mobile.keyword.builtin.VerifyElementNotExistKeyword$_verifyElementNotExist_closure1.doCall(VerifyElementNotExistKeyword.groovy:74)
	at com.kms.katalon.core.mobile.keyword.builtin.VerifyElementNotExistKeyword$_verifyElementNotExist_closure1.call(VerifyElementNotExistKeyword.groovy)
	at com.kms.katalon.core.mobile.keyword.internal.MobileKeywordMain.runKeyword(MobileKeywordMain.groovy:21)
	at com.kms.katalon.core.mobile.keyword.builtin.VerifyElementNotExistKeyword.verifyElementNotExist(VerifyElementNotExistKeyword.groovy:80)
	at com.kms.katalon.core.mobile.keyword.builtin.VerifyElementNotExistKeyword.execute(VerifyElementNotExistKeyword.groovy:64)
	at com.kms.katalon.core.keyword.internal.KeywordExecutor.executeKeywordForPlatform(KeywordExecutor.groovy:73)
	at com.kms.katalon.core.mobile.keyword.MobileBuiltInKeywords.verifyElementNotExist(MobileBuiltInKeywords.groovy:1619)
	at com.kms.katalon.core.mobile.keyword.MobileBuiltInKeywords$verifyElementNotExist$17.call(Unknown Source)
	at Verify element not exist.run(Verify element not exist:25)
	at com.kms.katalon.core.main.ScriptEngine.run(ScriptEngine.java:194)
	at com.kms.katalon.core.main.ScriptEngine.runScriptAsRawText(ScriptEngine.java:119)
	at com.kms.katalon.core.main.TestCaseExecutor.runScript(TestCaseExecutor.java:398)
	at com.kms.katalon.core.main.TestCaseExecutor.doExecute(TestCaseExecutor.java:389)
	at com.kms.katalon.core.main.TestCaseExecutor.processExecutionPhase(TestCaseExecutor.java:368)
	at com.kms.katalon.core.main.TestCaseExecutor.accessMainPhase(TestCaseExecutor.java:360)
	at com.kms.katalon.core.main.TestCaseExecutor.execute(TestCaseExecutor.java:255)
	at com.kms.katalon.core.main.TestSuiteExecutor.accessTestCaseMainPhase(TestSuiteExecutor.java:203)
	at com.kms.katalon.core.main.TestSuiteExecutor.accessTestSuiteMainPhase(TestSuiteExecutor.java:152)
	at com.kms.katalon.core.main.TestSuiteExecutor.execute(TestSuiteExecutor.java:95)
	at com.kms.katalon.core.main.TestCaseMain.startTestSuite(TestCaseMain.java:157)
	at com.kms.katalon.core.main.TestCaseMain$startTestSuite$0.call(Unknown Source)
	at TempTestSuite1631263512261.run(TempTestSuite1631263512261.groovy:39)
)

2021-09-10 15:48:10 - [MESSAGE][WARNING] - Timeout '0' is invalid. Using default page load timeout: '30'

2021-09-10 15:48:11 - [MESSAGE][FAILED] - Element 'Object Repository/DragAndDropApps/Clear text/XCUIElementTypeStaticText - Add' is exist
[[ATTACHMENT|/Users/loantran/Documents/mobile-samples-iOS/Reports/20210910_154512/Simulators/DragAndDrop application/20210910_154512/1631263691617.png]]

2021-09-10 15:48:12 - [MESSAGE][FAILED] - Failed to check for element not exist (Root cause: com.kms.katalon.core.exception.StepFailedException: Element 'Object Repository/DragAndDropApps/Clear text/XCUIElementTypeStaticText - Add' is exist
	at com.kms.katalon.core.keyword.internal.KeywordMain.stepFailed(KeywordMain.groovy:50)
	at com.kms.katalon.core.mobile.keyword.internal.MobileKeywordMain.stepFailed(MobileKeywordMain.groovy:40)
	at com.kms.katalon.core.mobile.keyword.builtin.VerifyElementNotExistKeyword$_verifyElementNotExist_closure1.doCall(VerifyElementNotExistKeyword.groovy:74)
	at com.kms.katalon.core.mobile.keyword.builtin.VerifyElementNotExistKeyword$_verifyElementNotExist_closure1.call(VerifyElementNotExistKeyword.groovy)
	at com.kms.katalon.core.mobile.keyword.internal.MobileKeywordMain.runKeyword(MobileKeywordMain.groovy:21)
	at com.kms.katalon.core.mobile.keyword.builtin.VerifyElementNotExistKeyword.verifyElementNotExist(VerifyElementNotExistKeyword.groovy:80)
	at com.kms.katalon.core.mobile.keyword.builtin.VerifyElementNotExistKeyword.execute(VerifyElementNotExistKeyword.groovy:64)
	at com.kms.katalon.core.keyword.internal.KeywordExecutor.executeKeywordForPlatform(KeywordExecutor.groovy:73)
	at com.kms.katalon.core.mobile.keyword.MobileBuiltInKeywords.verifyElementNotExist(MobileBuiltInKeywords.groovy:1619)
	at com.kms.katalon.core.mobile.keyword.MobileBuiltInKeywords$verifyElementNotExist$17.call(Unknown Source)
	at Verify element not exist.run(Verify element not exist:25)
	at com.kms.katalon.core.main.ScriptEngine.run(ScriptEngine.java:194)
	at com.kms.katalon.core.main.ScriptEngine.runScriptAsRawText(ScriptEngine.java:119)
	at com.kms.katalon.core.main.TestCaseExecutor.runScript(TestCaseExecutor.java:398)
	at com.kms.katalon.core.main.TestCaseExecutor.doExecute(TestCaseExecutor.java:389)
	at com.kms.katalon.core.main.TestCaseExecutor.processExecutionPhase(TestCaseExecutor.java:368)
	at com.kms.katalon.core.main.TestCaseExecutor.accessMainPhase(TestCaseExecutor.java:360)
	at com.kms.katalon.core.main.TestCaseExecutor.execute(TestCaseExecutor.java:255)
	at com.kms.katalon.core.main.TestSuiteExecutor.accessTestCaseMainPhase(TestSuiteExecutor.java:203)
	at com.kms.katalon.core.main.TestSuiteExecutor.accessTestSuiteMainPhase(TestSuiteExecutor.java:152)
	at com.kms.katalon.core.main.TestSuiteExecutor.execute(TestSuiteExecutor.java:95)
	at com.kms.katalon.core.main.TestCaseMain.startTestSuite(TestCaseMain.java:157)
	at com.kms.katalon.core.main.TestCaseMain$startTestSuite$0.call(Unknown Source)
	at TempTestSuite1631263512261.run(TempTestSuite1631263512261.groovy:39)
)
[[ATTACHMENT|/Users/loantran/Documents/mobile-samples-iOS/Reports/20210910_154512/Simulators/DragAndDrop application/20210910_154512/1631263691845.png]]

2021-09-10 15:48:12 - [TEST_STEP][PASSED] - catch (Exception e): null

2021-09-10 15:48:12 - [TEST_STEP][PASSED] - assert true: null

2021-09-10 15:48:12 - [TEST_STEP][PASSED] - lblAddItem = findTestObject("DragAndDropApps/Tap/XCUIElementTypeStaticText - Add Item"): null

2021-09-10 15:48:12 - [TEST_STEP][PASSED] - try: Element 'Object Repository/DragAndDropApps/Tap/XCUIElementTypeStaticText - Add Item' not found

2021-09-10 15:48:12 - [TEST_STEP][PASSED] - verifyElementNotExist(lblAddItem, 0): Element 'Object Repository/DragAndDropApps/Tap/XCUIElementTypeStaticText - Add Item' not found

2021-09-10 15:48:12 - [MESSAGE][WARNING] - Timeout '0' is invalid. Using default page load timeout: '30'

2021-09-10 15:48:42 - [MESSAGE][PASSED] - Element 'Object Repository/DragAndDropApps/Tap/XCUIElementTypeStaticText - Add Item' not found

2021-09-10 15:48:42 - [TEST_STEP][PASSED] - Start tear down : tearDownTestCase: Method 'tearDownTestCase' complete successfully

2021-09-10 15:48:42 - [TEST_STEP][PASSED] - driver = getDriver(): null

2021-09-10 15:48:42 - [TEST_STEP][PASSED] - driver.resetApp(): null

2021-09-10 15:48:48 - [MESSAGE][PASSED] - Method 'tearDownTestCase' complete successfully]]></system-out>
         <system-err><![CDATA[]]></system-err>
      </testcase>
      <testcase name="Test Cases/All test cases/Get element width" time="6.8" classname="Test Cases/All test cases/Get element width" status="PASSED">
         <system-out><![CDATA[2021-09-10 15:48:48 - [TEST_CASE][PASSED] - Test Cases/All test cases/Get element width: Test Cases/All test cases/Get element width

2021-09-10 15:48:48 - [TEST_STEP][PASSED] - elemWidth = getElementWidth(findTestObject("DragAndDropApps/Drad and drop/XCUIElementTypeStaticText - Database Migration"), 5): Object 'Object Repository/DragAndDropApps/Drad and drop/XCUIElementTypeStaticText - Database Migration' has width: '193'

2021-09-10 15:48:50 - [MESSAGE][PASSED] - Object 'Object Repository/DragAndDropApps/Drad and drop/XCUIElementTypeStaticText - Database Migration' has width: '193'

2021-09-10 15:48:50 - [TEST_STEP][PASSED] - verifyMatch(elemWidth, "193", false): Actual text '193' and expected text '193' are matched 

2021-09-10 15:48:50 - [MESSAGE][PASSED] - Actual text '193' and expected text '193' are matched 

2021-09-10 15:48:50 - [TEST_STEP][PASSED] - Start tear down : tearDownTestCase: Method 'tearDownTestCase' complete successfully

2021-09-10 15:48:50 - [TEST_STEP][PASSED] - driver = getDriver(): null

2021-09-10 15:48:50 - [TEST_STEP][PASSED] - driver.resetApp(): null

2021-09-10 15:48:55 - [MESSAGE][PASSED] - Method 'tearDownTestCase' complete successfully]]></system-out>
         <system-err><![CDATA[]]></system-err>
      </testcase>
      <testcase name="Test Cases/All test cases/Verify element has attribute" time="8.649" classname="Test Cases/All test cases/Verify element has attribute" status="PASSED">
         <system-out><![CDATA[2021-09-10 15:48:55 - [TEST_CASE][PASSED] - Test Cases/All test cases/Verify element has attribute: Test Cases/All test cases/Verify element has attribute

2021-09-10 15:48:55 - [TEST_STEP][PASSED] - btnAdd = findTestObject("DragAndDropApps/Clear text/XCUIElementTypeStaticText - Add"): null

2021-09-10 15:48:55 - [TEST_STEP][PASSED] - try: Object 'Object Repository/DragAndDropApps/Clear text/XCUIElementTypeStaticText - Add' has attribute 'enabled'

2021-09-10 15:48:55 - [TEST_STEP][PASSED] - verifyElementHasAttribute(btnAdd, "enabled", 0): Object 'Object Repository/DragAndDropApps/Clear text/XCUIElementTypeStaticText - Add' has attribute 'enabled'

2021-09-10 15:48:55 - [MESSAGE][WARNING] - Timeout '0' is invalid. Using default page load timeout: '30'

2021-09-10 15:48:56 - [MESSAGE][PASSED] - Object 'Object Repository/DragAndDropApps/Clear text/XCUIElementTypeStaticText - Add' has attribute 'enabled'

2021-09-10 15:48:56 - [TEST_STEP][FAILED] - try: Unable to verify if object 'Object Repository/DragAndDropApps/Clear text/XCUIElementTypeStaticText - Add' has attribute 'qaKatalonTest' (Root cause: org.openqa.selenium.WebDriverException: An unknown server-side error occurred while processing the command. Original error: The attribute 'qaKatalonTest' is unknown. Valid attribute names are: (
    UID,
    accessibilityContainer,
    accessible,
    enabled,
    frame,
    index,
    label,
    name,
    rect,
    selected,
    type,
    value,
    visible,
    wdAccessibilityContainer,
    wdAccessible,
    wdEnabled,
    wdFrame,
    wdIndex,
    wdLabel,
    wdName,
    wdRect,
    wdSelected,
    wdType,
    wdUID,
    wdValue,
    wdVisible
)
Build info: version: '3.141.59', revision: 'e82be7d358', time: '2018-11-14T08:25:53'
System info: host: 'FVFXH243HV2H.local', ip: '192.168.1.174', os.name: 'Mac OS X', os.arch: 'x86_64', os.version: '10.16', java.version: '1.8.0_275'
Driver info: io.appium.java_client.ios.IOSDriver
Capabilities {automationName: XCUITest, browserName: , bundleId: com.alfianlosari.DragAndDrop, chromedriverPort: 50063, databaseEnabled: false, deviceName: iPad (8th generation), javascriptEnabled: true, locationContextEnabled: false, networkConnectionEnabled: false, newCommandTimeout: 1800, platform: IOS, platformName: iOS, platformVersion: 14.5, realDeviceLogger: /Users/loantran/Documents/K..., takesScreenshot: true, udid: 121E4E3B-2570-458D-AF96-026..., waitForAppScript: true;, wdaLocalPort: 50130, webStorageEnabled: false}
Session ID: 16a53c14-fbd4-41ab-b6c1-3f6b535616aa
	at org.openqa.selenium.remote.http.W3CHttpResponseCodec.createException(W3CHttpResponseCodec.java:187)
	at org.openqa.selenium.remote.http.W3CHttpResponseCodec.decode(W3CHttpResponseCodec.java:122)
	at org.openqa.selenium.remote.http.W3CHttpResponseCodec.decode(W3CHttpResponseCodec.java:49)
	at org.openqa.selenium.remote.HttpCommandExecutor.execute(HttpCommandExecutor.java:158)
	at io.appium.java_client.remote.AppiumCommandExecutor.execute(AppiumCommandExecutor.java:239)
	at org.openqa.selenium.remote.RemoteWebDriver.execute(RemoteWebDriver.java:552)
	at io.appium.java_client.DefaultGenericMobileDriver.execute(DefaultGenericMobileDriver.java:42)
	at io.appium.java_client.AppiumDriver.execute(AppiumDriver.java:1)
	at io.appium.java_client.ios.IOSDriver.execute(IOSDriver.java:1)
	at org.openqa.selenium.remote.RemoteWebElement.execute(RemoteWebElement.java:285)
	at io.appium.java_client.DefaultGenericMobileElement.execute(DefaultGenericMobileElement.java:45)
	at io.appium.java_client.MobileElement.execute(MobileElement.java:1)
	at io.appium.java_client.ios.IOSElement.execute(IOSElement.java:1)
	at org.openqa.selenium.remote.RemoteWebElement.getAttribute(RemoteWebElement.java:134)
	at com.kms.katalon.core.mobile.helper.MobileCommonHelper.getAttributeValue(MobileCommonHelper.java:145)
	at com.kms.katalon.core.mobile.keyword.builtin.VerifyElementHasAttributeKeyword$_verifyElementHasAttribute_closure1.doCall(VerifyElementHasAttributeKeyword.groovy:83)
	at com.kms.katalon.core.mobile.keyword.builtin.VerifyElementHasAttributeKeyword$_verifyElementHasAttribute_closure1.call(VerifyElementHasAttributeKeyword.groovy)
	at com.kms.katalon.core.mobile.keyword.internal.MobileKeywordMain.runKeyword(MobileKeywordMain.groovy:21)
	at com.kms.katalon.core.mobile.keyword.builtin.VerifyElementHasAttributeKeyword.verifyElementHasAttribute(VerifyElementHasAttributeKeyword.groovy:91)
	at com.kms.katalon.core.mobile.keyword.builtin.VerifyElementHasAttributeKeyword.execute(VerifyElementHasAttributeKeyword.groovy:65)
	at com.kms.katalon.core.keyword.internal.KeywordExecutor.executeKeywordForPlatform(KeywordExecutor.groovy:73)
	at com.kms.katalon.core.mobile.keyword.MobileBuiltInKeywords.verifyElementHasAttribute(MobileBuiltInKeywords.groovy:1974)
	at com.kms.katalon.core.mobile.keyword.MobileBuiltInKeywords$verifyElementHasAttribute$20.call(Unknown Source)
	at Verify element has attribute.run(Verify element has attribute:33)
	at com.kms.katalon.core.main.ScriptEngine.run(ScriptEngine.java:194)
	at com.kms.katalon.core.main.ScriptEngine.runScriptAsRawText(ScriptEngine.java:119)
	at com.kms.katalon.core.main.TestCaseExecutor.runScript(TestCaseExecutor.java:398)
	at com.kms.katalon.core.main.TestCaseExecutor.doExecute(TestCaseExecutor.java:389)
	at com.kms.katalon.core.main.TestCaseExecutor.processExecutionPhase(TestCaseExecutor.java:368)
	at com.kms.katalon.core.main.TestCaseExecutor.accessMainPhase(TestCaseExecutor.java:360)
	at com.kms.katalon.core.main.TestCaseExecutor.execute(TestCaseExecutor.java:255)
	at com.kms.katalon.core.main.TestSuiteExecutor.accessTestCaseMainPhase(TestSuiteExecutor.java:203)
	at com.kms.katalon.core.main.TestSuiteExecutor.accessTestSuiteMainPhase(TestSuiteExecutor.java:152)
	at com.kms.katalon.core.main.TestSuiteExecutor.execute(TestSuiteExecutor.java:95)
	at com.kms.katalon.core.main.TestCaseMain.startTestSuite(TestCaseMain.java:157)
	at com.kms.katalon.core.main.TestCaseMain$startTestSuite$0.call(Unknown Source)
	at TempTestSuite1631263512261.run(TempTestSuite1631263512261.groovy:39)
)

2021-09-10 15:48:56 - [TEST_STEP][FAILED] - verifyElementHasAttribute(btnAdd, "qaKatalonTest", 0): Unable to verify if object 'Object Repository/DragAndDropApps/Clear text/XCUIElementTypeStaticText - Add' has attribute 'qaKatalonTest' (Root cause: org.openqa.selenium.WebDriverException: An unknown server-side error occurred while processing the command. Original error: The attribute 'qaKatalonTest' is unknown. Valid attribute names are: (
    UID,
    accessibilityContainer,
    accessible,
    enabled,
    frame,
    index,
    label,
    name,
    rect,
    selected,
    type,
    value,
    visible,
    wdAccessibilityContainer,
    wdAccessible,
    wdEnabled,
    wdFrame,
    wdIndex,
    wdLabel,
    wdName,
    wdRect,
    wdSelected,
    wdType,
    wdUID,
    wdValue,
    wdVisible
)
Build info: version: '3.141.59', revision: 'e82be7d358', time: '2018-11-14T08:25:53'
System info: host: 'FVFXH243HV2H.local', ip: '192.168.1.174', os.name: 'Mac OS X', os.arch: 'x86_64', os.version: '10.16', java.version: '1.8.0_275'
Driver info: io.appium.java_client.ios.IOSDriver
Capabilities {automationName: XCUITest, browserName: , bundleId: com.alfianlosari.DragAndDrop, chromedriverPort: 50063, databaseEnabled: false, deviceName: iPad (8th generation), javascriptEnabled: true, locationContextEnabled: false, networkConnectionEnabled: false, newCommandTimeout: 1800, platform: IOS, platformName: iOS, platformVersion: 14.5, realDeviceLogger: /Users/loantran/Documents/K..., takesScreenshot: true, udid: 121E4E3B-2570-458D-AF96-026..., waitForAppScript: true;, wdaLocalPort: 50130, webStorageEnabled: false}
Session ID: 16a53c14-fbd4-41ab-b6c1-3f6b535616aa
	at org.openqa.selenium.remote.http.W3CHttpResponseCodec.createException(W3CHttpResponseCodec.java:187)
	at org.openqa.selenium.remote.http.W3CHttpResponseCodec.decode(W3CHttpResponseCodec.java:122)
	at org.openqa.selenium.remote.http.W3CHttpResponseCodec.decode(W3CHttpResponseCodec.java:49)
	at org.openqa.selenium.remote.HttpCommandExecutor.execute(HttpCommandExecutor.java:158)
	at io.appium.java_client.remote.AppiumCommandExecutor.execute(AppiumCommandExecutor.java:239)
	at org.openqa.selenium.remote.RemoteWebDriver.execute(RemoteWebDriver.java:552)
	at io.appium.java_client.DefaultGenericMobileDriver.execute(DefaultGenericMobileDriver.java:42)
	at io.appium.java_client.AppiumDriver.execute(AppiumDriver.java:1)
	at io.appium.java_client.ios.IOSDriver.execute(IOSDriver.java:1)
	at org.openqa.selenium.remote.RemoteWebElement.execute(RemoteWebElement.java:285)
	at io.appium.java_client.DefaultGenericMobileElement.execute(DefaultGenericMobileElement.java:45)
	at io.appium.java_client.MobileElement.execute(MobileElement.java:1)
	at io.appium.java_client.ios.IOSElement.execute(IOSElement.java:1)
	at org.openqa.selenium.remote.RemoteWebElement.getAttribute(RemoteWebElement.java:134)
	at com.kms.katalon.core.mobile.helper.MobileCommonHelper.getAttributeValue(MobileCommonHelper.java:145)
	at com.kms.katalon.core.mobile.keyword.builtin.VerifyElementHasAttributeKeyword$_verifyElementHasAttribute_closure1.doCall(VerifyElementHasAttributeKeyword.groovy:83)
	at com.kms.katalon.core.mobile.keyword.builtin.VerifyElementHasAttributeKeyword$_verifyElementHasAttribute_closure1.call(VerifyElementHasAttributeKeyword.groovy)
	at com.kms.katalon.core.mobile.keyword.internal.MobileKeywordMain.runKeyword(MobileKeywordMain.groovy:21)
	at com.kms.katalon.core.mobile.keyword.builtin.VerifyElementHasAttributeKeyword.verifyElementHasAttribute(VerifyElementHasAttributeKeyword.groovy:91)
	at com.kms.katalon.core.mobile.keyword.builtin.VerifyElementHasAttributeKeyword.execute(VerifyElementHasAttributeKeyword.groovy:65)
	at com.kms.katalon.core.keyword.internal.KeywordExecutor.executeKeywordForPlatform(KeywordExecutor.groovy:73)
	at com.kms.katalon.core.mobile.keyword.MobileBuiltInKeywords.verifyElementHasAttribute(MobileBuiltInKeywords.groovy:1974)
	at com.kms.katalon.core.mobile.keyword.MobileBuiltInKeywords$verifyElementHasAttribute$20.call(Unknown Source)
	at Verify element has attribute.run(Verify element has attribute:33)
	at com.kms.katalon.core.main.ScriptEngine.run(ScriptEngine.java:194)
	at com.kms.katalon.core.main.ScriptEngine.runScriptAsRawText(ScriptEngine.java:119)
	at com.kms.katalon.core.main.TestCaseExecutor.runScript(TestCaseExecutor.java:398)
	at com.kms.katalon.core.main.TestCaseExecutor.doExecute(TestCaseExecutor.java:389)
	at com.kms.katalon.core.main.TestCaseExecutor.processExecutionPhase(TestCaseExecutor.java:368)
	at com.kms.katalon.core.main.TestCaseExecutor.accessMainPhase(TestCaseExecutor.java:360)
	at com.kms.katalon.core.main.TestCaseExecutor.execute(TestCaseExecutor.java:255)
	at com.kms.katalon.core.main.TestSuiteExecutor.accessTestCaseMainPhase(TestSuiteExecutor.java:203)
	at com.kms.katalon.core.main.TestSuiteExecutor.accessTestSuiteMainPhase(TestSuiteExecutor.java:152)
	at com.kms.katalon.core.main.TestSuiteExecutor.execute(TestSuiteExecutor.java:95)
	at com.kms.katalon.core.main.TestCaseMain.startTestSuite(TestCaseMain.java:157)
	at com.kms.katalon.core.main.TestCaseMain$startTestSuite$0.call(Unknown Source)
	at TempTestSuite1631263512261.run(TempTestSuite1631263512261.groovy:39)
)

2021-09-10 15:48:56 - [MESSAGE][WARNING] - Timeout '0' is invalid. Using default page load timeout: '30'

2021-09-10 15:48:58 - [MESSAGE][FAILED] - Unable to verify if object 'Object Repository/DragAndDropApps/Clear text/XCUIElementTypeStaticText - Add' has attribute 'qaKatalonTest' (Root cause: org.openqa.selenium.WebDriverException: An unknown server-side error occurred while processing the command. Original error: The attribute 'qaKatalonTest' is unknown. Valid attribute names are: (
    UID,
    accessibilityContainer,
    accessible,
    enabled,
    frame,
    index,
    label,
    name,
    rect,
    selected,
    type,
    value,
    visible,
    wdAccessibilityContainer,
    wdAccessible,
    wdEnabled,
    wdFrame,
    wdIndex,
    wdLabel,
    wdName,
    wdRect,
    wdSelected,
    wdType,
    wdUID,
    wdValue,
    wdVisible
)
Build info: version: '3.141.59', revision: 'e82be7d358', time: '2018-11-14T08:25:53'
System info: host: 'FVFXH243HV2H.local', ip: '192.168.1.174', os.name: 'Mac OS X', os.arch: 'x86_64', os.version: '10.16', java.version: '1.8.0_275'
Driver info: io.appium.java_client.ios.IOSDriver
Capabilities {automationName: XCUITest, browserName: , bundleId: com.alfianlosari.DragAndDrop, chromedriverPort: 50063, databaseEnabled: false, deviceName: iPad (8th generation), javascriptEnabled: true, locationContextEnabled: false, networkConnectionEnabled: false, newCommandTimeout: 1800, platform: IOS, platformName: iOS, platformVersion: 14.5, realDeviceLogger: /Users/loantran/Documents/K..., takesScreenshot: true, udid: 121E4E3B-2570-458D-AF96-026..., waitForAppScript: true;, wdaLocalPort: 50130, webStorageEnabled: false}
Session ID: 16a53c14-fbd4-41ab-b6c1-3f6b535616aa
	at org.openqa.selenium.remote.http.W3CHttpResponseCodec.createException(W3CHttpResponseCodec.java:187)
	at org.openqa.selenium.remote.http.W3CHttpResponseCodec.decode(W3CHttpResponseCodec.java:122)
	at org.openqa.selenium.remote.http.W3CHttpResponseCodec.decode(W3CHttpResponseCodec.java:49)
	at org.openqa.selenium.remote.HttpCommandExecutor.execute(HttpCommandExecutor.java:158)
	at io.appium.java_client.remote.AppiumCommandExecutor.execute(AppiumCommandExecutor.java:239)
	at org.openqa.selenium.remote.RemoteWebDriver.execute(RemoteWebDriver.java:552)
	at io.appium.java_client.DefaultGenericMobileDriver.execute(DefaultGenericMobileDriver.java:42)
	at io.appium.java_client.AppiumDriver.execute(AppiumDriver.java:1)
	at io.appium.java_client.ios.IOSDriver.execute(IOSDriver.java:1)
	at org.openqa.selenium.remote.RemoteWebElement.execute(RemoteWebElement.java:285)
	at io.appium.java_client.DefaultGenericMobileElement.execute(DefaultGenericMobileElement.java:45)
	at io.appium.java_client.MobileElement.execute(MobileElement.java:1)
	at io.appium.java_client.ios.IOSElement.execute(IOSElement.java:1)
	at org.openqa.selenium.remote.RemoteWebElement.getAttribute(RemoteWebElement.java:134)
	at com.kms.katalon.core.mobile.helper.MobileCommonHelper.getAttributeValue(MobileCommonHelper.java:145)
	at com.kms.katalon.core.mobile.keyword.builtin.VerifyElementHasAttributeKeyword$_verifyElementHasAttribute_closure1.doCall(VerifyElementHasAttributeKeyword.groovy:83)
	at com.kms.katalon.core.mobile.keyword.builtin.VerifyElementHasAttributeKeyword$_verifyElementHasAttribute_closure1.call(VerifyElementHasAttributeKeyword.groovy)
	at com.kms.katalon.core.mobile.keyword.internal.MobileKeywordMain.runKeyword(MobileKeywordMain.groovy:21)
	at com.kms.katalon.core.mobile.keyword.builtin.VerifyElementHasAttributeKeyword.verifyElementHasAttribute(VerifyElementHasAttributeKeyword.groovy:91)
	at com.kms.katalon.core.mobile.keyword.builtin.VerifyElementHasAttributeKeyword.execute(VerifyElementHasAttributeKeyword.groovy:65)
	at com.kms.katalon.core.keyword.internal.KeywordExecutor.executeKeywordForPlatform(KeywordExecutor.groovy:73)
	at com.kms.katalon.core.mobile.keyword.MobileBuiltInKeywords.verifyElementHasAttribute(MobileBuiltInKeywords.groovy:1974)
	at com.kms.katalon.core.mobile.keyword.MobileBuiltInKeywords$verifyElementHasAttribute$20.call(Unknown Source)
	at Verify element has attribute.run(Verify element has attribute:33)
	at com.kms.katalon.core.main.ScriptEngine.run(ScriptEngine.java:194)
	at com.kms.katalon.core.main.ScriptEngine.runScriptAsRawText(ScriptEngine.java:119)
	at com.kms.katalon.core.main.TestCaseExecutor.runScript(TestCaseExecutor.java:398)
	at com.kms.katalon.core.main.TestCaseExecutor.doExecute(TestCaseExecutor.java:389)
	at com.kms.katalon.core.main.TestCaseExecutor.processExecutionPhase(TestCaseExecutor.java:368)
	at com.kms.katalon.core.main.TestCaseExecutor.accessMainPhase(TestCaseExecutor.java:360)
	at com.kms.katalon.core.main.TestCaseExecutor.execute(TestCaseExecutor.java:255)
	at com.kms.katalon.core.main.TestSuiteExecutor.accessTestCaseMainPhase(TestSuiteExecutor.java:203)
	at com.kms.katalon.core.main.TestSuiteExecutor.accessTestSuiteMainPhase(TestSuiteExecutor.java:152)
	at com.kms.katalon.core.main.TestSuiteExecutor.execute(TestSuiteExecutor.java:95)
	at com.kms.katalon.core.main.TestCaseMain.startTestSuite(TestCaseMain.java:157)
	at com.kms.katalon.core.main.TestCaseMain$startTestSuite$0.call(Unknown Source)
	at TempTestSuite1631263512261.run(TempTestSuite1631263512261.groovy:39)
)
[[ATTACHMENT|/Users/loantran/Documents/mobile-samples-iOS/Reports/20210910_154512/Simulators/DragAndDrop application/20210910_154512/1631263738253.png]]

2021-09-10 15:48:58 - [TEST_STEP][PASSED] - catch (Exception e): null

2021-09-10 15:48:58 - [TEST_STEP][PASSED] - assert true: null

2021-09-10 15:48:58 - [TEST_STEP][PASSED] - Start tear down : tearDownTestCase: Method 'tearDownTestCase' complete successfully

2021-09-10 15:48:58 - [TEST_STEP][PASSED] - driver = getDriver(): null

2021-09-10 15:48:58 - [TEST_STEP][PASSED] - driver.resetApp(): null

2021-09-10 15:49:03 - [MESSAGE][PASSED] - Method 'tearDownTestCase' complete successfully]]></system-out>
         <system-err><![CDATA[]]></system-err>
      </testcase>
      <testcase name="Test Cases/All test cases/Get element top position" time="6.759" classname="Test Cases/All test cases/Get element top position" status="PASSED">
         <system-out><![CDATA[2021-09-10 15:49:03 - [TEST_CASE][PASSED] - Test Cases/All test cases/Get element top position: Test Cases/All test cases/Get element top position

2021-09-10 15:49:04 - [TEST_STEP][PASSED] - elemTopPos = getElementTopPosition(findTestObject("DragAndDropApps/Drad and drop/XCUIElementTypeStaticText - Database Migration"), 5): Object 'Object Repository/DragAndDropApps/Drad and drop/XCUIElementTypeStaticText - Database Migration' has top position '215'

2021-09-10 15:49:05 - [MESSAGE][PASSED] - Object 'Object Repository/DragAndDropApps/Drad and drop/XCUIElementTypeStaticText - Database Migration' has top position '215'

2021-09-10 15:49:05 - [TEST_STEP][PASSED] - verifyGreaterThan(elemTopPos, "150", STOP_ON_FAILURE): Actual number '215' is greater than expected number '150'

2021-09-10 15:49:05 - [MESSAGE][PASSED] - Actual number '215' is greater than expected number '150'

2021-09-10 15:49:05 - [TEST_STEP][PASSED] - Start tear down : tearDownTestCase: Method 'tearDownTestCase' complete successfully

2021-09-10 15:49:05 - [TEST_STEP][PASSED] - driver = getDriver(): null

2021-09-10 15:49:05 - [TEST_STEP][PASSED] - driver.resetApp(): null

2021-09-10 15:49:10 - [MESSAGE][PASSED] - Method 'tearDownTestCase' complete successfully]]></system-out>
         <system-err><![CDATA[]]></system-err>
      </testcase>
      <testcase name="Test Cases/All test cases/Get device OS Version" time="5.706" classname="Test Cases/All test cases/Get device OS Version" status="PASSED">
         <system-out><![CDATA[2021-09-10 15:49:10 - [TEST_CASE][PASSED] - Test Cases/All test cases/Get device OS Version: Test Cases/All test cases/Get device OS Version

2021-09-10 15:49:10 - [TEST_STEP][PASSED] - deviceOSVersion = getDeviceOSVersion(): Device OS version is: '14.5'

2021-09-10 15:49:10 - [MESSAGE][PASSED] - Device OS version is: '14.5'

2021-09-10 15:49:10 - [TEST_STEP][PASSED] - println("loan testtttttttttttt: " + deviceOSVersion): null

2021-09-10 15:49:10 - [TEST_STEP][PASSED] - verifyMatch(deviceOSVersion, dragAndDropAppsOSVersion, false): Actual text '14.5' and expected text '14.5' are matched 

2021-09-10 15:49:10 - [MESSAGE][PASSED] - Actual text '14.5' and expected text '14.5' are matched 

2021-09-10 15:49:10 - [TEST_STEP][PASSED] - Start tear down : tearDownTestCase: Method 'tearDownTestCase' complete successfully

2021-09-10 15:49:10 - [TEST_STEP][PASSED] - driver = getDriver(): null

2021-09-10 15:49:10 - [TEST_STEP][PASSED] - driver.resetApp(): null

2021-09-10 15:49:16 - [MESSAGE][PASSED] - Method 'tearDownTestCase' complete successfully]]></system-out>
         <system-err><![CDATA[]]></system-err>
      </testcase>
      <testcase name="Test Cases/All test cases/Verify element exist" time="38.076" classname="Test Cases/All test cases/Verify element exist" status="PASSED">
         <system-out><![CDATA[2021-09-10 15:49:16 - [TEST_CASE][PASSED] - Test Cases/All test cases/Verify element exist: Test Cases/All test cases/Verify element exist

2021-09-10 15:49:16 - [TEST_STEP][PASSED] - btnAdd = findTestObject("DragAndDropApps/Clear text/XCUIElementTypeStaticText - Add"): null

2021-09-10 15:49:16 - [TEST_STEP][PASSED] - try: Element 'Object Repository/DragAndDropApps/Clear text/XCUIElementTypeStaticText - Add' is exist

2021-09-10 15:49:16 - [TEST_STEP][PASSED] - verifyElementExist(btnAdd, 0): Element 'Object Repository/DragAndDropApps/Clear text/XCUIElementTypeStaticText - Add' is exist

2021-09-10 15:49:16 - [MESSAGE][WARNING] - Timeout '0' is invalid. Using default page load timeout: '30'

2021-09-10 15:49:18 - [MESSAGE][PASSED] - Element 'Object Repository/DragAndDropApps/Clear text/XCUIElementTypeStaticText - Add' is exist

2021-09-10 15:49:18 - [TEST_STEP][PASSED] - lblAddItem = findTestObject("DragAndDropApps/Tap/XCUIElementTypeStaticText - Add Item"): null

2021-09-10 15:49:18 - [TEST_STEP][FAILED] - try: Failed to check for element 'Object Repository/DragAndDropApps/Tap/XCUIElementTypeStaticText - Add Item' exist (Root cause: com.kms.katalon.core.exception.StepFailedException: Element 'Object Repository/DragAndDropApps/Tap/XCUIElementTypeStaticText - Add Item' not found
	at com.kms.katalon.core.keyword.internal.KeywordMain.stepFailed(KeywordMain.groovy:50)
	at com.kms.katalon.core.mobile.keyword.internal.MobileKeywordMain.stepFailed(MobileKeywordMain.groovy:40)
	at com.kms.katalon.core.mobile.keyword.builtin.VerifyElementExistKeyword$_verifyElementExist_closure1.doCall(VerifyElementExistKeyword.groovy:77)
	at com.kms.katalon.core.mobile.keyword.builtin.VerifyElementExistKeyword$_verifyElementExist_closure1.call(VerifyElementExistKeyword.groovy)
	at com.kms.katalon.core.mobile.keyword.internal.MobileKeywordMain.runKeyword(MobileKeywordMain.groovy:21)
	at com.kms.katalon.core.mobile.keyword.builtin.VerifyElementExistKeyword.verifyElementExist(VerifyElementExistKeyword.groovy:80)
	at com.kms.katalon.core.mobile.keyword.builtin.VerifyElementExistKeyword.execute(VerifyElementExistKeyword.groovy:64)
	at com.kms.katalon.core.keyword.internal.KeywordExecutor.executeKeywordForPlatform(KeywordExecutor.groovy:73)
	at com.kms.katalon.core.mobile.keyword.MobileBuiltInKeywords.verifyElementExist(MobileBuiltInKeywords.groovy:1586)
	at com.kms.katalon.core.mobile.keyword.MobileBuiltInKeywords$verifyElementExist$2.call(Unknown Source)
	at Verify element exist.run(Verify element exist:34)
	at com.kms.katalon.core.main.ScriptEngine.run(ScriptEngine.java:194)
	at com.kms.katalon.core.main.ScriptEngine.runScriptAsRawText(ScriptEngine.java:119)
	at com.kms.katalon.core.main.TestCaseExecutor.runScript(TestCaseExecutor.java:398)
	at com.kms.katalon.core.main.TestCaseExecutor.doExecute(TestCaseExecutor.java:389)
	at com.kms.katalon.core.main.TestCaseExecutor.processExecutionPhase(TestCaseExecutor.java:368)
	at com.kms.katalon.core.main.TestCaseExecutor.accessMainPhase(TestCaseExecutor.java:360)
	at com.kms.katalon.core.main.TestCaseExecutor.execute(TestCaseExecutor.java:255)
	at com.kms.katalon.core.main.TestSuiteExecutor.accessTestCaseMainPhase(TestSuiteExecutor.java:203)
	at com.kms.katalon.core.main.TestSuiteExecutor.accessTestSuiteMainPhase(TestSuiteExecutor.java:152)
	at com.kms.katalon.core.main.TestSuiteExecutor.execute(TestSuiteExecutor.java:95)
	at com.kms.katalon.core.main.TestCaseMain.startTestSuite(TestCaseMain.java:157)
	at com.kms.katalon.core.main.TestCaseMain$startTestSuite$0.call(Unknown Source)
	at TempTestSuite1631263512261.run(TempTestSuite1631263512261.groovy:39)
)

2021-09-10 15:49:18 - [TEST_STEP][FAILED] - verifyElementExist(lblAddItem, 0): Failed to check for element 'Object Repository/DragAndDropApps/Tap/XCUIElementTypeStaticText - Add Item' exist (Root cause: com.kms.katalon.core.exception.StepFailedException: Element 'Object Repository/DragAndDropApps/Tap/XCUIElementTypeStaticText - Add Item' not found
	at com.kms.katalon.core.keyword.internal.KeywordMain.stepFailed(KeywordMain.groovy:50)
	at com.kms.katalon.core.mobile.keyword.internal.MobileKeywordMain.stepFailed(MobileKeywordMain.groovy:40)
	at com.kms.katalon.core.mobile.keyword.builtin.VerifyElementExistKeyword$_verifyElementExist_closure1.doCall(VerifyElementExistKeyword.groovy:77)
	at com.kms.katalon.core.mobile.keyword.builtin.VerifyElementExistKeyword$_verifyElementExist_closure1.call(VerifyElementExistKeyword.groovy)
	at com.kms.katalon.core.mobile.keyword.internal.MobileKeywordMain.runKeyword(MobileKeywordMain.groovy:21)
	at com.kms.katalon.core.mobile.keyword.builtin.VerifyElementExistKeyword.verifyElementExist(VerifyElementExistKeyword.groovy:80)
	at com.kms.katalon.core.mobile.keyword.builtin.VerifyElementExistKeyword.execute(VerifyElementExistKeyword.groovy:64)
	at com.kms.katalon.core.keyword.internal.KeywordExecutor.executeKeywordForPlatform(KeywordExecutor.groovy:73)
	at com.kms.katalon.core.mobile.keyword.MobileBuiltInKeywords.verifyElementExist(MobileBuiltInKeywords.groovy:1586)
	at com.kms.katalon.core.mobile.keyword.MobileBuiltInKeywords$verifyElementExist$2.call(Unknown Source)
	at Verify element exist.run(Verify element exist:34)
	at com.kms.katalon.core.main.ScriptEngine.run(ScriptEngine.java:194)
	at com.kms.katalon.core.main.ScriptEngine.runScriptAsRawText(ScriptEngine.java:119)
	at com.kms.katalon.core.main.TestCaseExecutor.runScript(TestCaseExecutor.java:398)
	at com.kms.katalon.core.main.TestCaseExecutor.doExecute(TestCaseExecutor.java:389)
	at com.kms.katalon.core.main.TestCaseExecutor.processExecutionPhase(TestCaseExecutor.java:368)
	at com.kms.katalon.core.main.TestCaseExecutor.accessMainPhase(TestCaseExecutor.java:360)
	at com.kms.katalon.core.main.TestCaseExecutor.execute(TestCaseExecutor.java:255)
	at com.kms.katalon.core.main.TestSuiteExecutor.accessTestCaseMainPhase(TestSuiteExecutor.java:203)
	at com.kms.katalon.core.main.TestSuiteExecutor.accessTestSuiteMainPhase(TestSuiteExecutor.java:152)
	at com.kms.katalon.core.main.TestSuiteExecutor.execute(TestSuiteExecutor.java:95)
	at com.kms.katalon.core.main.TestCaseMain.startTestSuite(TestCaseMain.java:157)
	at com.kms.katalon.core.main.TestCaseMain$startTestSuite$0.call(Unknown Source)
	at TempTestSuite1631263512261.run(TempTestSuite1631263512261.groovy:39)
)

2021-09-10 15:49:18 - [MESSAGE][WARNING] - Timeout '0' is invalid. Using default page load timeout: '30'

2021-09-10 15:49:48 - [MESSAGE][FAILED] - Element 'Object Repository/DragAndDropApps/Tap/XCUIElementTypeStaticText - Add Item' not found
[[ATTACHMENT|/Users/loantran/Documents/mobile-samples-iOS/Reports/20210910_154512/Simulators/DragAndDrop application/20210910_154512/1631263788460.png]]

2021-09-10 15:49:48 - [MESSAGE][FAILED] - Failed to check for element 'Object Repository/DragAndDropApps/Tap/XCUIElementTypeStaticText - Add Item' exist (Root cause: com.kms.katalon.core.exception.StepFailedException: Element 'Object Repository/DragAndDropApps/Tap/XCUIElementTypeStaticText - Add Item' not found
	at com.kms.katalon.core.keyword.internal.KeywordMain.stepFailed(KeywordMain.groovy:50)
	at com.kms.katalon.core.mobile.keyword.internal.MobileKeywordMain.stepFailed(MobileKeywordMain.groovy:40)
	at com.kms.katalon.core.mobile.keyword.builtin.VerifyElementExistKeyword$_verifyElementExist_closure1.doCall(VerifyElementExistKeyword.groovy:77)
	at com.kms.katalon.core.mobile.keyword.builtin.VerifyElementExistKeyword$_verifyElementExist_closure1.call(VerifyElementExistKeyword.groovy)
	at com.kms.katalon.core.mobile.keyword.internal.MobileKeywordMain.runKeyword(MobileKeywordMain.groovy:21)
	at com.kms.katalon.core.mobile.keyword.builtin.VerifyElementExistKeyword.verifyElementExist(VerifyElementExistKeyword.groovy:80)
	at com.kms.katalon.core.mobile.keyword.builtin.VerifyElementExistKeyword.execute(VerifyElementExistKeyword.groovy:64)
	at com.kms.katalon.core.keyword.internal.KeywordExecutor.executeKeywordForPlatform(KeywordExecutor.groovy:73)
	at com.kms.katalon.core.mobile.keyword.MobileBuiltInKeywords.verifyElementExist(MobileBuiltInKeywords.groovy:1586)
	at com.kms.katalon.core.mobile.keyword.MobileBuiltInKeywords$verifyElementExist$2.call(Unknown Source)
	at Verify element exist.run(Verify element exist:34)
	at com.kms.katalon.core.main.ScriptEngine.run(ScriptEngine.java:194)
	at com.kms.katalon.core.main.ScriptEngine.runScriptAsRawText(ScriptEngine.java:119)
	at com.kms.katalon.core.main.TestCaseExecutor.runScript(TestCaseExecutor.java:398)
	at com.kms.katalon.core.main.TestCaseExecutor.doExecute(TestCaseExecutor.java:389)
	at com.kms.katalon.core.main.TestCaseExecutor.processExecutionPhase(TestCaseExecutor.java:368)
	at com.kms.katalon.core.main.TestCaseExecutor.accessMainPhase(TestCaseExecutor.java:360)
	at com.kms.katalon.core.main.TestCaseExecutor.execute(TestCaseExecutor.java:255)
	at com.kms.katalon.core.main.TestSuiteExecutor.accessTestCaseMainPhase(TestSuiteExecutor.java:203)
	at com.kms.katalon.core.main.TestSuiteExecutor.accessTestSuiteMainPhase(TestSuiteExecutor.java:152)
	at com.kms.katalon.core.main.TestSuiteExecutor.execute(TestSuiteExecutor.java:95)
	at com.kms.katalon.core.main.TestCaseMain.startTestSuite(TestCaseMain.java:157)
	at com.kms.katalon.core.main.TestCaseMain$startTestSuite$0.call(Unknown Source)
	at TempTestSuite1631263512261.run(TempTestSuite1631263512261.groovy:39)
)
[[ATTACHMENT|/Users/loantran/Documents/mobile-samples-iOS/Reports/20210910_154512/Simulators/DragAndDrop application/20210910_154512/1631263788685.png]]

2021-09-10 15:49:48 - [TEST_STEP][PASSED] - catch (Exception e): null

2021-09-10 15:49:48 - [TEST_STEP][PASSED] - assert true: null

2021-09-10 15:49:48 - [TEST_STEP][PASSED] - Start tear down : tearDownTestCase: Method 'tearDownTestCase' complete successfully

2021-09-10 15:49:48 - [TEST_STEP][PASSED] - driver = getDriver(): null

2021-09-10 15:49:48 - [TEST_STEP][PASSED] - driver.resetApp(): null

2021-09-10 15:49:54 - [MESSAGE][PASSED] - Method 'tearDownTestCase' complete successfully]]></system-out>
         <system-err><![CDATA[]]></system-err>
      </testcase>
      <testcase name="Test Cases/All test cases/Verify element not visible" time="12.588" classname="Test Cases/All test cases/Verify element not visible" status="PASSED">
         <system-out><![CDATA[2021-09-10 15:49:54 - [TEST_CASE][PASSED] - Test Cases/All test cases/Verify element not visible: Test Cases/All test cases/Verify element not visible

2021-09-10 15:49:54 - [TEST_STEP][PASSED] - elem = findTestObject("DragAndDropApps/Drad and drop/XCUIElementTypeStaticText - Database Migration"): null

2021-09-10 15:49:54 - [TEST_STEP][FAILED] - try: Failed to check if element 'Object Repository/DragAndDropApps/Drad and drop/XCUIElementTypeStaticText - Database Migration' is not visible (Root cause: com.kms.katalon.core.exception.StepFailedException: Element 'Object Repository/DragAndDropApps/Drad and drop/XCUIElementTypeStaticText - Database Migration' is visible
	at com.kms.katalon.core.keyword.internal.KeywordMain.stepFailed(KeywordMain.groovy:50)
	at com.kms.katalon.core.mobile.keyword.internal.MobileKeywordMain.stepFailed(MobileKeywordMain.groovy:40)
	at com.kms.katalon.core.mobile.keyword.builtin.VerifyElementNotVisibleKeyword$_verifyElementNotVisible_closure1.doCall(VerifyElementNotVisibleKeyword.groovy:75)
	at com.kms.katalon.core.mobile.keyword.builtin.VerifyElementNotVisibleKeyword$_verifyElementNotVisible_closure1.call(VerifyElementNotVisibleKeyword.groovy)
	at com.kms.katalon.core.mobile.keyword.internal.MobileKeywordMain.runKeyword(MobileKeywordMain.groovy:21)
	at com.kms.katalon.core.mobile.keyword.builtin.VerifyElementNotVisibleKeyword.verifyElementNotVisible(VerifyElementNotVisibleKeyword.groovy:85)
	at com.kms.katalon.core.mobile.keyword.builtin.VerifyElementNotVisibleKeyword.execute(VerifyElementNotVisibleKeyword.groovy:64)
	at com.kms.katalon.core.keyword.internal.KeywordExecutor.executeKeywordForPlatform(KeywordExecutor.groovy:73)
	at com.kms.katalon.core.mobile.keyword.MobileBuiltInKeywords.verifyElementNotVisible(MobileBuiltInKeywords.groovy:1895)
	at com.kms.katalon.core.mobile.keyword.MobileBuiltInKeywords$verifyElementNotVisible$22.call(Unknown Source)
	at Verify element not visible.run(Verify element not visible:25)
	at com.kms.katalon.core.main.ScriptEngine.run(ScriptEngine.java:194)
	at com.kms.katalon.core.main.ScriptEngine.runScriptAsRawText(ScriptEngine.java:119)
	at com.kms.katalon.core.main.TestCaseExecutor.runScript(TestCaseExecutor.java:398)
	at com.kms.katalon.core.main.TestCaseExecutor.doExecute(TestCaseExecutor.java:389)
	at com.kms.katalon.core.main.TestCaseExecutor.processExecutionPhase(TestCaseExecutor.java:368)
	at com.kms.katalon.core.main.TestCaseExecutor.accessMainPhase(TestCaseExecutor.java:360)
	at com.kms.katalon.core.main.TestCaseExecutor.execute(TestCaseExecutor.java:255)
	at com.kms.katalon.core.main.TestSuiteExecutor.accessTestCaseMainPhase(TestSuiteExecutor.java:203)
	at com.kms.katalon.core.main.TestSuiteExecutor.accessTestSuiteMainPhase(TestSuiteExecutor.java:152)
	at com.kms.katalon.core.main.TestSuiteExecutor.execute(TestSuiteExecutor.java:95)
	at com.kms.katalon.core.main.TestCaseMain.startTestSuite(TestCaseMain.java:157)
	at com.kms.katalon.core.main.TestCaseMain$startTestSuite$0.call(Unknown Source)
	at TempTestSuite1631263512261.run(TempTestSuite1631263512261.groovy:39)
)

2021-09-10 15:49:54 - [TEST_STEP][FAILED] - verifyElementNotVisible(elem, 5): Failed to check if element 'Object Repository/DragAndDropApps/Drad and drop/XCUIElementTypeStaticText - Database Migration' is not visible (Root cause: com.kms.katalon.core.exception.StepFailedException: Element 'Object Repository/DragAndDropApps/Drad and drop/XCUIElementTypeStaticText - Database Migration' is visible
	at com.kms.katalon.core.keyword.internal.KeywordMain.stepFailed(KeywordMain.groovy:50)
	at com.kms.katalon.core.mobile.keyword.internal.MobileKeywordMain.stepFailed(MobileKeywordMain.groovy:40)
	at com.kms.katalon.core.mobile.keyword.builtin.VerifyElementNotVisibleKeyword$_verifyElementNotVisible_closure1.doCall(VerifyElementNotVisibleKeyword.groovy:75)
	at com.kms.katalon.core.mobile.keyword.builtin.VerifyElementNotVisibleKeyword$_verifyElementNotVisible_closure1.call(VerifyElementNotVisibleKeyword.groovy)
	at com.kms.katalon.core.mobile.keyword.internal.MobileKeywordMain.runKeyword(MobileKeywordMain.groovy:21)
	at com.kms.katalon.core.mobile.keyword.builtin.VerifyElementNotVisibleKeyword.verifyElementNotVisible(VerifyElementNotVisibleKeyword.groovy:85)
	at com.kms.katalon.core.mobile.keyword.builtin.VerifyElementNotVisibleKeyword.execute(VerifyElementNotVisibleKeyword.groovy:64)
	at com.kms.katalon.core.keyword.internal.KeywordExecutor.executeKeywordForPlatform(KeywordExecutor.groovy:73)
	at com.kms.katalon.core.mobile.keyword.MobileBuiltInKeywords.verifyElementNotVisible(MobileBuiltInKeywords.groovy:1895)
	at com.kms.katalon.core.mobile.keyword.MobileBuiltInKeywords$verifyElementNotVisible$22.call(Unknown Source)
	at Verify element not visible.run(Verify element not visible:25)
	at com.kms.katalon.core.main.ScriptEngine.run(ScriptEngine.java:194)
	at com.kms.katalon.core.main.ScriptEngine.runScriptAsRawText(ScriptEngine.java:119)
	at com.kms.katalon.core.main.TestCaseExecutor.runScript(TestCaseExecutor.java:398)
	at com.kms.katalon.core.main.TestCaseExecutor.doExecute(TestCaseExecutor.java:389)
	at com.kms.katalon.core.main.TestCaseExecutor.processExecutionPhase(TestCaseExecutor.java:368)
	at com.kms.katalon.core.main.TestCaseExecutor.accessMainPhase(TestCaseExecutor.java:360)
	at com.kms.katalon.core.main.TestCaseExecutor.execute(TestCaseExecutor.java:255)
	at com.kms.katalon.core.main.TestSuiteExecutor.accessTestCaseMainPhase(TestSuiteExecutor.java:203)
	at com.kms.katalon.core.main.TestSuiteExecutor.accessTestSuiteMainPhase(TestSuiteExecutor.java:152)
	at com.kms.katalon.core.main.TestSuiteExecutor.execute(TestSuiteExecutor.java:95)
	at com.kms.katalon.core.main.TestCaseMain.startTestSuite(TestCaseMain.java:157)
	at com.kms.katalon.core.main.TestCaseMain$startTestSuite$0.call(Unknown Source)
	at TempTestSuite1631263512261.run(TempTestSuite1631263512261.groovy:39)
)

2021-09-10 15:49:56 - [MESSAGE][FAILED] - Element 'Object Repository/DragAndDropApps/Drad and drop/XCUIElementTypeStaticText - Database Migration' is visible
[[ATTACHMENT|/Users/loantran/Documents/mobile-samples-iOS/Reports/20210910_154512/Simulators/DragAndDrop application/20210910_154512/1631263796187.png]]

2021-09-10 15:49:56 - [MESSAGE][FAILED] - Failed to check if element 'Object Repository/DragAndDropApps/Drad and drop/XCUIElementTypeStaticText - Database Migration' is not visible (Root cause: com.kms.katalon.core.exception.StepFailedException: Element 'Object Repository/DragAndDropApps/Drad and drop/XCUIElementTypeStaticText - Database Migration' is visible
	at com.kms.katalon.core.keyword.internal.KeywordMain.stepFailed(KeywordMain.groovy:50)
	at com.kms.katalon.core.mobile.keyword.internal.MobileKeywordMain.stepFailed(MobileKeywordMain.groovy:40)
	at com.kms.katalon.core.mobile.keyword.builtin.VerifyElementNotVisibleKeyword$_verifyElementNotVisible_closure1.doCall(VerifyElementNotVisibleKeyword.groovy:75)
	at com.kms.katalon.core.mobile.keyword.builtin.VerifyElementNotVisibleKeyword$_verifyElementNotVisible_closure1.call(VerifyElementNotVisibleKeyword.groovy)
	at com.kms.katalon.core.mobile.keyword.internal.MobileKeywordMain.runKeyword(MobileKeywordMain.groovy:21)
	at com.kms.katalon.core.mobile.keyword.builtin.VerifyElementNotVisibleKeyword.verifyElementNotVisible(VerifyElementNotVisibleKeyword.groovy:85)
	at com.kms.katalon.core.mobile.keyword.builtin.VerifyElementNotVisibleKeyword.execute(VerifyElementNotVisibleKeyword.groovy:64)
	at com.kms.katalon.core.keyword.internal.KeywordExecutor.executeKeywordForPlatform(KeywordExecutor.groovy:73)
	at com.kms.katalon.core.mobile.keyword.MobileBuiltInKeywords.verifyElementNotVisible(MobileBuiltInKeywords.groovy:1895)
	at com.kms.katalon.core.mobile.keyword.MobileBuiltInKeywords$verifyElementNotVisible$22.call(Unknown Source)
	at Verify element not visible.run(Verify element not visible:25)
	at com.kms.katalon.core.main.ScriptEngine.run(ScriptEngine.java:194)
	at com.kms.katalon.core.main.ScriptEngine.runScriptAsRawText(ScriptEngine.java:119)
	at com.kms.katalon.core.main.TestCaseExecutor.runScript(TestCaseExecutor.java:398)
	at com.kms.katalon.core.main.TestCaseExecutor.doExecute(TestCaseExecutor.java:389)
	at com.kms.katalon.core.main.TestCaseExecutor.processExecutionPhase(TestCaseExecutor.java:368)
	at com.kms.katalon.core.main.TestCaseExecutor.accessMainPhase(TestCaseExecutor.java:360)
	at com.kms.katalon.core.main.TestCaseExecutor.execute(TestCaseExecutor.java:255)
	at com.kms.katalon.core.main.TestSuiteExecutor.accessTestCaseMainPhase(TestSuiteExecutor.java:203)
	at com.kms.katalon.core.main.TestSuiteExecutor.accessTestSuiteMainPhase(TestSuiteExecutor.java:152)
	at com.kms.katalon.core.main.TestSuiteExecutor.execute(TestSuiteExecutor.java:95)
	at com.kms.katalon.core.main.TestCaseMain.startTestSuite(TestCaseMain.java:157)
	at com.kms.katalon.core.main.TestCaseMain$startTestSuite$0.call(Unknown Source)
	at TempTestSuite1631263512261.run(TempTestSuite1631263512261.groovy:39)
)
[[ATTACHMENT|/Users/loantran/Documents/mobile-samples-iOS/Reports/20210910_154512/Simulators/DragAndDrop application/20210910_154512/1631263796439.png]]

2021-09-10 15:49:56 - [TEST_STEP][PASSED] - catch (Exception e): null

2021-09-10 15:49:56 - [TEST_STEP][PASSED] - assert true: null

2021-09-10 15:49:56 - [TEST_STEP][PASSED] - lblAddItem = findTestObject("DragAndDropApps/Tap/XCUIElementTypeStaticText - Add Item"): null

2021-09-10 15:49:56 - [TEST_STEP][PASSED] - try: Element 'Object Repository/DragAndDropApps/Tap/XCUIElementTypeStaticText - Add Item' not found

2021-09-10 15:49:56 - [TEST_STEP][PASSED] - verifyElementNotVisible(lblAddItem, 5): Element 'Object Repository/DragAndDropApps/Tap/XCUIElementTypeStaticText - Add Item' not found

2021-09-10 15:50:01 - [MESSAGE][PASSED] - Element 'Object Repository/DragAndDropApps/Tap/XCUIElementTypeStaticText - Add Item' not found

2021-09-10 15:50:01 - [TEST_STEP][PASSED] - Start tear down : tearDownTestCase: Method 'tearDownTestCase' complete successfully

2021-09-10 15:50:01 - [TEST_STEP][PASSED] - driver = getDriver(): null

2021-09-10 15:50:01 - [TEST_STEP][PASSED] - driver.resetApp(): null

2021-09-10 15:50:06 - [MESSAGE][PASSED] - Method 'tearDownTestCase' complete successfully]]></system-out>
         <system-err><![CDATA[]]></system-err>
      </testcase>
      <testcase name="Test Cases/All test cases/Get text" time="12.369" classname="Test Cases/All test cases/Get text" status="PASSED">
         <system-out><![CDATA[2021-09-10 15:50:06 - [TEST_CASE][PASSED] - Test Cases/All test cases/Get text: Test Cases/All test cases/Get text

2021-09-10 15:50:07 - [TEST_STEP][PASSED] - tap(findTestObject("DragAndDropApps/Clear text/XCUIElementTypeStaticText - Add"), 0): Tapped on element 'Object Repository/DragAndDropApps/Clear text/XCUIElementTypeStaticText - Add'

2021-09-10 15:50:07 - [MESSAGE][WARNING] - Timeout '0' is invalid. Using default page load timeout: '30'

2021-09-10 15:50:08 - [MESSAGE][PASSED] - Tapped on element 'Object Repository/DragAndDropApps/Clear text/XCUIElementTypeStaticText - Add'

2021-09-10 15:50:08 - [TEST_STEP][PASSED] - txtEmptyElem = findTestObject("DragAndDropApps/Clear text/XCUIElementTypeTextField"): null

2021-09-10 15:50:08 - [TEST_STEP][PASSED] - inputText = "Katalon QA Team": null

2021-09-10 15:50:08 - [TEST_STEP][PASSED] - callTestCase(findTestCase("_common/functionTC_setText"), ["object":txtEmptyElem, "text":inputText]): Call Test Case 'Test Cases/_common/functionTC_setText' successfully

2021-09-10 15:50:09 - [TEST_CASE][PASSED] - Test Cases/_common/functionTC_setText: Test Cases/_common/functionTC_setText

2021-09-10 15:50:09 - [TEST_STEP][PASSED] - setText(object, text, 0): Text 'Katalon QA Team' has been set to element 'Object Repository/DragAndDropApps/Clear text/XCUIElementTypeTextField'

2021-09-10 15:50:09 - [MESSAGE][WARNING] - Timeout '0' is invalid. Using default page load timeout: '30'

2021-09-10 15:50:11 - [MESSAGE][PASSED] - Text 'Katalon QA Team' has been set to element 'Object Repository/DragAndDropApps/Clear text/XCUIElementTypeTextField'

2021-09-10 15:50:11 - [MESSAGE][PASSED] - Call Test Case 'Test Cases/_common/functionTC_setText' successfully

2021-09-10 15:50:11 - [TEST_STEP][PASSED] - txtElem = findTestObject("DragAndDropApps/Clear text/XCUIElementTypeTextField - element after inputting text", ["dynamicText":inputText]): null

2021-09-10 15:50:11 - [TEST_STEP][PASSED] - value = getText(txtElem, 0): Text of element 'Object Repository/DragAndDropApps/Clear text/XCUIElementTypeTextField - element after inputting text' is: 'Katalon QA Team'

2021-09-10 15:50:11 - [MESSAGE][WARNING] - Timeout '0' is invalid. Using default page load timeout: '30'

2021-09-10 15:50:14 - [MESSAGE][PASSED] - Text of element 'Object Repository/DragAndDropApps/Clear text/XCUIElementTypeTextField - element after inputting text' is: 'Katalon QA Team'

2021-09-10 15:50:14 - [TEST_STEP][PASSED] - verifyMatch(inputText, value, false): Actual text 'Katalon QA Team' and expected text 'Katalon QA Team' are matched 

2021-09-10 15:50:14 - [MESSAGE][PASSED] - Actual text 'Katalon QA Team' and expected text 'Katalon QA Team' are matched 

2021-09-10 15:50:14 - [TEST_STEP][PASSED] - Start tear down : tearDownTestCase: Method 'tearDownTestCase' complete successfully

2021-09-10 15:50:14 - [TEST_STEP][PASSED] - driver = getDriver(): null

2021-09-10 15:50:14 - [TEST_STEP][PASSED] - driver.resetApp(): null

2021-09-10 15:50:19 - [MESSAGE][PASSED] - Method 'tearDownTestCase' complete successfully]]></system-out>
         <system-err><![CDATA[]]></system-err>
      </testcase>
      <testcase name="Test Cases/All test cases/Clear text" time="44.567" classname="Test Cases/All test cases/Clear text" status="PASSED">
         <system-out><![CDATA[2021-09-10 15:50:19 - [TEST_CASE][PASSED] - Test Cases/All test cases/Clear text: Test Cases/All test cases/Clear text

2021-09-10 15:50:19 - [TEST_STEP][PASSED] - tap(findTestObject("DragAndDropApps/Clear text/XCUIElementTypeStaticText - Add"), 0): Tapped on element 'Object Repository/DragAndDropApps/Clear text/XCUIElementTypeStaticText - Add'

2021-09-10 15:50:19 - [MESSAGE][WARNING] - Timeout '0' is invalid. Using default page load timeout: '30'

2021-09-10 15:50:21 - [MESSAGE][PASSED] - Tapped on element 'Object Repository/DragAndDropApps/Clear text/XCUIElementTypeStaticText - Add'

2021-09-10 15:50:21 - [TEST_STEP][PASSED] - txtEmptyElem = findTestObject("DragAndDropApps/Clear text/XCUIElementTypeTextField"): null

2021-09-10 15:50:21 - [TEST_STEP][PASSED] - inputText = "Katalon QA Team": null

2021-09-10 15:50:21 - [TEST_STEP][PASSED] - callTestCase(findTestCase("_common/functionTC_setText"), ["object":txtEmptyElem, "text":inputText]): Call Test Case 'Test Cases/_common/functionTC_setText' successfully

2021-09-10 15:50:22 - [TEST_CASE][PASSED] - Test Cases/_common/functionTC_setText: Test Cases/_common/functionTC_setText

2021-09-10 15:50:22 - [TEST_STEP][PASSED] - setText(object, text, 0): Text 'Katalon QA Team' has been set to element 'Object Repository/DragAndDropApps/Clear text/XCUIElementTypeTextField'

2021-09-10 15:50:22 - [MESSAGE][WARNING] - Timeout '0' is invalid. Using default page load timeout: '30'

2021-09-10 15:50:24 - [MESSAGE][PASSED] - Text 'Katalon QA Team' has been set to element 'Object Repository/DragAndDropApps/Clear text/XCUIElementTypeTextField'

2021-09-10 15:50:24 - [MESSAGE][PASSED] - Call Test Case 'Test Cases/_common/functionTC_setText' successfully

2021-09-10 15:50:24 - [TEST_STEP][PASSED] - txtElem = findTestObject("DragAndDropApps/Clear text/XCUIElementTypeTextField - element after inputting text", ["dynamicText":inputText]): null

2021-09-10 15:50:24 - [TEST_STEP][PASSED] - clearText(txtElem, 0): Element 'Object Repository/DragAndDropApps/Clear text/XCUIElementTypeTextField - element after inputting text' text is cleared

2021-09-10 15:50:24 - [MESSAGE][WARNING] - Timeout '0' is invalid. Using default page load timeout: '30'

2021-09-10 15:50:28 - [MESSAGE][PASSED] - Element 'Object Repository/DragAndDropApps/Clear text/XCUIElementTypeTextField - element after inputting text' text is cleared

2021-09-10 15:50:28 - [TEST_STEP][PASSED] - verifyElementNotExist(txtElem, 0): Element 'Object Repository/DragAndDropApps/Clear text/XCUIElementTypeTextField - element after inputting text' not found

2021-09-10 15:50:28 - [MESSAGE][WARNING] - Timeout '0' is invalid. Using default page load timeout: '30'

2021-09-10 15:50:58 - [MESSAGE][PASSED] - Element 'Object Repository/DragAndDropApps/Clear text/XCUIElementTypeTextField - element after inputting text' not found

2021-09-10 15:50:58 - [TEST_STEP][PASSED] - Start tear down : tearDownTestCase: Method 'tearDownTestCase' complete successfully

2021-09-10 15:50:58 - [TEST_STEP][PASSED] - driver = getDriver(): null

2021-09-10 15:50:58 - [TEST_STEP][PASSED] - driver.resetApp(): null

2021-09-10 15:51:03 - [MESSAGE][PASSED] - Method 'tearDownTestCase' complete successfully]]></system-out>
         <system-err><![CDATA[]]></system-err>
      </testcase>
      <testcase name="Test Cases/All test cases/Verify element visible" time="37.999" classname="Test Cases/All test cases/Verify element visible" status="PASSED">
         <system-out><![CDATA[2021-09-10 15:51:03 - [TEST_CASE][PASSED] - Test Cases/All test cases/Verify element visible: Test Cases/All test cases/Verify element visible

2021-09-10 15:51:04 - [TEST_STEP][PASSED] - elem = findTestObject("DragAndDropApps/Drad and drop/XCUIElementTypeStaticText - Database Migration"): null

2021-09-10 15:51:04 - [TEST_STEP][PASSED] - try: Element 'Object Repository/DragAndDropApps/Drad and drop/XCUIElementTypeStaticText - Database Migration' is visible

2021-09-10 15:51:04 - [TEST_STEP][PASSED] - verifyElementVisible(elem, 5): Element 'Object Repository/DragAndDropApps/Drad and drop/XCUIElementTypeStaticText - Database Migration' is visible

2021-09-10 15:51:05 - [MESSAGE][PASSED] - Element 'Object Repository/DragAndDropApps/Drad and drop/XCUIElementTypeStaticText - Database Migration' is visible

2021-09-10 15:51:05 - [TEST_STEP][PASSED] - lblAddItem = findTestObject("DragAndDropApps/Tap/XCUIElementTypeStaticText - Add Item"): null

2021-09-10 15:51:05 - [TEST_STEP][FAILED] - try: Failed to check for element 'Object Repository/DragAndDropApps/Tap/XCUIElementTypeStaticText - Add Item' visible (Root cause: com.kms.katalon.core.exception.StepFailedException: Element 'Object Repository/DragAndDropApps/Tap/XCUIElementTypeStaticText - Add Item' not found
	at com.kms.katalon.core.keyword.internal.KeywordMain.stepFailed(KeywordMain.groovy:50)
	at com.kms.katalon.core.mobile.keyword.internal.MobileKeywordMain.stepFailed(MobileKeywordMain.groovy:40)
	at com.kms.katalon.core.mobile.keyword.builtin.VerifyElementVisibleKeyword$_verifyElementVisible_closure1.doCall(VerifyElementVisibleKeyword.groovy:82)
	at com.kms.katalon.core.mobile.keyword.builtin.VerifyElementVisibleKeyword$_verifyElementVisible_closure1.call(VerifyElementVisibleKeyword.groovy)
	at com.kms.katalon.core.mobile.keyword.internal.MobileKeywordMain.runKeyword(MobileKeywordMain.groovy:21)
	at com.kms.katalon.core.mobile.keyword.builtin.VerifyElementVisibleKeyword.verifyElementVisible(VerifyElementVisibleKeyword.groovy:85)
	at com.kms.katalon.core.mobile.keyword.builtin.VerifyElementVisibleKeyword.execute(VerifyElementVisibleKeyword.groovy:64)
	at com.kms.katalon.core.keyword.internal.KeywordExecutor.executeKeywordForPlatform(KeywordExecutor.groovy:73)
	at com.kms.katalon.core.mobile.keyword.MobileBuiltInKeywords.verifyElementVisible(MobileBuiltInKeywords.groovy:1862)
	at com.kms.katalon.core.mobile.keyword.MobileBuiltInKeywords$verifyElementVisible$26.call(Unknown Source)
	at Verify element visible.run(Verify element visible:34)
	at com.kms.katalon.core.main.ScriptEngine.run(ScriptEngine.java:194)
	at com.kms.katalon.core.main.ScriptEngine.runScriptAsRawText(ScriptEngine.java:119)
	at com.kms.katalon.core.main.TestCaseExecutor.runScript(TestCaseExecutor.java:398)
	at com.kms.katalon.core.main.TestCaseExecutor.doExecute(TestCaseExecutor.java:389)
	at com.kms.katalon.core.main.TestCaseExecutor.processExecutionPhase(TestCaseExecutor.java:368)
	at com.kms.katalon.core.main.TestCaseExecutor.accessMainPhase(TestCaseExecutor.java:360)
	at com.kms.katalon.core.main.TestCaseExecutor.execute(TestCaseExecutor.java:255)
	at com.kms.katalon.core.main.TestSuiteExecutor.accessTestCaseMainPhase(TestSuiteExecutor.java:203)
	at com.kms.katalon.core.main.TestSuiteExecutor.accessTestSuiteMainPhase(TestSuiteExecutor.java:152)
	at com.kms.katalon.core.main.TestSuiteExecutor.execute(TestSuiteExecutor.java:95)
	at com.kms.katalon.core.main.TestCaseMain.startTestSuite(TestCaseMain.java:157)
	at com.kms.katalon.core.main.TestCaseMain$startTestSuite$0.call(Unknown Source)
	at TempTestSuite1631263512261.run(TempTestSuite1631263512261.groovy:39)
)

2021-09-10 15:51:05 - [TEST_STEP][FAILED] - verifyElementVisible(lblAddItem, 0): Failed to check for element 'Object Repository/DragAndDropApps/Tap/XCUIElementTypeStaticText - Add Item' visible (Root cause: com.kms.katalon.core.exception.StepFailedException: Element 'Object Repository/DragAndDropApps/Tap/XCUIElementTypeStaticText - Add Item' not found
	at com.kms.katalon.core.keyword.internal.KeywordMain.stepFailed(KeywordMain.groovy:50)
	at com.kms.katalon.core.mobile.keyword.internal.MobileKeywordMain.stepFailed(MobileKeywordMain.groovy:40)
	at com.kms.katalon.core.mobile.keyword.builtin.VerifyElementVisibleKeyword$_verifyElementVisible_closure1.doCall(VerifyElementVisibleKeyword.groovy:82)
	at com.kms.katalon.core.mobile.keyword.builtin.VerifyElementVisibleKeyword$_verifyElementVisible_closure1.call(VerifyElementVisibleKeyword.groovy)
	at com.kms.katalon.core.mobile.keyword.internal.MobileKeywordMain.runKeyword(MobileKeywordMain.groovy:21)
	at com.kms.katalon.core.mobile.keyword.builtin.VerifyElementVisibleKeyword.verifyElementVisible(VerifyElementVisibleKeyword.groovy:85)
	at com.kms.katalon.core.mobile.keyword.builtin.VerifyElementVisibleKeyword.execute(VerifyElementVisibleKeyword.groovy:64)
	at com.kms.katalon.core.keyword.internal.KeywordExecutor.executeKeywordForPlatform(KeywordExecutor.groovy:73)
	at com.kms.katalon.core.mobile.keyword.MobileBuiltInKeywords.verifyElementVisible(MobileBuiltInKeywords.groovy:1862)
	at com.kms.katalon.core.mobile.keyword.MobileBuiltInKeywords$verifyElementVisible$26.call(Unknown Source)
	at Verify element visible.run(Verify element visible:34)
	at com.kms.katalon.core.main.ScriptEngine.run(ScriptEngine.java:194)
	at com.kms.katalon.core.main.ScriptEngine.runScriptAsRawText(ScriptEngine.java:119)
	at com.kms.katalon.core.main.TestCaseExecutor.runScript(TestCaseExecutor.java:398)
	at com.kms.katalon.core.main.TestCaseExecutor.doExecute(TestCaseExecutor.java:389)
	at com.kms.katalon.core.main.TestCaseExecutor.processExecutionPhase(TestCaseExecutor.java:368)
	at com.kms.katalon.core.main.TestCaseExecutor.accessMainPhase(TestCaseExecutor.java:360)
	at com.kms.katalon.core.main.TestCaseExecutor.execute(TestCaseExecutor.java:255)
	at com.kms.katalon.core.main.TestSuiteExecutor.accessTestCaseMainPhase(TestSuiteExecutor.java:203)
	at com.kms.katalon.core.main.TestSuiteExecutor.accessTestSuiteMainPhase(TestSuiteExecutor.java:152)
	at com.kms.katalon.core.main.TestSuiteExecutor.execute(TestSuiteExecutor.java:95)
	at com.kms.katalon.core.main.TestCaseMain.startTestSuite(TestCaseMain.java:157)
	at com.kms.katalon.core.main.TestCaseMain$startTestSuite$0.call(Unknown Source)
	at TempTestSuite1631263512261.run(TempTestSuite1631263512261.groovy:39)
)

2021-09-10 15:51:05 - [MESSAGE][WARNING] - Timeout '0' is invalid. Using default page load timeout: '30'

2021-09-10 15:51:36 - [MESSAGE][FAILED] - Element 'Object Repository/DragAndDropApps/Tap/XCUIElementTypeStaticText - Add Item' not found
[[ATTACHMENT|/Users/loantran/Documents/mobile-samples-iOS/Reports/20210910_154512/Simulators/DragAndDrop application/20210910_154512/1631263896368.png]]

2021-09-10 15:51:36 - [MESSAGE][FAILED] - Failed to check for element 'Object Repository/DragAndDropApps/Tap/XCUIElementTypeStaticText - Add Item' visible (Root cause: com.kms.katalon.core.exception.StepFailedException: Element 'Object Repository/DragAndDropApps/Tap/XCUIElementTypeStaticText - Add Item' not found
	at com.kms.katalon.core.keyword.internal.KeywordMain.stepFailed(KeywordMain.groovy:50)
	at com.kms.katalon.core.mobile.keyword.internal.MobileKeywordMain.stepFailed(MobileKeywordMain.groovy:40)
	at com.kms.katalon.core.mobile.keyword.builtin.VerifyElementVisibleKeyword$_verifyElementVisible_closure1.doCall(VerifyElementVisibleKeyword.groovy:82)
	at com.kms.katalon.core.mobile.keyword.builtin.VerifyElementVisibleKeyword$_verifyElementVisible_closure1.call(VerifyElementVisibleKeyword.groovy)
	at com.kms.katalon.core.mobile.keyword.internal.MobileKeywordMain.runKeyword(MobileKeywordMain.groovy:21)
	at com.kms.katalon.core.mobile.keyword.builtin.VerifyElementVisibleKeyword.verifyElementVisible(VerifyElementVisibleKeyword.groovy:85)
	at com.kms.katalon.core.mobile.keyword.builtin.VerifyElementVisibleKeyword.execute(VerifyElementVisibleKeyword.groovy:64)
	at com.kms.katalon.core.keyword.internal.KeywordExecutor.executeKeywordForPlatform(KeywordExecutor.groovy:73)
	at com.kms.katalon.core.mobile.keyword.MobileBuiltInKeywords.verifyElementVisible(MobileBuiltInKeywords.groovy:1862)
	at com.kms.katalon.core.mobile.keyword.MobileBuiltInKeywords$verifyElementVisible$26.call(Unknown Source)
	at Verify element visible.run(Verify element visible:34)
	at com.kms.katalon.core.main.ScriptEngine.run(ScriptEngine.java:194)
	at com.kms.katalon.core.main.ScriptEngine.runScriptAsRawText(ScriptEngine.java:119)
	at com.kms.katalon.core.main.TestCaseExecutor.runScript(TestCaseExecutor.java:398)
	at com.kms.katalon.core.main.TestCaseExecutor.doExecute(TestCaseExecutor.java:389)
	at com.kms.katalon.core.main.TestCaseExecutor.processExecutionPhase(TestCaseExecutor.java:368)
	at com.kms.katalon.core.main.TestCaseExecutor.accessMainPhase(TestCaseExecutor.java:360)
	at com.kms.katalon.core.main.TestCaseExecutor.execute(TestCaseExecutor.java:255)
	at com.kms.katalon.core.main.TestSuiteExecutor.accessTestCaseMainPhase(TestSuiteExecutor.java:203)
	at com.kms.katalon.core.main.TestSuiteExecutor.accessTestSuiteMainPhase(TestSuiteExecutor.java:152)
	at com.kms.katalon.core.main.TestSuiteExecutor.execute(TestSuiteExecutor.java:95)
	at com.kms.katalon.core.main.TestCaseMain.startTestSuite(TestCaseMain.java:157)
	at com.kms.katalon.core.main.TestCaseMain$startTestSuite$0.call(Unknown Source)
	at TempTestSuite1631263512261.run(TempTestSuite1631263512261.groovy:39)
)
[[ATTACHMENT|/Users/loantran/Documents/mobile-samples-iOS/Reports/20210910_154512/Simulators/DragAndDrop application/20210910_154512/1631263896613.png]]

2021-09-10 15:51:36 - [TEST_STEP][PASSED] - catch (Exception e): null

2021-09-10 15:51:36 - [TEST_STEP][PASSED] - assert true: null

2021-09-10 15:51:36 - [TEST_STEP][PASSED] - Start tear down : tearDownTestCase: Method 'tearDownTestCase' complete successfully

2021-09-10 15:51:36 - [TEST_STEP][PASSED] - driver = getDriver(): null

2021-09-10 15:51:36 - [TEST_STEP][PASSED] - driver.resetApp(): null

2021-09-10 15:51:41 - [MESSAGE][PASSED] - Method 'tearDownTestCase' complete successfully]]></system-out>
         <system-err><![CDATA[]]></system-err>
      </testcase>
      <testcase name="Test Cases/All test cases/Send keys" time="13.062" classname="Test Cases/All test cases/Send keys" status="PASSED">
         <system-out><![CDATA[2021-09-10 15:51:41 - [TEST_CASE][PASSED] - Test Cases/All test cases/Send keys: Test Cases/All test cases/Send keys

2021-09-10 15:51:42 - [TEST_STEP][PASSED] - tap(findTestObject("DragAndDropApps/Clear text/XCUIElementTypeStaticText - Add"), 0): Tapped on element 'Object Repository/DragAndDropApps/Clear text/XCUIElementTypeStaticText - Add'

2021-09-10 15:51:42 - [MESSAGE][WARNING] - Timeout '0' is invalid. Using default page load timeout: '30'

2021-09-10 15:51:44 - [MESSAGE][PASSED] - Tapped on element 'Object Repository/DragAndDropApps/Clear text/XCUIElementTypeStaticText - Add'

2021-09-10 15:51:44 - [TEST_STEP][PASSED] - txtEmptyElem = findTestObject("DragAndDropApps/Clear text/XCUIElementTypeTextField"): null

2021-09-10 15:51:44 - [TEST_STEP][PASSED] - inputText = "Katalon QA Team": null

2021-09-10 15:51:44 - [TEST_STEP][PASSED] - sendKeys(txtEmptyElem, inputText): Send keys 'Katalon QA Team' on test object 'Object Repository/DragAndDropApps/Clear text/XCUIElementTypeTextField' successfully.

2021-09-10 15:51:46 - [MESSAGE][PASSED] - Send keys 'Katalon QA Team' on test object 'Object Repository/DragAndDropApps/Clear text/XCUIElementTypeTextField' successfully.

2021-09-10 15:51:46 - [TEST_STEP][PASSED] - txtElem = findTestObject("DragAndDropApps/Clear text/XCUIElementTypeTextField - element after inputting text", ["dynamicText":inputText]): null

2021-09-10 15:51:46 - [TEST_STEP][PASSED] - verifyElementExist(txtElem, 0): Element 'Object Repository/DragAndDropApps/Clear text/XCUIElementTypeTextField - element after inputting text' is exist

2021-09-10 15:51:46 - [MESSAGE][WARNING] - Timeout '0' is invalid. Using default page load timeout: '30'

2021-09-10 15:51:49 - [MESSAGE][PASSED] - Element 'Object Repository/DragAndDropApps/Clear text/XCUIElementTypeTextField - element after inputting text' is exist

2021-09-10 15:51:49 - [TEST_STEP][PASSED] - Start tear down : tearDownTestCase: Method 'tearDownTestCase' complete successfully

2021-09-10 15:51:49 - [TEST_STEP][PASSED] - driver = getDriver(): null

2021-09-10 15:51:49 - [TEST_STEP][PASSED] - driver.resetApp(): null

2021-09-10 15:51:54 - [MESSAGE][PASSED] - Method 'tearDownTestCase' complete successfully]]></system-out>
         <system-err><![CDATA[]]></system-err>
      </testcase>
      <testcase name="Test Cases/All test cases/Switch to landscape" time="8.62" classname="Test Cases/All test cases/Switch to landscape" status="PASSED">
         <system-out><![CDATA[2021-09-10 15:51:54 - [TEST_CASE][PASSED] - Test Cases/All test cases/Switch to landscape: Test Cases/All test cases/Switch to landscape

2021-09-10 15:51:55 - [TEST_STEP][PASSED] - switchToLandscape(): Switching the device to landscape mode successfully

2021-09-10 15:51:56 - [MESSAGE][PASSED] - Switching the device to landscape mode successfully

2021-09-10 15:51:56 - [TEST_STEP][PASSED] - verifyIsLandscape(STOP_ON_FAILURE): Device is in landspace mode

2021-09-10 15:51:56 - [MESSAGE][PASSED] - Device is in landspace mode

2021-09-10 15:51:56 - [TEST_STEP][PASSED] - switchToPortrait(): Switching the device to portrait mode successfully

2021-09-10 15:51:57 - [MESSAGE][PASSED] - Switching the device to portrait mode successfully

2021-09-10 15:51:57 - [TEST_STEP][PASSED] - Start tear down : tearDownTestCase: Method 'tearDownTestCase' complete successfully

2021-09-10 15:51:57 - [TEST_STEP][PASSED] - driver = getDriver(): null

2021-09-10 15:51:57 - [TEST_STEP][PASSED] - driver.resetApp(): null

2021-09-10 15:52:03 - [MESSAGE][PASSED] - Method 'tearDownTestCase' complete successfully]]></system-out>
         <system-err><![CDATA[]]></system-err>
      </testcase>
      <testcase name="Test Cases/All test cases/Verify is landscape" time="8.797" classname="Test Cases/All test cases/Verify is landscape" status="PASSED">
         <system-out><![CDATA[2021-09-10 15:52:03 - [TEST_CASE][PASSED] - Test Cases/All test cases/Verify is landscape: Test Cases/All test cases/Verify is landscape

2021-09-10 15:52:03 - [TEST_STEP][PASSED] - switchToLandscape(): Switching the device to landscape mode successfully

2021-09-10 15:52:04 - [MESSAGE][PASSED] - Switching the device to landscape mode successfully

2021-09-10 15:52:04 - [TEST_STEP][PASSED] - try: null

2021-09-10 15:52:04 - [TEST_STEP][PASSED] - verifyIsLandscape(STOP_ON_FAILURE): Device is in landspace mode

2021-09-10 15:52:04 - [MESSAGE][PASSED] - Device is in landspace mode

2021-09-10 15:52:04 - [TEST_STEP][PASSED] - assert true: null

2021-09-10 15:52:04 - [TEST_STEP][PASSED] - switchToPortrait(): Switching the device to portrait mode successfully

2021-09-10 15:52:05 - [MESSAGE][PASSED] - Switching the device to portrait mode successfully

2021-09-10 15:52:05 - [TEST_STEP][FAILED] - try: Unable to verify if device is in landspace mode (Root cause: com.kms.katalon.core.exception.StepFailedException: Device is NOT in landspace mode
	at com.kms.katalon.core.keyword.internal.KeywordMain.stepFailed(KeywordMain.groovy:50)
	at com.kms.katalon.core.mobile.keyword.internal.MobileKeywordMain.stepFailed(MobileKeywordMain.groovy:40)
	at com.kms.katalon.core.mobile.keyword.builtin.VerifyIsLandscapeKeyword$_verifyIsLandscape_closure1.doCall(VerifyIsLandscapeKeyword.groovy:76)
	at com.kms.katalon.core.mobile.keyword.builtin.VerifyIsLandscapeKeyword$_verifyIsLandscape_closure1.call(VerifyIsLandscapeKeyword.groovy)
	at com.kms.katalon.core.mobile.keyword.internal.MobileKeywordMain.runKeyword(MobileKeywordMain.groovy:21)
	at com.kms.katalon.core.mobile.keyword.builtin.VerifyIsLandscapeKeyword.verifyIsLandscape(VerifyIsLandscapeKeyword.groovy:67)
	at com.kms.katalon.core.mobile.keyword.builtin.VerifyIsLandscapeKeyword.execute(VerifyIsLandscapeKeyword.groovy:62)
	at com.kms.katalon.core.keyword.internal.KeywordExecutor.executeKeywordForPlatform(KeywordExecutor.groovy:73)
	at com.kms.katalon.core.mobile.keyword.MobileBuiltInKeywords.verifyIsLandscape(MobileBuiltInKeywords.groovy:1661)
	at com.kms.katalon.core.mobile.keyword.MobileBuiltInKeywords$verifyIsLandscape$28.call(Unknown Source)
	at Verify is landscape.run(Verify is landscape:36)
	at com.kms.katalon.core.main.ScriptEngine.run(ScriptEngine.java:194)
	at com.kms.katalon.core.main.ScriptEngine.runScriptAsRawText(ScriptEngine.java:119)
	at com.kms.katalon.core.main.TestCaseExecutor.runScript(TestCaseExecutor.java:398)
	at com.kms.katalon.core.main.TestCaseExecutor.doExecute(TestCaseExecutor.java:389)
	at com.kms.katalon.core.main.TestCaseExecutor.processExecutionPhase(TestCaseExecutor.java:368)
	at com.kms.katalon.core.main.TestCaseExecutor.accessMainPhase(TestCaseExecutor.java:360)
	at com.kms.katalon.core.main.TestCaseExecutor.execute(TestCaseExecutor.java:255)
	at com.kms.katalon.core.main.TestSuiteExecutor.accessTestCaseMainPhase(TestSuiteExecutor.java:203)
	at com.kms.katalon.core.main.TestSuiteExecutor.accessTestSuiteMainPhase(TestSuiteExecutor.java:152)
	at com.kms.katalon.core.main.TestSuiteExecutor.execute(TestSuiteExecutor.java:95)
	at com.kms.katalon.core.main.TestCaseMain.startTestSuite(TestCaseMain.java:157)
	at com.kms.katalon.core.main.TestCaseMain$startTestSuite$0.call(Unknown Source)
	at TempTestSuite1631263512261.run(TempTestSuite1631263512261.groovy:39)
)

2021-09-10 15:52:05 - [TEST_STEP][FAILED] - verifyIsLandscape(STOP_ON_FAILURE): Unable to verify if device is in landspace mode (Root cause: com.kms.katalon.core.exception.StepFailedException: Device is NOT in landspace mode
	at com.kms.katalon.core.keyword.internal.KeywordMain.stepFailed(KeywordMain.groovy:50)
	at com.kms.katalon.core.mobile.keyword.internal.MobileKeywordMain.stepFailed(MobileKeywordMain.groovy:40)
	at com.kms.katalon.core.mobile.keyword.builtin.VerifyIsLandscapeKeyword$_verifyIsLandscape_closure1.doCall(VerifyIsLandscapeKeyword.groovy:76)
	at com.kms.katalon.core.mobile.keyword.builtin.VerifyIsLandscapeKeyword$_verifyIsLandscape_closure1.call(VerifyIsLandscapeKeyword.groovy)
	at com.kms.katalon.core.mobile.keyword.internal.MobileKeywordMain.runKeyword(MobileKeywordMain.groovy:21)
	at com.kms.katalon.core.mobile.keyword.builtin.VerifyIsLandscapeKeyword.verifyIsLandscape(VerifyIsLandscapeKeyword.groovy:67)
	at com.kms.katalon.core.mobile.keyword.builtin.VerifyIsLandscapeKeyword.execute(VerifyIsLandscapeKeyword.groovy:62)
	at com.kms.katalon.core.keyword.internal.KeywordExecutor.executeKeywordForPlatform(KeywordExecutor.groovy:73)
	at com.kms.katalon.core.mobile.keyword.MobileBuiltInKeywords.verifyIsLandscape(MobileBuiltInKeywords.groovy:1661)
	at com.kms.katalon.core.mobile.keyword.MobileBuiltInKeywords$verifyIsLandscape$28.call(Unknown Source)
	at Verify is landscape.run(Verify is landscape:36)
	at com.kms.katalon.core.main.ScriptEngine.run(ScriptEngine.java:194)
	at com.kms.katalon.core.main.ScriptEngine.runScriptAsRawText(ScriptEngine.java:119)
	at com.kms.katalon.core.main.TestCaseExecutor.runScript(TestCaseExecutor.java:398)
	at com.kms.katalon.core.main.TestCaseExecutor.doExecute(TestCaseExecutor.java:389)
	at com.kms.katalon.core.main.TestCaseExecutor.processExecutionPhase(TestCaseExecutor.java:368)
	at com.kms.katalon.core.main.TestCaseExecutor.accessMainPhase(TestCaseExecutor.java:360)
	at com.kms.katalon.core.main.TestCaseExecutor.execute(TestCaseExecutor.java:255)
	at com.kms.katalon.core.main.TestSuiteExecutor.accessTestCaseMainPhase(TestSuiteExecutor.java:203)
	at com.kms.katalon.core.main.TestSuiteExecutor.accessTestSuiteMainPhase(TestSuiteExecutor.java:152)
	at com.kms.katalon.core.main.TestSuiteExecutor.execute(TestSuiteExecutor.java:95)
	at com.kms.katalon.core.main.TestCaseMain.startTestSuite(TestCaseMain.java:157)
	at com.kms.katalon.core.main.TestCaseMain$startTestSuite$0.call(Unknown Source)
	at TempTestSuite1631263512261.run(TempTestSuite1631263512261.groovy:39)
)

2021-09-10 15:52:06 - [MESSAGE][FAILED] - Device is NOT in landspace mode
[[ATTACHMENT|/Users/loantran/Documents/mobile-samples-iOS/Reports/20210910_154512/Simulators/DragAndDrop application/20210910_154512/1631263925805.png]]

2021-09-10 15:52:06 - [MESSAGE][FAILED] - Unable to verify if device is in landspace mode (Root cause: com.kms.katalon.core.exception.StepFailedException: Device is NOT in landspace mode
	at com.kms.katalon.core.keyword.internal.KeywordMain.stepFailed(KeywordMain.groovy:50)
	at com.kms.katalon.core.mobile.keyword.internal.MobileKeywordMain.stepFailed(MobileKeywordMain.groovy:40)
	at com.kms.katalon.core.mobile.keyword.builtin.VerifyIsLandscapeKeyword$_verifyIsLandscape_closure1.doCall(VerifyIsLandscapeKeyword.groovy:76)
	at com.kms.katalon.core.mobile.keyword.builtin.VerifyIsLandscapeKeyword$_verifyIsLandscape_closure1.call(VerifyIsLandscapeKeyword.groovy)
	at com.kms.katalon.core.mobile.keyword.internal.MobileKeywordMain.runKeyword(MobileKeywordMain.groovy:21)
	at com.kms.katalon.core.mobile.keyword.builtin.VerifyIsLandscapeKeyword.verifyIsLandscape(VerifyIsLandscapeKeyword.groovy:67)
	at com.kms.katalon.core.mobile.keyword.builtin.VerifyIsLandscapeKeyword.execute(VerifyIsLandscapeKeyword.groovy:62)
	at com.kms.katalon.core.keyword.internal.KeywordExecutor.executeKeywordForPlatform(KeywordExecutor.groovy:73)
	at com.kms.katalon.core.mobile.keyword.MobileBuiltInKeywords.verifyIsLandscape(MobileBuiltInKeywords.groovy:1661)
	at com.kms.katalon.core.mobile.keyword.MobileBuiltInKeywords$verifyIsLandscape$28.call(Unknown Source)
	at Verify is landscape.run(Verify is landscape:36)
	at com.kms.katalon.core.main.ScriptEngine.run(ScriptEngine.java:194)
	at com.kms.katalon.core.main.ScriptEngine.runScriptAsRawText(ScriptEngine.java:119)
	at com.kms.katalon.core.main.TestCaseExecutor.runScript(TestCaseExecutor.java:398)
	at com.kms.katalon.core.main.TestCaseExecutor.doExecute(TestCaseExecutor.java:389)
	at com.kms.katalon.core.main.TestCaseExecutor.processExecutionPhase(TestCaseExecutor.java:368)
	at com.kms.katalon.core.main.TestCaseExecutor.accessMainPhase(TestCaseExecutor.java:360)
	at com.kms.katalon.core.main.TestCaseExecutor.execute(TestCaseExecutor.java:255)
	at com.kms.katalon.core.main.TestSuiteExecutor.accessTestCaseMainPhase(TestSuiteExecutor.java:203)
	at com.kms.katalon.core.main.TestSuiteExecutor.accessTestSuiteMainPhase(TestSuiteExecutor.java:152)
	at com.kms.katalon.core.main.TestSuiteExecutor.execute(TestSuiteExecutor.java:95)
	at com.kms.katalon.core.main.TestCaseMain.startTestSuite(TestCaseMain.java:157)
	at com.kms.katalon.core.main.TestCaseMain$startTestSuite$0.call(Unknown Source)
	at TempTestSuite1631263512261.run(TempTestSuite1631263512261.groovy:39)
)
[[ATTACHMENT|/Users/loantran/Documents/mobile-samples-iOS/Reports/20210910_154512/Simulators/DragAndDrop application/20210910_154512/1631263926124.png]]

2021-09-10 15:52:06 - [TEST_STEP][PASSED] - catch (Exception e): null

2021-09-10 15:52:06 - [TEST_STEP][PASSED] - assert true: null

2021-09-10 15:52:06 - [TEST_STEP][PASSED] - Start tear down : tearDownTestCase: Method 'tearDownTestCase' complete successfully

2021-09-10 15:52:06 - [TEST_STEP][PASSED] - driver = getDriver(): null

2021-09-10 15:52:06 - [TEST_STEP][PASSED] - driver.resetApp(): null

2021-09-10 15:52:12 - [MESSAGE][PASSED] - Method 'tearDownTestCase' complete successfully]]></system-out>
         <system-err><![CDATA[]]></system-err>
      </testcase>
      <testcase name="Test Cases/All test cases/Start Application - start internal" time="25.897" classname="Test Cases/All test cases/Start Application - start internal" status="PASSED">
         <system-out><![CDATA[2021-09-10 15:52:12 - [TEST_CASE][PASSED] - Test Cases/All test cases/Start Application - start internal: Test Cases/All test cases/Start Application - start internal

2021-09-10 15:52:13 - [TEST_STEP][PASSED] - closeApplication(): Close app successfully

2021-09-10 15:52:14 - [MESSAGE][PASSED] - Close app successfully

2021-09-10 15:52:14 - [TEST_STEP][PASSED] - katalon.common.StartApps.startMobileApps(): katalon.common.StartApps.startMobileApps is PASSED

2021-09-10 15:52:14 - [MESSAGE][INFO] - ios_webkit_debug_proxy server started on port 50948

2021-09-10 15:52:17 - [MESSAGE][INFO] - Appium server started on port 50,953

2021-09-10 15:52:30 - [MESSAGE][PASSED] - Started app at: '/Users/loantran/Documents/mobile-samples-iOS/Apps/iOS/iPad/DragAndDrop-simulator-iPad8th-ios14.5.app'

2021-09-10 15:52:30 - [MESSAGE][PASSED] - katalon.common.StartApps.startMobileApps is PASSED

2021-09-10 15:52:30 - [TEST_STEP][PASSED] - verifyElementExist(findTestObject("DragAndDropApps/Clear text/XCUIElementTypeStaticText - Add"), 0): Element 'Object Repository/DragAndDropApps/Clear text/XCUIElementTypeStaticText - Add' is exist

2021-09-10 15:52:30 - [MESSAGE][WARNING] - Timeout '0' is invalid. Using default page load timeout: '30'

2021-09-10 15:52:32 - [MESSAGE][PASSED] - Element 'Object Repository/DragAndDropApps/Clear text/XCUIElementTypeStaticText - Add' is exist

2021-09-10 15:52:32 - [TEST_STEP][PASSED] - Start tear down : tearDownTestCase: Method 'tearDownTestCase' complete successfully

2021-09-10 15:52:32 - [TEST_STEP][PASSED] - driver = getDriver(): null

2021-09-10 15:52:32 - [TEST_STEP][PASSED] - driver.resetApp(): null

2021-09-10 15:52:38 - [MESSAGE][PASSED] - Method 'tearDownTestCase' complete successfully]]></system-out>
         <system-err><![CDATA[]]></system-err>
      </testcase>
      <testcase name="Test Cases/All test cases/Get device manufacturer" time="6.166" classname="Test Cases/All test cases/Get device manufacturer" status="PASSED">
         <system-out><![CDATA[2021-09-10 15:52:38 - [TEST_CASE][PASSED] - Test Cases/All test cases/Get device manufacturer: Test Cases/All test cases/Get device manufacturer

2021-09-10 15:52:38 - [TEST_STEP][PASSED] - deviceManufacturer = getDeviceManufacturer(): Device manufacturer is: 'Apple'

2021-09-10 15:52:39 - [MESSAGE][PASSED] - Device manufacturer is: 'Apple'

2021-09-10 15:52:39 - [TEST_STEP][PASSED] - verifyMatch(deviceManufacturer, "Apple", false): Actual text 'Apple' and expected text 'Apple' are matched 

2021-09-10 15:52:39 - [MESSAGE][PASSED] - Actual text 'Apple' and expected text 'Apple' are matched 

2021-09-10 15:52:39 - [TEST_STEP][PASSED] - Start tear down : tearDownTestCase: Method 'tearDownTestCase' complete successfully

2021-09-10 15:52:39 - [TEST_STEP][PASSED] - driver = getDriver(): null

2021-09-10 15:52:39 - [TEST_STEP][PASSED] - driver.resetApp(): null

2021-09-10 15:52:44 - [MESSAGE][PASSED] - Method 'tearDownTestCase' complete successfully]]></system-out>
         <system-err><![CDATA[]]></system-err>
      </testcase>
      <testcase name="Test Cases/All test cases/Tap" time="10.956" classname="Test Cases/All test cases/Tap" status="PASSED">
         <system-out><![CDATA[2021-09-10 15:52:44 - [TEST_CASE][PASSED] - Test Cases/All test cases/Tap: Test Cases/All test cases/Tap

2021-09-10 15:52:44 - [TEST_STEP][PASSED] - tap(findTestObject("DragAndDropApps/Clear text/XCUIElementTypeStaticText - Add"), 0): Tapped on element 'Object Repository/DragAndDropApps/Clear text/XCUIElementTypeStaticText - Add'

2021-09-10 15:52:44 - [MESSAGE][WARNING] - Timeout '0' is invalid. Using default page load timeout: '30'

2021-09-10 15:52:46 - [MESSAGE][PASSED] - Tapped on element 'Object Repository/DragAndDropApps/Clear text/XCUIElementTypeStaticText - Add'

2021-09-10 15:52:46 - [TEST_STEP][PASSED] - lblAddItem = findTestObject("DragAndDropApps/Tap/XCUIElementTypeStaticText - Add Item"): null

2021-09-10 15:52:46 - [TEST_STEP][PASSED] - verifyElementExist(lblAddItem, 0): Element 'Object Repository/DragAndDropApps/Tap/XCUIElementTypeStaticText - Add Item' is exist

2021-09-10 15:52:46 - [MESSAGE][WARNING] - Timeout '0' is invalid. Using default page load timeout: '30'

2021-09-10 15:52:50 - [MESSAGE][PASSED] - Element 'Object Repository/DragAndDropApps/Tap/XCUIElementTypeStaticText - Add Item' is exist

2021-09-10 15:52:50 - [TEST_STEP][PASSED] - Start tear down : tearDownTestCase: Method 'tearDownTestCase' complete successfully

2021-09-10 15:52:50 - [TEST_STEP][PASSED] - driver = getDriver(): null

2021-09-10 15:52:50 - [TEST_STEP][PASSED] - driver.resetApp(): null

2021-09-10 15:52:55 - [MESSAGE][PASSED] - Method 'tearDownTestCase' complete successfully]]></system-out>
         <system-err><![CDATA[]]></system-err>
      </testcase>
      <testcase name="Test Cases/All test cases/Set text" time="12.42" classname="Test Cases/All test cases/Set text" status="PASSED">
         <system-out><![CDATA[2021-09-10 15:52:55 - [TEST_CASE][PASSED] - Test Cases/All test cases/Set text: Test Cases/All test cases/Set text

2021-09-10 15:52:55 - [TEST_STEP][PASSED] - tap(findTestObject("DragAndDropApps/Clear text/XCUIElementTypeStaticText - Add"), 0): Tapped on element 'Object Repository/DragAndDropApps/Clear text/XCUIElementTypeStaticText - Add'

2021-09-10 15:52:55 - [MESSAGE][WARNING] - Timeout '0' is invalid. Using default page load timeout: '30'

2021-09-10 15:52:57 - [MESSAGE][PASSED] - Tapped on element 'Object Repository/DragAndDropApps/Clear text/XCUIElementTypeStaticText - Add'

2021-09-10 15:52:57 - [TEST_STEP][PASSED] - txtEmptyElem = findTestObject("DragAndDropApps/Clear text/XCUIElementTypeTextField"): null

2021-09-10 15:52:57 - [TEST_STEP][PASSED] - inputText = "Katalon QA Team": null

2021-09-10 15:52:57 - [TEST_STEP][PASSED] - callTestCase(findTestCase("_common/functionTC_setText"), ["object":txtEmptyElem, "text":inputText]): Call Test Case 'Test Cases/_common/functionTC_setText' successfully

2021-09-10 15:52:57 - [TEST_CASE][PASSED] - Test Cases/_common/functionTC_setText: Test Cases/_common/functionTC_setText

2021-09-10 15:52:57 - [TEST_STEP][PASSED] - setText(object, text, 0): Text 'Katalon QA Team' has been set to element 'Object Repository/DragAndDropApps/Clear text/XCUIElementTypeTextField'

2021-09-10 15:52:57 - [MESSAGE][WARNING] - Timeout '0' is invalid. Using default page load timeout: '30'

2021-09-10 15:53:00 - [MESSAGE][PASSED] - Text 'Katalon QA Team' has been set to element 'Object Repository/DragAndDropApps/Clear text/XCUIElementTypeTextField'

2021-09-10 15:53:00 - [MESSAGE][PASSED] - Call Test Case 'Test Cases/_common/functionTC_setText' successfully

2021-09-10 15:53:00 - [TEST_STEP][PASSED] - txtElem = findTestObject("DragAndDropApps/Clear text/XCUIElementTypeTextField - element after inputting text", ["dynamicText":inputText]): null

2021-09-10 15:53:00 - [TEST_STEP][PASSED] - verifyElementExist(txtElem, 0): Element 'Object Repository/DragAndDropApps/Clear text/XCUIElementTypeTextField - element after inputting text' is exist

2021-09-10 15:53:00 - [MESSAGE][WARNING] - Timeout '0' is invalid. Using default page load timeout: '30'

2021-09-10 15:53:02 - [MESSAGE][PASSED] - Element 'Object Repository/DragAndDropApps/Clear text/XCUIElementTypeTextField - element after inputting text' is exist

2021-09-10 15:53:02 - [TEST_STEP][PASSED] - Start tear down : tearDownTestCase: Method 'tearDownTestCase' complete successfully

2021-09-10 15:53:02 - [TEST_STEP][PASSED] - driver = getDriver(): null

2021-09-10 15:53:02 - [TEST_STEP][PASSED] - driver.resetApp(): null

2021-09-10 15:53:07 - [MESSAGE][PASSED] - Method 'tearDownTestCase' complete successfully]]></system-out>
         <system-err><![CDATA[]]></system-err>
      </testcase>
      <testcase name="Test Cases/All test cases/Get element height" time="6.477" classname="Test Cases/All test cases/Get element height" status="PASSED">
         <system-out><![CDATA[2021-09-10 15:53:07 - [TEST_CASE][PASSED] - Test Cases/All test cases/Get element height: Test Cases/All test cases/Get element height

2021-09-10 15:53:08 - [TEST_STEP][PASSED] - elemHeight = getElementHeight(findTestObject("DragAndDropApps/Drad and drop/XCUIElementTypeStaticText - Database Migration"), 0): Object 'Object Repository/DragAndDropApps/Drad and drop/XCUIElementTypeStaticText - Database Migration' has height: '44'

2021-09-10 15:53:08 - [MESSAGE][WARNING] - Timeout '0' is invalid. Using default page load timeout: '30'

2021-09-10 15:53:09 - [MESSAGE][PASSED] - Object 'Object Repository/DragAndDropApps/Drad and drop/XCUIElementTypeStaticText - Database Migration' has height: '44'

2021-09-10 15:53:09 - [TEST_STEP][PASSED] - verifyMatch(elemHeight, "44", false): Actual text '44' and expected text '44' are matched 

2021-09-10 15:53:09 - [MESSAGE][PASSED] - Actual text '44' and expected text '44' are matched 

2021-09-10 15:53:09 - [TEST_STEP][PASSED] - Start tear down : tearDownTestCase: Method 'tearDownTestCase' complete successfully

2021-09-10 15:53:09 - [TEST_STEP][PASSED] - driver = getDriver(): null

2021-09-10 15:53:09 - [TEST_STEP][PASSED] - driver.resetApp(): null

2021-09-10 15:53:14 - [MESSAGE][PASSED] - Method 'tearDownTestCase' complete successfully]]></system-out>
         <system-err><![CDATA[]]></system-err>
      </testcase>
      <testcase name="Test Cases/All test cases/Verify element not have attribute" time="9.271" classname="Test Cases/All test cases/Verify element not have attribute" status="FAILED">
         <failure type="FAILED" message="Test Cases/All test cases/Verify element not have attribute FAILED.
Reason:
Assertion failed: 

assert false


	at Verify element not have attribute.run(Verify element not have attribute:40)
	at com.kms.katalon.core.main.ScriptEngine.run(ScriptEngine.java:194)
	at com.kms.katalon.core.main.ScriptEngine.runScriptAsRawText(ScriptEngine.java:119)
	at com.kms.katalon.core.main.TestCaseExecutor.runScript(TestCaseExecutor.java:398)
	at com.kms.katalon.core.main.TestCaseExecutor.doExecute(TestCaseExecutor.java:389)
	at com.kms.katalon.core.main.TestCaseExecutor.processExecutionPhase(TestCaseExecutor.java:368)
	at com.kms.katalon.core.main.TestCaseExecutor.accessMainPhase(TestCaseExecutor.java:360)
	at com.kms.katalon.core.main.TestCaseExecutor.execute(TestCaseExecutor.java:255)
	at com.kms.katalon.core.main.TestSuiteExecutor.accessTestCaseMainPhase(TestSuiteExecutor.java:203)
	at com.kms.katalon.core.main.TestSuiteExecutor.accessTestSuiteMainPhase(TestSuiteExecutor.java:152)
	at com.kms.katalon.core.main.TestSuiteExecutor.execute(TestSuiteExecutor.java:95)
	at com.kms.katalon.core.main.TestCaseMain.startTestSuite(TestCaseMain.java:157)
	at com.kms.katalon.core.main.TestCaseMain$startTestSuite$0.call(Unknown Source)
	at TempTestSuite1631263512261.run(TempTestSuite1631263512261.groovy:39)
"/>
         <system-out><![CDATA[2021-09-10 15:53:14 - [TEST_CASE][FAILED] - Test Cases/All test cases/Verify element not have attribute: Test Cases/All test cases/Verify element not have attribute FAILED.
Reason:
Assertion failed: 

assert false


	at Verify element not have attribute.run(Verify element not have attribute:40)
	at com.kms.katalon.core.main.ScriptEngine.run(ScriptEngine.java:194)
	at com.kms.katalon.core.main.ScriptEngine.runScriptAsRawText(ScriptEngine.java:119)
	at com.kms.katalon.core.main.TestCaseExecutor.runScript(TestCaseExecutor.java:398)
	at com.kms.katalon.core.main.TestCaseExecutor.doExecute(TestCaseExecutor.java:389)
	at com.kms.katalon.core.main.TestCaseExecutor.processExecutionPhase(TestCaseExecutor.java:368)
	at com.kms.katalon.core.main.TestCaseExecutor.accessMainPhase(TestCaseExecutor.java:360)
	at com.kms.katalon.core.main.TestCaseExecutor.execute(TestCaseExecutor.java:255)
	at com.kms.katalon.core.main.TestSuiteExecutor.accessTestCaseMainPhase(TestSuiteExecutor.java:203)
	at com.kms.katalon.core.main.TestSuiteExecutor.accessTestSuiteMainPhase(TestSuiteExecutor.java:152)
	at com.kms.katalon.core.main.TestSuiteExecutor.execute(TestSuiteExecutor.java:95)
	at com.kms.katalon.core.main.TestCaseMain.startTestSuite(TestCaseMain.java:157)
	at com.kms.katalon.core.main.TestCaseMain$startTestSuite$0.call(Unknown Source)
	at TempTestSuite1631263512261.run(TempTestSuite1631263512261.groovy:39)


2021-09-10 15:53:14 - [TEST_STEP][PASSED] - btnAdd = findTestObject("DragAndDropApps/Clear text/XCUIElementTypeStaticText - Add"): null

2021-09-10 15:53:14 - [TEST_STEP][FAILED] - try: Unable to verify if object 'Object Repository/DragAndDropApps/Clear text/XCUIElementTypeStaticText - Add' doesnt have attribute '{1}' (Root cause: com.kms.katalon.core.exception.StepFailedException: Object 'Object Repository/DragAndDropApps/Clear text/XCUIElementTypeStaticText - Add' has attribute 'enabled'
	at com.kms.katalon.core.keyword.internal.KeywordMain.stepFailed(KeywordMain.groovy:50)
	at com.kms.katalon.core.mobile.keyword.internal.MobileKeywordMain.stepFailed(MobileKeywordMain.groovy:40)
	at com.kms.katalon.core.mobile.keyword.builtin.VerifyElementNotHasAttributeKeyword$_verifyElementNotHasAttribute_closure1.doCall(VerifyElementNotHasAttributeKeyword.groovy:88)
	at com.kms.katalon.core.mobile.keyword.builtin.VerifyElementNotHasAttributeKeyword$_verifyElementNotHasAttribute_closure1.call(VerifyElementNotHasAttributeKeyword.groovy)
	at com.kms.katalon.core.mobile.keyword.internal.MobileKeywordMain.runKeyword(MobileKeywordMain.groovy:21)
	at com.kms.katalon.core.mobile.keyword.builtin.VerifyElementNotHasAttributeKeyword.verifyElementNotHasAttribute(VerifyElementNotHasAttributeKeyword.groovy:91)
	at com.kms.katalon.core.mobile.keyword.builtin.VerifyElementNotHasAttributeKeyword.execute(VerifyElementNotHasAttributeKeyword.groovy:65)
	at com.kms.katalon.core.keyword.internal.KeywordExecutor.executeKeywordForPlatform(KeywordExecutor.groovy:73)
	at com.kms.katalon.core.mobile.keyword.MobileBuiltInKeywords.verifyElementNotHasAttribute(MobileBuiltInKeywords.groovy:2007)
	at com.kms.katalon.core.mobile.keyword.MobileBuiltInKeywords$verifyElementNotHasAttribute$32.call(Unknown Source)
	at Verify element not have attribute.run(Verify element not have attribute:28)
	at com.kms.katalon.core.main.ScriptEngine.run(ScriptEngine.java:194)
	at com.kms.katalon.core.main.ScriptEngine.runScriptAsRawText(ScriptEngine.java:119)
	at com.kms.katalon.core.main.TestCaseExecutor.runScript(TestCaseExecutor.java:398)
	at com.kms.katalon.core.main.TestCaseExecutor.doExecute(TestCaseExecutor.java:389)
	at com.kms.katalon.core.main.TestCaseExecutor.processExecutionPhase(TestCaseExecutor.java:368)
	at com.kms.katalon.core.main.TestCaseExecutor.accessMainPhase(TestCaseExecutor.java:360)
	at com.kms.katalon.core.main.TestCaseExecutor.execute(TestCaseExecutor.java:255)
	at com.kms.katalon.core.main.TestSuiteExecutor.accessTestCaseMainPhase(TestSuiteExecutor.java:203)
	at com.kms.katalon.core.main.TestSuiteExecutor.accessTestSuiteMainPhase(TestSuiteExecutor.java:152)
	at com.kms.katalon.core.main.TestSuiteExecutor.execute(TestSuiteExecutor.java:95)
	at com.kms.katalon.core.main.TestCaseMain.startTestSuite(TestCaseMain.java:157)
	at com.kms.katalon.core.main.TestCaseMain$startTestSuite$0.call(Unknown Source)
	at TempTestSuite1631263512261.run(TempTestSuite1631263512261.groovy:39)
)

2021-09-10 15:53:14 - [TEST_STEP][FAILED] - verifyElementNotHasAttribute(btnAdd, "enabled", 5): Unable to verify if object 'Object Repository/DragAndDropApps/Clear text/XCUIElementTypeStaticText - Add' doesnt have attribute '{1}' (Root cause: com.kms.katalon.core.exception.StepFailedException: Object 'Object Repository/DragAndDropApps/Clear text/XCUIElementTypeStaticText - Add' has attribute 'enabled'
	at com.kms.katalon.core.keyword.internal.KeywordMain.stepFailed(KeywordMain.groovy:50)
	at com.kms.katalon.core.mobile.keyword.internal.MobileKeywordMain.stepFailed(MobileKeywordMain.groovy:40)
	at com.kms.katalon.core.mobile.keyword.builtin.VerifyElementNotHasAttributeKeyword$_verifyElementNotHasAttribute_closure1.doCall(VerifyElementNotHasAttributeKeyword.groovy:88)
	at com.kms.katalon.core.mobile.keyword.builtin.VerifyElementNotHasAttributeKeyword$_verifyElementNotHasAttribute_closure1.call(VerifyElementNotHasAttributeKeyword.groovy)
	at com.kms.katalon.core.mobile.keyword.internal.MobileKeywordMain.runKeyword(MobileKeywordMain.groovy:21)
	at com.kms.katalon.core.mobile.keyword.builtin.VerifyElementNotHasAttributeKeyword.verifyElementNotHasAttribute(VerifyElementNotHasAttributeKeyword.groovy:91)
	at com.kms.katalon.core.mobile.keyword.builtin.VerifyElementNotHasAttributeKeyword.execute(VerifyElementNotHasAttributeKeyword.groovy:65)
	at com.kms.katalon.core.keyword.internal.KeywordExecutor.executeKeywordForPlatform(KeywordExecutor.groovy:73)
	at com.kms.katalon.core.mobile.keyword.MobileBuiltInKeywords.verifyElementNotHasAttribute(MobileBuiltInKeywords.groovy:2007)
	at com.kms.katalon.core.mobile.keyword.MobileBuiltInKeywords$verifyElementNotHasAttribute$32.call(Unknown Source)
	at Verify element not have attribute.run(Verify element not have attribute:28)
	at com.kms.katalon.core.main.ScriptEngine.run(ScriptEngine.java:194)
	at com.kms.katalon.core.main.ScriptEngine.runScriptAsRawText(ScriptEngine.java:119)
	at com.kms.katalon.core.main.TestCaseExecutor.runScript(TestCaseExecutor.java:398)
	at com.kms.katalon.core.main.TestCaseExecutor.doExecute(TestCaseExecutor.java:389)
	at com.kms.katalon.core.main.TestCaseExecutor.processExecutionPhase(TestCaseExecutor.java:368)
	at com.kms.katalon.core.main.TestCaseExecutor.accessMainPhase(TestCaseExecutor.java:360)
	at com.kms.katalon.core.main.TestCaseExecutor.execute(TestCaseExecutor.java:255)
	at com.kms.katalon.core.main.TestSuiteExecutor.accessTestCaseMainPhase(TestSuiteExecutor.java:203)
	at com.kms.katalon.core.main.TestSuiteExecutor.accessTestSuiteMainPhase(TestSuiteExecutor.java:152)
	at com.kms.katalon.core.main.TestSuiteExecutor.execute(TestSuiteExecutor.java:95)
	at com.kms.katalon.core.main.TestCaseMain.startTestSuite(TestCaseMain.java:157)
	at com.kms.katalon.core.main.TestCaseMain$startTestSuite$0.call(Unknown Source)
	at TempTestSuite1631263512261.run(TempTestSuite1631263512261.groovy:39)
)

2021-09-10 15:53:16 - [MESSAGE][FAILED] - Object 'Object Repository/DragAndDropApps/Clear text/XCUIElementTypeStaticText - Add' has attribute 'enabled'
[[ATTACHMENT|/Users/loantran/Documents/mobile-samples-iOS/Reports/20210910_154512/Simulators/DragAndDrop application/20210910_154512/1631263996312.png]]

2021-09-10 15:53:16 - [MESSAGE][FAILED] - Unable to verify if object 'Object Repository/DragAndDropApps/Clear text/XCUIElementTypeStaticText - Add' doesnt have attribute '{1}' (Root cause: com.kms.katalon.core.exception.StepFailedException: Object 'Object Repository/DragAndDropApps/Clear text/XCUIElementTypeStaticText - Add' has attribute 'enabled'
	at com.kms.katalon.core.keyword.internal.KeywordMain.stepFailed(KeywordMain.groovy:50)
	at com.kms.katalon.core.mobile.keyword.internal.MobileKeywordMain.stepFailed(MobileKeywordMain.groovy:40)
	at com.kms.katalon.core.mobile.keyword.builtin.VerifyElementNotHasAttributeKeyword$_verifyElementNotHasAttribute_closure1.doCall(VerifyElementNotHasAttributeKeyword.groovy:88)
	at com.kms.katalon.core.mobile.keyword.builtin.VerifyElementNotHasAttributeKeyword$_verifyElementNotHasAttribute_closure1.call(VerifyElementNotHasAttributeKeyword.groovy)
	at com.kms.katalon.core.mobile.keyword.internal.MobileKeywordMain.runKeyword(MobileKeywordMain.groovy:21)
	at com.kms.katalon.core.mobile.keyword.builtin.VerifyElementNotHasAttributeKeyword.verifyElementNotHasAttribute(VerifyElementNotHasAttributeKeyword.groovy:91)
	at com.kms.katalon.core.mobile.keyword.builtin.VerifyElementNotHasAttributeKeyword.execute(VerifyElementNotHasAttributeKeyword.groovy:65)
	at com.kms.katalon.core.keyword.internal.KeywordExecutor.executeKeywordForPlatform(KeywordExecutor.groovy:73)
	at com.kms.katalon.core.mobile.keyword.MobileBuiltInKeywords.verifyElementNotHasAttribute(MobileBuiltInKeywords.groovy:2007)
	at com.kms.katalon.core.mobile.keyword.MobileBuiltInKeywords$verifyElementNotHasAttribute$32.call(Unknown Source)
	at Verify element not have attribute.run(Verify element not have attribute:28)
	at com.kms.katalon.core.main.ScriptEngine.run(ScriptEngine.java:194)
	at com.kms.katalon.core.main.ScriptEngine.runScriptAsRawText(ScriptEngine.java:119)
	at com.kms.katalon.core.main.TestCaseExecutor.runScript(TestCaseExecutor.java:398)
	at com.kms.katalon.core.main.TestCaseExecutor.doExecute(TestCaseExecutor.java:389)
	at com.kms.katalon.core.main.TestCaseExecutor.processExecutionPhase(TestCaseExecutor.java:368)
	at com.kms.katalon.core.main.TestCaseExecutor.accessMainPhase(TestCaseExecutor.java:360)
	at com.kms.katalon.core.main.TestCaseExecutor.execute(TestCaseExecutor.java:255)
	at com.kms.katalon.core.main.TestSuiteExecutor.accessTestCaseMainPhase(TestSuiteExecutor.java:203)
	at com.kms.katalon.core.main.TestSuiteExecutor.accessTestSuiteMainPhase(TestSuiteExecutor.java:152)
	at com.kms.katalon.core.main.TestSuiteExecutor.execute(TestSuiteExecutor.java:95)
	at com.kms.katalon.core.main.TestCaseMain.startTestSuite(TestCaseMain.java:157)
	at com.kms.katalon.core.main.TestCaseMain$startTestSuite$0.call(Unknown Source)
	at TempTestSuite1631263512261.run(TempTestSuite1631263512261.groovy:39)
)
[[ATTACHMENT|/Users/loantran/Documents/mobile-samples-iOS/Reports/20210910_154512/Simulators/DragAndDrop application/20210910_154512/1631263996558.png]]

2021-09-10 15:53:16 - [TEST_STEP][PASSED] - catch (Exception e): null

2021-09-10 15:53:16 - [TEST_STEP][PASSED] - assert true: null

2021-09-10 15:53:16 - [TEST_STEP][FAILED] - try: Unable to verify if object 'Object Repository/DragAndDropApps/Clear text/XCUIElementTypeStaticText - Add' doesnt have attribute '{1}' (Root cause: org.openqa.selenium.WebDriverException: An unknown server-side error occurred while processing the command. Original error: The attribute 'package' is unknown. Valid attribute names are: (
    UID,
    accessibilityContainer,
    accessible,
    enabled,
    frame,
    index,
    label,
    name,
    rect,
    selected,
    type,
    value,
    visible,
    wdAccessibilityContainer,
    wdAccessible,
    wdEnabled,
    wdFrame,
    wdIndex,
    wdLabel,
    wdName,
    wdRect,
    wdSelected,
    wdType,
    wdUID,
    wdValue,
    wdVisible
)
Build info: version: '3.141.59', revision: 'e82be7d358', time: '2018-11-14T08:25:53'
System info: host: 'FVFXH243HV2H.local', ip: '192.168.1.174', os.name: 'Mac OS X', os.arch: 'x86_64', os.version: '10.16', java.version: '1.8.0_275'
Driver info: io.appium.java_client.ios.IOSDriver
Capabilities {app: /Users/loantran/Documents/m..., automationName: XCUITest, browserName: , chromedriverPort: 50954, databaseEnabled: false, deviceName: iPad (8th generation), fullReset: false, javascriptEnabled: true, locationContextEnabled: false, networkConnectionEnabled: false, newCommandTimeout: 1800, noReset: true, platform: IOS, platformName: iOS, platformVersion: 14.5, realDeviceLogger: /Users/loantran/Documents/K..., takesScreenshot: true, udid: 121E4E3B-2570-458D-AF96-026..., waitForAppScript: true;, wdaLocalPort: 50947, webStorageEnabled: false}
Session ID: 32bc6000-f0de-4c3b-94ff-aacb1a850ae2
	at org.openqa.selenium.remote.http.W3CHttpResponseCodec.createException(W3CHttpResponseCodec.java:187)
	at org.openqa.selenium.remote.http.W3CHttpResponseCodec.decode(W3CHttpResponseCodec.java:122)
	at org.openqa.selenium.remote.http.W3CHttpResponseCodec.decode(W3CHttpResponseCodec.java:49)
	at org.openqa.selenium.remote.HttpCommandExecutor.execute(HttpCommandExecutor.java:158)
	at io.appium.java_client.remote.AppiumCommandExecutor.execute(AppiumCommandExecutor.java:239)
	at org.openqa.selenium.remote.RemoteWebDriver.execute(RemoteWebDriver.java:552)
	at io.appium.java_client.DefaultGenericMobileDriver.execute(DefaultGenericMobileDriver.java:42)
	at io.appium.java_client.AppiumDriver.execute(AppiumDriver.java:1)
	at io.appium.java_client.ios.IOSDriver.execute(IOSDriver.java:1)
	at org.openqa.selenium.remote.RemoteWebElement.execute(RemoteWebElement.java:285)
	at io.appium.java_client.DefaultGenericMobileElement.execute(DefaultGenericMobileElement.java:45)
	at io.appium.java_client.MobileElement.execute(MobileElement.java:1)
	at io.appium.java_client.ios.IOSElement.execute(IOSElement.java:1)
	at org.openqa.selenium.remote.RemoteWebElement.getAttribute(RemoteWebElement.java:134)
	at com.kms.katalon.core.mobile.helper.MobileCommonHelper.getAttributeValue(MobileCommonHelper.java:145)
	at com.kms.katalon.core.mobile.keyword.builtin.VerifyElementNotHasAttributeKeyword$_verifyElementNotHasAttribute_closure1.doCall(VerifyElementNotHasAttributeKeyword.groovy:83)
	at com.kms.katalon.core.mobile.keyword.builtin.VerifyElementNotHasAttributeKeyword$_verifyElementNotHasAttribute_closure1.call(VerifyElementNotHasAttributeKeyword.groovy)
	at com.kms.katalon.core.mobile.keyword.internal.MobileKeywordMain.runKeyword(MobileKeywordMain.groovy:21)
	at com.kms.katalon.core.mobile.keyword.builtin.VerifyElementNotHasAttributeKeyword.verifyElementNotHasAttribute(VerifyElementNotHasAttributeKeyword.groovy:91)
	at com.kms.katalon.core.mobile.keyword.builtin.VerifyElementNotHasAttributeKeyword.execute(VerifyElementNotHasAttributeKeyword.groovy:65)
	at com.kms.katalon.core.keyword.internal.KeywordExecutor.executeKeywordForPlatform(KeywordExecutor.groovy:73)
	at com.kms.katalon.core.mobile.keyword.MobileBuiltInKeywords.verifyElementNotHasAttribute(MobileBuiltInKeywords.groovy:2007)
	at com.kms.katalon.core.mobile.keyword.MobileBuiltInKeywords$verifyElementNotHasAttribute$32.call(Unknown Source)
	at Verify element not have attribute.run(Verify element not have attribute:36)
	at com.kms.katalon.core.main.ScriptEngine.run(ScriptEngine.java:194)
	at com.kms.katalon.core.main.ScriptEngine.runScriptAsRawText(ScriptEngine.java:119)
	at com.kms.katalon.core.main.TestCaseExecutor.runScript(TestCaseExecutor.java:398)
	at com.kms.katalon.core.main.TestCaseExecutor.doExecute(TestCaseExecutor.java:389)
	at com.kms.katalon.core.main.TestCaseExecutor.processExecutionPhase(TestCaseExecutor.java:368)
	at com.kms.katalon.core.main.TestCaseExecutor.accessMainPhase(TestCaseExecutor.java:360)
	at com.kms.katalon.core.main.TestCaseExecutor.execute(TestCaseExecutor.java:255)
	at com.kms.katalon.core.main.TestSuiteExecutor.accessTestCaseMainPhase(TestSuiteExecutor.java:203)
	at com.kms.katalon.core.main.TestSuiteExecutor.accessTestSuiteMainPhase(TestSuiteExecutor.java:152)
	at com.kms.katalon.core.main.TestSuiteExecutor.execute(TestSuiteExecutor.java:95)
	at com.kms.katalon.core.main.TestCaseMain.startTestSuite(TestCaseMain.java:157)
	at com.kms.katalon.core.main.TestCaseMain$startTestSuite$0.call(Unknown Source)
	at TempTestSuite1631263512261.run(TempTestSuite1631263512261.groovy:39)
)

2021-09-10 15:53:16 - [TEST_STEP][FAILED] - verifyElementNotHasAttribute(btnAdd, "package", 10): Unable to verify if object 'Object Repository/DragAndDropApps/Clear text/XCUIElementTypeStaticText - Add' doesnt have attribute '{1}' (Root cause: org.openqa.selenium.WebDriverException: An unknown server-side error occurred while processing the command. Original error: The attribute 'package' is unknown. Valid attribute names are: (
    UID,
    accessibilityContainer,
    accessible,
    enabled,
    frame,
    index,
    label,
    name,
    rect,
    selected,
    type,
    value,
    visible,
    wdAccessibilityContainer,
    wdAccessible,
    wdEnabled,
    wdFrame,
    wdIndex,
    wdLabel,
    wdName,
    wdRect,
    wdSelected,
    wdType,
    wdUID,
    wdValue,
    wdVisible
)
Build info: version: '3.141.59', revision: 'e82be7d358', time: '2018-11-14T08:25:53'
System info: host: 'FVFXH243HV2H.local', ip: '192.168.1.174', os.name: 'Mac OS X', os.arch: 'x86_64', os.version: '10.16', java.version: '1.8.0_275'
Driver info: io.appium.java_client.ios.IOSDriver
Capabilities {app: /Users/loantran/Documents/m..., automationName: XCUITest, browserName: , chromedriverPort: 50954, databaseEnabled: false, deviceName: iPad (8th generation), fullReset: false, javascriptEnabled: true, locationContextEnabled: false, networkConnectionEnabled: false, newCommandTimeout: 1800, noReset: true, platform: IOS, platformName: iOS, platformVersion: 14.5, realDeviceLogger: /Users/loantran/Documents/K..., takesScreenshot: true, udid: 121E4E3B-2570-458D-AF96-026..., waitForAppScript: true;, wdaLocalPort: 50947, webStorageEnabled: false}
Session ID: 32bc6000-f0de-4c3b-94ff-aacb1a850ae2
	at org.openqa.selenium.remote.http.W3CHttpResponseCodec.createException(W3CHttpResponseCodec.java:187)
	at org.openqa.selenium.remote.http.W3CHttpResponseCodec.decode(W3CHttpResponseCodec.java:122)
	at org.openqa.selenium.remote.http.W3CHttpResponseCodec.decode(W3CHttpResponseCodec.java:49)
	at org.openqa.selenium.remote.HttpCommandExecutor.execute(HttpCommandExecutor.java:158)
	at io.appium.java_client.remote.AppiumCommandExecutor.execute(AppiumCommandExecutor.java:239)
	at org.openqa.selenium.remote.RemoteWebDriver.execute(RemoteWebDriver.java:552)
	at io.appium.java_client.DefaultGenericMobileDriver.execute(DefaultGenericMobileDriver.java:42)
	at io.appium.java_client.AppiumDriver.execute(AppiumDriver.java:1)
	at io.appium.java_client.ios.IOSDriver.execute(IOSDriver.java:1)
	at org.openqa.selenium.remote.RemoteWebElement.execute(RemoteWebElement.java:285)
	at io.appium.java_client.DefaultGenericMobileElement.execute(DefaultGenericMobileElement.java:45)
	at io.appium.java_client.MobileElement.execute(MobileElement.java:1)
	at io.appium.java_client.ios.IOSElement.execute(IOSElement.java:1)
	at org.openqa.selenium.remote.RemoteWebElement.getAttribute(RemoteWebElement.java:134)
	at com.kms.katalon.core.mobile.helper.MobileCommonHelper.getAttributeValue(MobileCommonHelper.java:145)
	at com.kms.katalon.core.mobile.keyword.builtin.VerifyElementNotHasAttributeKeyword$_verifyElementNotHasAttribute_closure1.doCall(VerifyElementNotHasAttributeKeyword.groovy:83)
	at com.kms.katalon.core.mobile.keyword.builtin.VerifyElementNotHasAttributeKeyword$_verifyElementNotHasAttribute_closure1.call(VerifyElementNotHasAttributeKeyword.groovy)
	at com.kms.katalon.core.mobile.keyword.internal.MobileKeywordMain.runKeyword(MobileKeywordMain.groovy:21)
	at com.kms.katalon.core.mobile.keyword.builtin.VerifyElementNotHasAttributeKeyword.verifyElementNotHasAttribute(VerifyElementNotHasAttributeKeyword.groovy:91)
	at com.kms.katalon.core.mobile.keyword.builtin.VerifyElementNotHasAttributeKeyword.execute(VerifyElementNotHasAttributeKeyword.groovy:65)
	at com.kms.katalon.core.keyword.internal.KeywordExecutor.executeKeywordForPlatform(KeywordExecutor.groovy:73)
	at com.kms.katalon.core.mobile.keyword.MobileBuiltInKeywords.verifyElementNotHasAttribute(MobileBuiltInKeywords.groovy:2007)
	at com.kms.katalon.core.mobile.keyword.MobileBuiltInKeywords$verifyElementNotHasAttribute$32.call(Unknown Source)
	at Verify element not have attribute.run(Verify element not have attribute:36)
	at com.kms.katalon.core.main.ScriptEngine.run(ScriptEngine.java:194)
	at com.kms.katalon.core.main.ScriptEngine.runScriptAsRawText(ScriptEngine.java:119)
	at com.kms.katalon.core.main.TestCaseExecutor.runScript(TestCaseExecutor.java:398)
	at com.kms.katalon.core.main.TestCaseExecutor.doExecute(TestCaseExecutor.java:389)
	at com.kms.katalon.core.main.TestCaseExecutor.processExecutionPhase(TestCaseExecutor.java:368)
	at com.kms.katalon.core.main.TestCaseExecutor.accessMainPhase(TestCaseExecutor.java:360)
	at com.kms.katalon.core.main.TestCaseExecutor.execute(TestCaseExecutor.java:255)
	at com.kms.katalon.core.main.TestSuiteExecutor.accessTestCaseMainPhase(TestSuiteExecutor.java:203)
	at com.kms.katalon.core.main.TestSuiteExecutor.accessTestSuiteMainPhase(TestSuiteExecutor.java:152)
	at com.kms.katalon.core.main.TestSuiteExecutor.execute(TestSuiteExecutor.java:95)
	at com.kms.katalon.core.main.TestCaseMain.startTestSuite(TestCaseMain.java:157)
	at com.kms.katalon.core.main.TestCaseMain$startTestSuite$0.call(Unknown Source)
	at TempTestSuite1631263512261.run(TempTestSuite1631263512261.groovy:39)
)

2021-09-10 15:53:18 - [MESSAGE][FAILED] - Unable to verify if object 'Object Repository/DragAndDropApps/Clear text/XCUIElementTypeStaticText - Add' doesnt have attribute '{1}' (Root cause: org.openqa.selenium.WebDriverException: An unknown server-side error occurred while processing the command. Original error: The attribute 'package' is unknown. Valid attribute names are: (
    UID,
    accessibilityContainer,
    accessible,
    enabled,
    frame,
    index,
    label,
    name,
    rect,
    selected,
    type,
    value,
    visible,
    wdAccessibilityContainer,
    wdAccessible,
    wdEnabled,
    wdFrame,
    wdIndex,
    wdLabel,
    wdName,
    wdRect,
    wdSelected,
    wdType,
    wdUID,
    wdValue,
    wdVisible
)
Build info: version: '3.141.59', revision: 'e82be7d358', time: '2018-11-14T08:25:53'
System info: host: 'FVFXH243HV2H.local', ip: '192.168.1.174', os.name: 'Mac OS X', os.arch: 'x86_64', os.version: '10.16', java.version: '1.8.0_275'
Driver info: io.appium.java_client.ios.IOSDriver
Capabilities {app: /Users/loantran/Documents/m..., automationName: XCUITest, browserName: , chromedriverPort: 50954, databaseEnabled: false, deviceName: iPad (8th generation), fullReset: false, javascriptEnabled: true, locationContextEnabled: false, networkConnectionEnabled: false, newCommandTimeout: 1800, noReset: true, platform: IOS, platformName: iOS, platformVersion: 14.5, realDeviceLogger: /Users/loantran/Documents/K..., takesScreenshot: true, udid: 121E4E3B-2570-458D-AF96-026..., waitForAppScript: true;, wdaLocalPort: 50947, webStorageEnabled: false}
Session ID: 32bc6000-f0de-4c3b-94ff-aacb1a850ae2
	at org.openqa.selenium.remote.http.W3CHttpResponseCodec.createException(W3CHttpResponseCodec.java:187)
	at org.openqa.selenium.remote.http.W3CHttpResponseCodec.decode(W3CHttpResponseCodec.java:122)
	at org.openqa.selenium.remote.http.W3CHttpResponseCodec.decode(W3CHttpResponseCodec.java:49)
	at org.openqa.selenium.remote.HttpCommandExecutor.execute(HttpCommandExecutor.java:158)
	at io.appium.java_client.remote.AppiumCommandExecutor.execute(AppiumCommandExecutor.java:239)
	at org.openqa.selenium.remote.RemoteWebDriver.execute(RemoteWebDriver.java:552)
	at io.appium.java_client.DefaultGenericMobileDriver.execute(DefaultGenericMobileDriver.java:42)
	at io.appium.java_client.AppiumDriver.execute(AppiumDriver.java:1)
	at io.appium.java_client.ios.IOSDriver.execute(IOSDriver.java:1)
	at org.openqa.selenium.remote.RemoteWebElement.execute(RemoteWebElement.java:285)
	at io.appium.java_client.DefaultGenericMobileElement.execute(DefaultGenericMobileElement.java:45)
	at io.appium.java_client.MobileElement.execute(MobileElement.java:1)
	at io.appium.java_client.ios.IOSElement.execute(IOSElement.java:1)
	at org.openqa.selenium.remote.RemoteWebElement.getAttribute(RemoteWebElement.java:134)
	at com.kms.katalon.core.mobile.helper.MobileCommonHelper.getAttributeValue(MobileCommonHelper.java:145)
	at com.kms.katalon.core.mobile.keyword.builtin.VerifyElementNotHasAttributeKeyword$_verifyElementNotHasAttribute_closure1.doCall(VerifyElementNotHasAttributeKeyword.groovy:83)
	at com.kms.katalon.core.mobile.keyword.builtin.VerifyElementNotHasAttributeKeyword$_verifyElementNotHasAttribute_closure1.call(VerifyElementNotHasAttributeKeyword.groovy)
	at com.kms.katalon.core.mobile.keyword.internal.MobileKeywordMain.runKeyword(MobileKeywordMain.groovy:21)
	at com.kms.katalon.core.mobile.keyword.builtin.VerifyElementNotHasAttributeKeyword.verifyElementNotHasAttribute(VerifyElementNotHasAttributeKeyword.groovy:91)
	at com.kms.katalon.core.mobile.keyword.builtin.VerifyElementNotHasAttributeKeyword.execute(VerifyElementNotHasAttributeKeyword.groovy:65)
	at com.kms.katalon.core.keyword.internal.KeywordExecutor.executeKeywordForPlatform(KeywordExecutor.groovy:73)
	at com.kms.katalon.core.mobile.keyword.MobileBuiltInKeywords.verifyElementNotHasAttribute(MobileBuiltInKeywords.groovy:2007)
	at com.kms.katalon.core.mobile.keyword.MobileBuiltInKeywords$verifyElementNotHasAttribute$32.call(Unknown Source)
	at Verify element not have attribute.run(Verify element not have attribute:36)
	at com.kms.katalon.core.main.ScriptEngine.run(ScriptEngine.java:194)
	at com.kms.katalon.core.main.ScriptEngine.runScriptAsRawText(ScriptEngine.java:119)
	at com.kms.katalon.core.main.TestCaseExecutor.runScript(TestCaseExecutor.java:398)
	at com.kms.katalon.core.main.TestCaseExecutor.doExecute(TestCaseExecutor.java:389)
	at com.kms.katalon.core.main.TestCaseExecutor.processExecutionPhase(TestCaseExecutor.java:368)
	at com.kms.katalon.core.main.TestCaseExecutor.accessMainPhase(TestCaseExecutor.java:360)
	at com.kms.katalon.core.main.TestCaseExecutor.execute(TestCaseExecutor.java:255)
	at com.kms.katalon.core.main.TestSuiteExecutor.accessTestCaseMainPhase(TestSuiteExecutor.java:203)
	at com.kms.katalon.core.main.TestSuiteExecutor.accessTestSuiteMainPhase(TestSuiteExecutor.java:152)
	at com.kms.katalon.core.main.TestSuiteExecutor.execute(TestSuiteExecutor.java:95)
	at com.kms.katalon.core.main.TestCaseMain.startTestSuite(TestCaseMain.java:157)
	at com.kms.katalon.core.main.TestCaseMain$startTestSuite$0.call(Unknown Source)
	at TempTestSuite1631263512261.run(TempTestSuite1631263512261.groovy:39)
)
[[ATTACHMENT|/Users/loantran/Documents/mobile-samples-iOS/Reports/20210910_154512/Simulators/DragAndDrop application/20210910_154512/1631263998357.png]]

2021-09-10 15:53:18 - [TEST_STEP][PASSED] - catch (Exception e): null

2021-09-10 15:53:18 - [TEST_STEP][PASSED] - assert false: null

2021-09-10 15:53:18 - [TEST_STEP][PASSED] - Start tear down : tearDownTestCase: Method 'tearDownTestCase' complete successfully

2021-09-10 15:53:18 - [TEST_STEP][PASSED] - driver = getDriver(): null

2021-09-10 15:53:18 - [TEST_STEP][PASSED] - driver.resetApp(): null

2021-09-10 15:53:23 - [MESSAGE][PASSED] - Method 'tearDownTestCase' complete successfully]]></system-out>
         <system-err><![CDATA[2021-09-10 15:53:14 - [TEST_CASE][FAILED] - Test Cases/All test cases/Verify element not have attribute: Test Cases/All test cases/Verify element not have attribute FAILED.
Reason:
Assertion failed: 

assert false


	at Verify element not have attribute.run(Verify element not have attribute:40)
	at com.kms.katalon.core.main.ScriptEngine.run(ScriptEngine.java:194)
	at com.kms.katalon.core.main.ScriptEngine.runScriptAsRawText(ScriptEngine.java:119)
	at com.kms.katalon.core.main.TestCaseExecutor.runScript(TestCaseExecutor.java:398)
	at com.kms.katalon.core.main.TestCaseExecutor.doExecute(TestCaseExecutor.java:389)
	at com.kms.katalon.core.main.TestCaseExecutor.processExecutionPhase(TestCaseExecutor.java:368)
	at com.kms.katalon.core.main.TestCaseExecutor.accessMainPhase(TestCaseExecutor.java:360)
	at com.kms.katalon.core.main.TestCaseExecutor.execute(TestCaseExecutor.java:255)
	at com.kms.katalon.core.main.TestSuiteExecutor.accessTestCaseMainPhase(TestSuiteExecutor.java:203)
	at com.kms.katalon.core.main.TestSuiteExecutor.accessTestSuiteMainPhase(TestSuiteExecutor.java:152)
	at com.kms.katalon.core.main.TestSuiteExecutor.execute(TestSuiteExecutor.java:95)
	at com.kms.katalon.core.main.TestCaseMain.startTestSuite(TestCaseMain.java:157)
	at com.kms.katalon.core.main.TestCaseMain$startTestSuite$0.call(Unknown Source)
	at TempTestSuite1631263512261.run(TempTestSuite1631263512261.groovy:39)]]></system-err>
      </testcase>
      <system-out><![CDATA[2021-09-10 15:45:15 - [TEST_SUITE][FAILED] - DragAndDrop application: Test Cases/All test cases/Verify element not have attribute FAILED.
Reason:
Assertion failed: 

assert false


	at Verify element not have attribute.run(Verify element not have attribute:40)
	at com.kms.katalon.core.main.ScriptEngine.run(ScriptEngine.java:194)
	at com.kms.katalon.core.main.ScriptEngine.runScriptAsRawText(ScriptEngine.java:119)
	at com.kms.katalon.core.main.TestCaseExecutor.runScript(TestCaseExecutor.java:398)
	at com.kms.katalon.core.main.TestCaseExecutor.doExecute(TestCaseExecutor.java:389)
	at com.kms.katalon.core.main.TestCaseExecutor.processExecutionPhase(TestCaseExecutor.java:368)
	at com.kms.katalon.core.main.TestCaseExecutor.accessMainPhase(TestCaseExecutor.java:360)
	at com.kms.katalon.core.main.TestCaseExecutor.execute(TestCaseExecutor.java:255)
	at com.kms.katalon.core.main.TestSuiteExecutor.accessTestCaseMainPhase(TestSuiteExecutor.java:203)
	at com.kms.katalon.core.main.TestSuiteExecutor.accessTestSuiteMainPhase(TestSuiteExecutor.java:152)
	at com.kms.katalon.core.main.TestSuiteExecutor.execute(TestSuiteExecutor.java:95)
	at com.kms.katalon.core.main.TestCaseMain.startTestSuite(TestCaseMain.java:157)
	at com.kms.katalon.core.main.TestCaseMain$startTestSuite$0.call(Unknown Source)
	at TempTestSuite1631263512261.run(TempTestSuite1631263512261.groovy:39)]]></system-out>
      <system-err><![CDATA[2021-09-10 15:45:15 - [TEST_SUITE][FAILED] - DragAndDrop application: Test Cases/All test cases/Verify element not have attribute FAILED.
Reason:
Assertion failed: 

assert false


	at Verify element not have attribute.run(Verify element not have attribute:40)
	at com.kms.katalon.core.main.ScriptEngine.run(ScriptEngine.java:194)
	at com.kms.katalon.core.main.ScriptEngine.runScriptAsRawText(ScriptEngine.java:119)
	at com.kms.katalon.core.main.TestCaseExecutor.runScript(TestCaseExecutor.java:398)
	at com.kms.katalon.core.main.TestCaseExecutor.doExecute(TestCaseExecutor.java:389)
	at com.kms.katalon.core.main.TestCaseExecutor.processExecutionPhase(TestCaseExecutor.java:368)
	at com.kms.katalon.core.main.TestCaseExecutor.accessMainPhase(TestCaseExecutor.java:360)
	at com.kms.katalon.core.main.TestCaseExecutor.execute(TestCaseExecutor.java:255)
	at com.kms.katalon.core.main.TestSuiteExecutor.accessTestCaseMainPhase(TestSuiteExecutor.java:203)
	at com.kms.katalon.core.main.TestSuiteExecutor.accessTestSuiteMainPhase(TestSuiteExecutor.java:152)
	at com.kms.katalon.core.main.TestSuiteExecutor.execute(TestSuiteExecutor.java:95)
	at com.kms.katalon.core.main.TestCaseMain.startTestSuite(TestCaseMain.java:157)
	at com.kms.katalon.core.main.TestCaseMain$startTestSuite$0.call(Unknown Source)
	at TempTestSuite1631263512261.run(TempTestSuite1631263512261.groovy:39)]]></system-err>
   </testsuite>
</testsuites>
