<?xml version="1.0" encoding="UTF-8"?>
<testsuites name="SwiftRadio application" time="295.009" tests="8" failures="0" skips="0" errors="0">
   <testsuite name="SwiftRadio application" tests="8" failures="0" errors="0" time="295.009" skips="0" timestamp="2021-09-10 15:09:03" hostname="loantran - localhost" id="Test Suites/Simulators/SwiftRadio application">
      <properties>
         <property name="deviceName" value="iPad (8th generation)"/>
         <property name="devicePlatform" value=""/>
         <property name="logFolder" value="/Users/loantran/Documents/mobile-samples-iOS/Reports/20210910_150900/Simulators/SwiftRadio application/20210910_150900"/>
         <property name="logFiles" value="/Users/loantran/Documents/mobile-samples-iOS/Reports/20210910_150900/Simulators/SwiftRadio application/20210910_150900/execution0.log, /Users/loantran/Documents/mobile-samples-iOS/Reports/20210910_150900/Simulators/SwiftRadio application/20210910_150900/appium.log, /Users/loantran/Documents/mobile-samples-iOS/Reports/20210910_150900/Simulators/SwiftRadio application/20210910_150900/appium-proxy-server.log"/>
         <property name="attachments" value=""/>
         <property name="hostName" value="loantran - localhost"/>
         <property name="os" value="Mac OS X 64bit"/>
         <property name="appiumServerStatus" value="{&quot;value&quot;:{&quot;build&quot;:{&quot;version&quot;:&quot;1.21.0&quot;}},&quot;sessionId&quot;:null,&quot;status&quot;:0}"/>
         <property name="katalonVersion" value="7.9.1.208"/>
         <property name="deviceOS" value="iOS"/>
         <property name="appiumVersion" value="1.21.0"/>
         <property name="deviceModel" value="Not available for Simulator"/>
         <property name="hostAddress" value="127.0.0.1"/>
         <property name="deviceManufacturer" value="Apple"/>
         <property name="deviceId" value="null"/>
         <property name="deviceName" value="iPad (8th generation)"/>
         <property name="deviceOSVersion" value="14.5"/>
      </properties>
      <testcase name="Test Cases/All test cases/Wait for element present - SwiftRadio" time="87.593" classname="Test Cases/All test cases/Wait for element present - SwiftRadio" status="PASSED">
         <system-out><![CDATA[2021-09-10 15:11:26 - [TEST_CASE][PASSED] - Test Cases/All test cases/Wait for element present - SwiftRadio: Test Cases/All test cases/Wait for element present - SwiftRadio

2021-09-10 15:11:26 - [TEST_STEP][PASSED] - tap(findTestObject("Object Repository/SwiftRadioApps/Wait for element present/XCUIElementTypeStaticText - Radio 1190"), 0): Tapped on element 'Object Repository/SwiftRadioApps/Wait for element present/XCUIElementTypeStaticText - Radio 1190'

2021-09-10 15:11:26 - [MESSAGE][WARNING] - Timeout '0' is invalid. Using default page load timeout: '30'

2021-09-10 15:11:27 - [MESSAGE][PASSED] - Tapped on element 'Object Repository/SwiftRadioApps/Wait for element present/XCUIElementTypeStaticText - Radio 1190'

2021-09-10 15:11:27 - [TEST_STEP][PASSED] - elem = findTestObject("Object Repository/SwiftRadioApps/Wait for element present/XCUIElementTypeStaticText - Error Playing"): null

2021-09-10 15:11:28 - [TEST_STEP][PASSED] - waitForElementPresent(elem, 120): Element 'Object Repository/SwiftRadioApps/Wait for element present/XCUIElementTypeStaticText - Error Playing' is present

2021-09-10 15:12:44 - [MESSAGE][PASSED] - Element 'Object Repository/SwiftRadioApps/Wait for element present/XCUIElementTypeStaticText - Error Playing' is present

2021-09-10 15:12:44 - [TEST_STEP][PASSED] - verifyElementVisible(elem, 0): Element 'Object Repository/SwiftRadioApps/Wait for element present/XCUIElementTypeStaticText - Error Playing' is visible

2021-09-10 15:12:44 - [MESSAGE][WARNING] - Timeout '0' is invalid. Using default page load timeout: '30'

2021-09-10 15:12:45 - [MESSAGE][PASSED] - Element 'Object Repository/SwiftRadioApps/Wait for element present/XCUIElementTypeStaticText - Error Playing' is visible

2021-09-10 15:12:45 - [TEST_STEP][PASSED] - Start tear down : tearDownTestCase: Method 'tearDownTestCase' complete successfully

2021-09-10 15:12:45 - [TEST_STEP][PASSED] - driver = getDriver(): null

2021-09-10 15:12:45 - [TEST_STEP][PASSED] - driver.resetApp(): null

2021-09-10 15:12:53 - [MESSAGE][PASSED] - Method 'tearDownTestCase' complete successfully]]></system-out>
         <system-err><![CDATA[]]></system-err>
      </testcase>
      <testcase name="Test Cases/All test cases/Tap on image - SwiftRadio" time="11.215" classname="Test Cases/All test cases/Tap on image - SwiftRadio" status="PASSED">
         <system-out><![CDATA[2021-09-10 15:12:53 - [TEST_CASE][PASSED] - Test Cases/All test cases/Tap on image - SwiftRadio: Test Cases/All test cases/Tap on image - SwiftRadio

2021-09-10 15:12:54 - [TEST_STEP][PASSED] - imageFullPath = currentProjDir + imageShortPath: null

2021-09-10 15:12:54 - [TEST_STEP][PASSED] - settings = getDriver(): null

2021-09-10 15:12:54 - [TEST_STEP][PASSED] - settings.setSetting(IMAGE_MATCH_THRESHOLD, 0.2): null

2021-09-10 15:12:54 - [TEST_STEP][PASSED] - tapOnImage(imageFullPath): Tap on image '/Users/loantran/Documents/mobile-samples-iOS/Screenshots/Photo For Keyword Testing/TheRock.png' at location (0, 136) successfully

2021-09-10 15:12:56 - [MESSAGE][INFO] - Found 11 element(s) on screen

2021-09-10 15:12:56 - [MESSAGE][INFO] - Tap on image at location (0, 136)

2021-09-10 15:12:57 - [MESSAGE][PASSED] - Tap on image '/Users/loantran/Documents/mobile-samples-iOS/Screenshots/Photo For Keyword Testing/TheRock.png' at location (0, 136) successfully

2021-09-10 15:12:57 - [TEST_STEP][PASSED] - verifyElementExist(findTestObject("SwiftRadioApps/Tap on image/XCUIElementTypeButton - btn play"), 3): Element 'Object Repository/SwiftRadioApps/Tap on image/XCUIElementTypeButton - btn play' is exist

2021-09-10 15:12:58 - [MESSAGE][PASSED] - Element 'Object Repository/SwiftRadioApps/Tap on image/XCUIElementTypeButton - btn play' is exist

2021-09-10 15:12:58 - [TEST_STEP][PASSED] - Start tear down : tearDownTestCase: Method 'tearDownTestCase' complete successfully

2021-09-10 15:12:58 - [TEST_STEP][PASSED] - driver = getDriver(): null

2021-09-10 15:12:58 - [TEST_STEP][PASSED] - driver.resetApp(): null

2021-09-10 15:13:05 - [MESSAGE][PASSED] - Method 'tearDownTestCase' complete successfully]]></system-out>
         <system-err><![CDATA[]]></system-err>
      </testcase>
      <testcase name="Test Cases/All test cases/Wait for element not has attribute - SwiftRadio" time="8.982" classname="Test Cases/All test cases/Wait for element not has attribute - SwiftRadio" status="PASSED">
         <system-out><![CDATA[2021-09-10 15:13:05 - [TEST_CASE][PASSED] - Test Cases/All test cases/Wait for element not has attribute - SwiftRadio: Test Cases/All test cases/Wait for element not has attribute - SwiftRadio

2021-09-10 15:13:05 - [TEST_STEP][PASSED] - tap(findTestObject("Object Repository/SwiftRadioApps/Wait for element present/XCUIElementTypeStaticText - Radio 1190"), 0): Tapped on element 'Object Repository/SwiftRadioApps/Wait for element present/XCUIElementTypeStaticText - Radio 1190'

2021-09-10 15:13:05 - [MESSAGE][WARNING] - Timeout '0' is invalid. Using default page load timeout: '30'

2021-09-10 15:13:07 - [MESSAGE][PASSED] - Tapped on element 'Object Repository/SwiftRadioApps/Wait for element present/XCUIElementTypeStaticText - Radio 1190'

2021-09-10 15:13:07 - [TEST_STEP][PASSED] - elem = findTestObject("Object Repository/SwiftRadioApps/Wait for element present/XCUIElementTypeStaticText - Error Playing"): null

2021-09-10 15:13:07 - [TEST_STEP][PASSED] - Result = waitForElementNotHasAttribute(elem, "class", 20): Element 'Object Repository/SwiftRadioApps/Wait for element present/XCUIElementTypeStaticText - Error Playing' not found

2021-09-10 15:13:08 - [MESSAGE][WARNING] - Element 'Object Repository/SwiftRadioApps/Wait for element present/XCUIElementTypeStaticText - Error Playing' not found

2021-09-10 15:13:08 - [TEST_STEP][PASSED] - verifyEqual(Result, false, STOP_ON_FAILURE): Actual object 'false' and expected object 'false' are equal

2021-09-10 15:13:08 - [MESSAGE][PASSED] - Actual object 'false' and expected object 'false' are equal

2021-09-10 15:13:08 - [TEST_STEP][PASSED] - Start tear down : tearDownTestCase: Method 'tearDownTestCase' complete successfully

2021-09-10 15:13:08 - [TEST_STEP][PASSED] - driver = getDriver(): null

2021-09-10 15:13:08 - [TEST_STEP][PASSED] - driver.resetApp(): null

2021-09-10 15:13:14 - [MESSAGE][PASSED] - Method 'tearDownTestCase' complete successfully]]></system-out>
         <system-err><![CDATA[]]></system-err>
      </testcase>
      <testcase name="Test Cases/All test cases/Wait for element has attribute - SwiftRadio" time="6.989" classname="Test Cases/All test cases/Wait for element has attribute - SwiftRadio" status="PASSED">
         <system-out><![CDATA[2021-09-10 15:13:14 - [TEST_CASE][PASSED] - Test Cases/All test cases/Wait for element has attribute - SwiftRadio: Test Cases/All test cases/Wait for element has attribute - SwiftRadio

2021-09-10 15:13:14 - [TEST_STEP][PASSED] - elem = findTestObject("Object Repository/SwiftRadioApps/Wait for element present/XCUIElementTypeStaticText - Radio 1190"): null

2021-09-10 15:13:14 - [TEST_STEP][PASSED] - Result = waitForElementHasAttribute(elem, "name", 20): Object 'Object Repository/SwiftRadioApps/Wait for element present/XCUIElementTypeStaticText - Radio 1190' has attribute 'name'

2021-09-10 15:13:15 - [MESSAGE][PASSED] - Object 'Object Repository/SwiftRadioApps/Wait for element present/XCUIElementTypeStaticText - Radio 1190' has attribute 'name'

2021-09-10 15:13:15 - [TEST_STEP][PASSED] - verifyEqual(Result, true, STOP_ON_FAILURE): Actual object 'true' and expected object 'true' are equal

2021-09-10 15:13:15 - [MESSAGE][PASSED] - Actual object 'true' and expected object 'true' are equal

2021-09-10 15:13:15 - [TEST_STEP][PASSED] - Start tear down : tearDownTestCase: Method 'tearDownTestCase' complete successfully

2021-09-10 15:13:15 - [TEST_STEP][PASSED] - driver = getDriver(): null

2021-09-10 15:13:15 - [TEST_STEP][PASSED] - driver.resetApp(): null

2021-09-10 15:13:21 - [MESSAGE][PASSED] - Method 'tearDownTestCase' complete successfully]]></system-out>
         <system-err><![CDATA[]]></system-err>
      </testcase>
      <testcase name="Test Cases/All test cases/Wait for element attribute value - SwiftRadio" time="6.871" classname="Test Cases/All test cases/Wait for element attribute value - SwiftRadio" status="PASSED">
         <system-out><![CDATA[2021-09-10 15:13:21 - [TEST_CASE][PASSED] - Test Cases/All test cases/Wait for element attribute value - SwiftRadio: Test Cases/All test cases/Wait for element attribute value - SwiftRadio

2021-09-10 15:13:21 - [TEST_STEP][PASSED] - elem = findTestObject("Object Repository/SwiftRadioApps/Wait for element present/XCUIElementTypeStaticText - Radio 1190"): null

2021-09-10 15:13:21 - [TEST_STEP][PASSED] - Result = waitForElementAttributeValue(elem, "name", "Radio 1190", 20): Object 'Object Repository/SwiftRadioApps/Wait for element present/XCUIElementTypeStaticText - Radio 1190' has attribute 'name' with value 'Radio 1190'

2021-09-10 15:13:22 - [MESSAGE][PASSED] - Object 'Object Repository/SwiftRadioApps/Wait for element present/XCUIElementTypeStaticText - Radio 1190' has attribute 'name' with value 'Radio 1190'

2021-09-10 15:13:22 - [TEST_STEP][PASSED] - verifyEqual(Result, true, STOP_ON_FAILURE): Actual object 'true' and expected object 'true' are equal

2021-09-10 15:13:22 - [MESSAGE][PASSED] - Actual object 'true' and expected object 'true' are equal

2021-09-10 15:13:22 - [TEST_STEP][PASSED] - Start tear down : tearDownTestCase: Method 'tearDownTestCase' complete successfully

2021-09-10 15:13:22 - [TEST_STEP][PASSED] - driver = getDriver(): null

2021-09-10 15:13:22 - [TEST_STEP][PASSED] - driver.resetApp(): null

2021-09-10 15:13:27 - [MESSAGE][PASSED] - Method 'tearDownTestCase' complete successfully]]></system-out>
         <system-err><![CDATA[]]></system-err>
      </testcase>
      <testcase name="Test Cases/All test cases/Verify image present - SwiftRadio" time="8.625" classname="Test Cases/All test cases/Verify image present - SwiftRadio" status="PASSED">
         <system-out><![CDATA[2021-09-10 15:13:27 - [TEST_CASE][PASSED] - Test Cases/All test cases/Verify image present - SwiftRadio: Test Cases/All test cases/Verify image present - SwiftRadio

2021-09-10 15:13:28 - [TEST_STEP][PASSED] - imageFullPath = currentProjDir + imageShortPath: null

2021-09-10 15:13:28 - [TEST_STEP][PASSED] - settings = getDriver(): null

2021-09-10 15:13:28 - [TEST_STEP][PASSED] - settings.setSetting(IMAGE_MATCH_THRESHOLD, 0.2): null

2021-09-10 15:13:28 - [TEST_STEP][PASSED] - try: Image '/Users/loantran/Documents/mobile-samples-iOS/Screenshots/Photo For Keyword Testing/TheRock.png' presents on screen at 11 diffrent locations

2021-09-10 15:13:28 - [TEST_STEP][PASSED] - verifyImagePresent(imageFullPath): Image '/Users/loantran/Documents/mobile-samples-iOS/Screenshots/Photo For Keyword Testing/TheRock.png' presents on screen at 11 diffrent locations

2021-09-10 15:13:29 - [MESSAGE][PASSED] - Image '/Users/loantran/Documents/mobile-samples-iOS/Screenshots/Photo For Keyword Testing/TheRock.png' presents on screen at 11 diffrent locations

2021-09-10 15:13:29 - [TEST_STEP][PASSED] - Start tear down : tearDownTestCase: Method 'tearDownTestCase' complete successfully

2021-09-10 15:13:29 - [TEST_STEP][PASSED] - driver = getDriver(): null

2021-09-10 15:13:29 - [TEST_STEP][PASSED] - driver.resetApp(): null

2021-09-10 15:13:36 - [MESSAGE][PASSED] - Method 'tearDownTestCase' complete successfully]]></system-out>
         <system-err><![CDATA[]]></system-err>
      </testcase>
      <testcase name="Test Cases/All test cases/Find image element - SwiftRadio" time="10.448" classname="Test Cases/All test cases/Find image element - SwiftRadio" status="PASSED">
         <system-out><![CDATA[2021-09-10 15:13:36 - [TEST_CASE][PASSED] - Test Cases/All test cases/Find image element - SwiftRadio: Test Cases/All test cases/Find image element - SwiftRadio

2021-09-10 15:13:37 - [TEST_STEP][PASSED] - imageFullPath = currentProjDir + imageShortPath: null

2021-09-10 15:13:37 - [TEST_STEP][PASSED] - settings = getDriver(): null

2021-09-10 15:13:37 - [TEST_STEP][PASSED] - settings.setSetting(IMAGE_MATCH_THRESHOLD, 0.2): null

2021-09-10 15:13:37 - [TEST_STEP][PASSED] - elem = findImageElement(imageFullPath): Found image '/Users/loantran/Documents/mobile-samples-iOS/Screenshots/Photo For Keyword Testing/TheRock.png' on screen at location (0, 139)

2021-09-10 15:13:40 - [MESSAGE][PASSED] - Found image '/Users/loantran/Documents/mobile-samples-iOS/Screenshots/Photo For Keyword Testing/TheRock.png' on screen at location (0, 139)

2021-09-10 15:13:40 - [TEST_STEP][PASSED] - assertThat(elem).isNotNull(): null

2021-09-10 15:13:40 - [TEST_STEP][PASSED] - Start tear down : tearDownTestCase: Method 'tearDownTestCase' complete successfully

2021-09-10 15:13:40 - [TEST_STEP][PASSED] - driver = getDriver(): null

2021-09-10 15:13:40 - [TEST_STEP][PASSED] - driver.resetApp(): null

2021-09-10 15:13:47 - [MESSAGE][PASSED] - Method 'tearDownTestCase' complete successfully]]></system-out>
         <system-err><![CDATA[]]></system-err>
      </testcase>
      <testcase name="Test Cases/All test cases/Find image elements - SwiftRadio" time="9.756" classname="Test Cases/All test cases/Find image elements - SwiftRadio" status="PASSED">
         <system-out><![CDATA[2021-09-10 15:13:47 - [TEST_CASE][PASSED] - Test Cases/All test cases/Find image elements - SwiftRadio: Test Cases/All test cases/Find image elements - SwiftRadio

2021-09-10 15:13:47 - [TEST_STEP][PASSED] - imageFullPath = currentProjDir + imageShortPath: null

2021-09-10 15:13:47 - [TEST_STEP][PASSED] - settings = getDriver(): null

2021-09-10 15:13:47 - [TEST_STEP][PASSED] - settings.setSetting(IMAGE_MATCH_THRESHOLD, 0.2): null

2021-09-10 15:13:47 - [TEST_STEP][PASSED] - elems = findImageElements(imageFullPath): Found 11 images on screen

2021-09-10 15:13:49 - [MESSAGE][PASSED] - Found 11 images on screen

2021-09-10 15:13:49 - [TEST_STEP][PASSED] - assertThat(elems).isNotNull(): null

2021-09-10 15:13:50 - [TEST_STEP][PASSED] - Start tear down : tearDownTestCase: Method 'tearDownTestCase' complete successfully

2021-09-10 15:13:50 - [TEST_STEP][PASSED] - driver = getDriver(): null

2021-09-10 15:13:50 - [TEST_STEP][PASSED] - driver.resetApp(): null

2021-09-10 15:13:56 - [MESSAGE][PASSED] - Method 'tearDownTestCase' complete successfully]]></system-out>
         <system-err><![CDATA[]]></system-err>
      </testcase>
      <system-out><![CDATA[2021-09-10 15:09:03 - [TEST_SUITE][PASSED] - SwiftRadio application: Test Cases/All test cases/Find image elements - SwiftRadio]]></system-out>
      <system-err><![CDATA[]]></system-err>
   </testsuite>
</testsuites>
